{"__type":"$$EventMessageWorkflow","id":"0fa60fba-44c6-426e-ad80-d9b47171fad7","ts":"2026-01-30T02:19:50.544-05:00","eventName":"n8n.workflow.started","message":"n8n.workflow.started","payload":{"executionId":"39","workflowId":"_ZCyVnsgzIWEYq3x9LFpc","isManual":false,"workflowName":"Module 3.1"}}
{"__type":"$$EventMessageConfirm","confirm":"0fa60fba-44c6-426e-ad80-d9b47171fad7","ts":"2026-01-30T02:19:50.547-05:00","source":{"id":"0","name":"eventBus"}}
{"__type":"$$EventMessageNode","id":"3c9006b3-fa89-467d-bffd-d837f10d2ebf","ts":"2026-01-30T02:19:50.550-05:00","eventName":"n8n.node.started","message":"n8n.node.started","payload":{"workflowId":"_ZCyVnsgzIWEYq3x9LFpc","workflowName":"Module 3.1","executionId":"39","nodeType":"n8n-nodes-base.webhook","nodeName":"Webhook Trigger","nodeId":"120cc02d-6248-4f9f-a93f-28d2b62fc77f"}}
{"__type":"$$EventMessageConfirm","confirm":"3c9006b3-fa89-467d-bffd-d837f10d2ebf","ts":"2026-01-30T02:19:50.550-05:00","source":{"id":"0","name":"eventBus"}}
{"__type":"$$EventMessageNode","id":"06ec2dcd-19c2-471a-b29e-13f06e14e2ab","ts":"2026-01-30T02:19:50.554-05:00","eventName":"n8n.node.finished","message":"n8n.node.finished","payload":{"workflowId":"_ZCyVnsgzIWEYq3x9LFpc","workflowName":"Module 3.1","executionId":"39","nodeType":"n8n-nodes-base.webhook","nodeName":"Webhook Trigger","nodeId":"120cc02d-6248-4f9f-a93f-28d2b62fc77f"}}
{"__type":"$$EventMessageConfirm","confirm":"06ec2dcd-19c2-471a-b29e-13f06e14e2ab","ts":"2026-01-30T02:19:50.554-05:00","source":{"id":"0","name":"eventBus"}}
{"__type":"$$EventMessageNode","id":"7c503373-4504-4d07-ab24-0051f85f44ff","ts":"2026-01-30T02:19:50.555-05:00","eventName":"n8n.node.started","message":"n8n.node.started","payload":{"workflowId":"_ZCyVnsgzIWEYq3x9LFpc","workflowName":"Module 3.1","executionId":"39","nodeType":"n8n-nodes-base.code","nodeName":"Add category","nodeId":"63c8e941-d8b0-43c1-a638-dca0feab7eaa"}}
{"__type":"$$EventMessageConfirm","confirm":"7c503373-4504-4d07-ab24-0051f85f44ff","ts":"2026-01-30T02:19:50.555-05:00","source":{"id":"0","name":"eventBus"}}
{"__type":"$$EventMessageRunner","id":"48a66539-29e0-481b-ae14-d044b527edb1","ts":"2026-01-30T02:19:50.589-05:00","eventName":"n8n.runner.task.requested","message":"n8n.runner.task.requested","payload":{"taskId":"oCOis1xg","nodeId":"63c8e941-d8b0-43c1-a638-dca0feab7eaa","workflowId":"_ZCyVnsgzIWEYq3x9LFpc","executionId":"39"}}
{"__type":"$$EventMessageConfirm","confirm":"48a66539-29e0-481b-ae14-d044b527edb1","ts":"2026-01-30T02:19:50.590-05:00","source":{"id":"0","name":"eventBus"}}
{"__type":"$$EventMessageRunner","id":"e905046e-e354-4c50-96bd-97a5eb382b99","ts":"2026-01-30T02:19:50.991-05:00","eventName":"n8n.runner.response.received","message":"n8n.runner.response.received","payload":{"taskId":"oCOis1xg","nodeId":"63c8e941-d8b0-43c1-a638-dca0feab7eaa","workflowId":"_ZCyVnsgzIWEYq3x9LFpc","executionId":"39"}}
{"__type":"$$EventMessageConfirm","confirm":"e905046e-e354-4c50-96bd-97a5eb382b99","ts":"2026-01-30T02:19:50.991-05:00","source":{"id":"0","name":"eventBus"}}
{"__type":"$$EventMessageNode","id":"da4c0ee5-1a6c-4832-9cf9-344b6150a49e","ts":"2026-01-30T02:19:50.992-05:00","eventName":"n8n.node.finished","message":"n8n.node.finished","payload":{"workflowId":"_ZCyVnsgzIWEYq3x9LFpc","workflowName":"Module 3.1","executionId":"39","nodeType":"n8n-nodes-base.code","nodeName":"Add category","nodeId":"63c8e941-d8b0-43c1-a638-dca0feab7eaa"}}
{"__type":"$$EventMessageConfirm","confirm":"da4c0ee5-1a6c-4832-9cf9-344b6150a49e","ts":"2026-01-30T02:19:50.992-05:00","source":{"id":"0","name":"eventBus"}}
{"__type":"$$EventMessageNode","id":"2c2a307e-257b-4b41-80bf-81335cfa2d24","ts":"2026-01-30T02:19:50.993-05:00","eventName":"n8n.node.started","message":"n8n.node.started","payload":{"workflowId":"_ZCyVnsgzIWEYq3x9LFpc","workflowName":"Module 3.1","executionId":"39","nodeType":"n8n-nodes-base.code","nodeName":"log","nodeId":"e491cc4c-03e8-4763-9c56-064eadedf2e4"}}
{"__type":"$$EventMessageConfirm","confirm":"2c2a307e-257b-4b41-80bf-81335cfa2d24","ts":"2026-01-30T02:19:50.993-05:00","source":{"id":"0","name":"eventBus"}}
{"__type":"$$EventMessageRunner","id":"07e159ff-5331-455b-b035-9f59af0cfc7e","ts":"2026-01-30T02:19:50.995-05:00","eventName":"n8n.runner.task.requested","message":"n8n.runner.task.requested","payload":{"taskId":"BI258eOK","nodeId":"e491cc4c-03e8-4763-9c56-064eadedf2e4","workflowId":"_ZCyVnsgzIWEYq3x9LFpc","executionId":"39"}}
{"__type":"$$EventMessageConfirm","confirm":"07e159ff-5331-455b-b035-9f59af0cfc7e","ts":"2026-01-30T02:19:50.995-05:00","source":{"id":"0","name":"eventBus"}}
{"__type":"$$EventMessageRunner","id":"d3af3e5a-1a57-4652-abd8-378daff58776","ts":"2026-01-30T02:19:51.012-05:00","eventName":"n8n.runner.response.received","message":"n8n.runner.response.received","payload":{"taskId":"BI258eOK","nodeId":"e491cc4c-03e8-4763-9c56-064eadedf2e4","workflowId":"_ZCyVnsgzIWEYq3x9LFpc","executionId":"39"}}
{"__type":"$$EventMessageConfirm","confirm":"d3af3e5a-1a57-4652-abd8-378daff58776","ts":"2026-01-30T02:19:51.012-05:00","source":{"id":"0","name":"eventBus"}}
{"__type":"$$EventMessageNode","id":"45c76b34-973e-4e1f-8872-6389106176ed","ts":"2026-01-30T02:19:51.013-05:00","eventName":"n8n.node.finished","message":"n8n.node.finished","payload":{"workflowId":"_ZCyVnsgzIWEYq3x9LFpc","workflowName":"Module 3.1","executionId":"39","nodeType":"n8n-nodes-base.code","nodeName":"log","nodeId":"e491cc4c-03e8-4763-9c56-064eadedf2e4"}}
{"__type":"$$EventMessageConfirm","confirm":"45c76b34-973e-4e1f-8872-6389106176ed","ts":"2026-01-30T02:19:51.013-05:00","source":{"id":"0","name":"eventBus"}}
{"__type":"$$EventMessageNode","id":"def0ac40-108b-42b0-a0a8-4169a6d2fda1","ts":"2026-01-30T02:19:51.014-05:00","eventName":"n8n.node.started","message":"n8n.node.started","payload":{"workflowId":"_ZCyVnsgzIWEYq3x9LFpc","workflowName":"Module 3.1","executionId":"39","nodeType":"n8n-nodes-base.readWriteFile","nodeName":"Read/Write Files from Disk","nodeId":"2574a39e-9482-4bf7-a951-a8fe3963a991"}}
{"__type":"$$EventMessageConfirm","confirm":"def0ac40-108b-42b0-a0a8-4169a6d2fda1","ts":"2026-01-30T02:19:51.014-05:00","source":{"id":"0","name":"eventBus"}}
{"__type":"$$EventMessageNode","id":"abe18569-a0a8-4c1b-9c0e-602039f73b43","ts":"2026-01-30T02:19:51.059-05:00","eventName":"n8n.node.finished","message":"n8n.node.finished","payload":{"workflowId":"_ZCyVnsgzIWEYq3x9LFpc","workflowName":"Module 3.1","executionId":"39","nodeType":"n8n-nodes-base.readWriteFile","nodeName":"Read/Write Files from Disk","nodeId":"2574a39e-9482-4bf7-a951-a8fe3963a991"}}
{"__type":"$$EventMessageConfirm","confirm":"abe18569-a0a8-4c1b-9c0e-602039f73b43","ts":"2026-01-30T02:19:51.059-05:00","source":{"id":"0","name":"eventBus"}}
{"__type":"$$EventMessageWorkflow","id":"03e2a661-bfe6-4d71-a3a8-3724c40b2c97","ts":"2026-01-30T02:19:51.078-05:00","eventName":"n8n.workflow.failed","message":"n8n.workflow.failed","payload":{"executionId":"39","success":false,"isManual":true,"workflowId":"_ZCyVnsgzIWEYq3x9LFpc","workflowName":"Module 3.1","lastNodeExecuted":"Read/Write Files from Disk","errorNodeType":"n8n-nodes-base.readWriteFile","errorMessage":"This operation expects the node's input data to contain a binary file 'Data Property Name: json', but none was found [item 0]"}}
{"__type":"$$EventMessageConfirm","confirm":"03e2a661-bfe6-4d71-a3a8-3724c40b2c97","ts":"2026-01-30T02:19:51.079-05:00","source":{"id":"0","name":"eventBus"}}
{"__type":"$$EventMessageWorkflow","id":"9b1685d4-7677-40b0-b17d-a773b2713b87","ts":"2026-01-30T02:34:57.486-05:00","eventName":"n8n.workflow.started","message":"n8n.workflow.started","payload":{"executionId":"40","workflowId":"_ZCyVnsgzIWEYq3x9LFpc","isManual":false,"workflowName":"Module 3.1"}}
{"__type":"$$EventMessageConfirm","confirm":"9b1685d4-7677-40b0-b17d-a773b2713b87","ts":"2026-01-30T02:34:57.487-05:00","source":{"id":"0","name":"eventBus"}}
{"__type":"$$EventMessageNode","id":"2ff9905e-1a23-41ba-a8aa-d015ded9b685","ts":"2026-01-30T02:34:57.488-05:00","eventName":"n8n.node.started","message":"n8n.node.started","payload":{"workflowId":"_ZCyVnsgzIWEYq3x9LFpc","workflowName":"Module 3.1","executionId":"40","nodeType":"n8n-nodes-base.webhook","nodeName":"Webhook Trigger","nodeId":"120cc02d-6248-4f9f-a93f-28d2b62fc77f"}}
{"__type":"$$EventMessageConfirm","confirm":"2ff9905e-1a23-41ba-a8aa-d015ded9b685","ts":"2026-01-30T02:34:57.488-05:00","source":{"id":"0","name":"eventBus"}}
{"__type":"$$EventMessageNode","id":"ef3ed1c7-c62d-4a73-b584-3727271225d9","ts":"2026-01-30T02:34:57.489-05:00","eventName":"n8n.node.finished","message":"n8n.node.finished","payload":{"workflowId":"_ZCyVnsgzIWEYq3x9LFpc","workflowName":"Module 3.1","executionId":"40","nodeType":"n8n-nodes-base.webhook","nodeName":"Webhook Trigger","nodeId":"120cc02d-6248-4f9f-a93f-28d2b62fc77f"}}
{"__type":"$$EventMessageConfirm","confirm":"ef3ed1c7-c62d-4a73-b584-3727271225d9","ts":"2026-01-30T02:34:57.489-05:00","source":{"id":"0","name":"eventBus"}}
{"__type":"$$EventMessageNode","id":"673609a1-c577-4750-8af0-de3935a51ff0","ts":"2026-01-30T02:34:57.491-05:00","eventName":"n8n.node.started","message":"n8n.node.started","payload":{"workflowId":"_ZCyVnsgzIWEYq3x9LFpc","workflowName":"Module 3.1","executionId":"40","nodeType":"n8n-nodes-base.code","nodeName":"Add category","nodeId":"63c8e941-d8b0-43c1-a638-dca0feab7eaa"}}
{"__type":"$$EventMessageConfirm","confirm":"673609a1-c577-4750-8af0-de3935a51ff0","ts":"2026-01-30T02:34:57.491-05:00","source":{"id":"0","name":"eventBus"}}
{"__type":"$$EventMessageRunner","id":"6d151497-de91-459f-b8d3-dd3e95f2dace","ts":"2026-01-30T02:34:57.496-05:00","eventName":"n8n.runner.task.requested","message":"n8n.runner.task.requested","payload":{"taskId":"uWrWZJFB","nodeId":"63c8e941-d8b0-43c1-a638-dca0feab7eaa","workflowId":"_ZCyVnsgzIWEYq3x9LFpc","executionId":"40"}}
{"__type":"$$EventMessageConfirm","confirm":"6d151497-de91-459f-b8d3-dd3e95f2dace","ts":"2026-01-30T02:34:57.496-05:00","source":{"id":"0","name":"eventBus"}}
{"__type":"$$EventMessageRunner","id":"c33a33b1-05a9-4f36-87c6-2efce0aac63a","ts":"2026-01-30T02:34:57.546-05:00","eventName":"n8n.runner.response.received","message":"n8n.runner.response.received","payload":{"taskId":"uWrWZJFB","nodeId":"63c8e941-d8b0-43c1-a638-dca0feab7eaa","workflowId":"_ZCyVnsgzIWEYq3x9LFpc","executionId":"40"}}
{"__type":"$$EventMessageConfirm","confirm":"c33a33b1-05a9-4f36-87c6-2efce0aac63a","ts":"2026-01-30T02:34:57.547-05:00","source":{"id":"0","name":"eventBus"}}
{"__type":"$$EventMessageNode","id":"0d2dd46e-12e9-478d-83ca-ffa92e446a02","ts":"2026-01-30T02:34:57.547-05:00","eventName":"n8n.node.finished","message":"n8n.node.finished","payload":{"workflowId":"_ZCyVnsgzIWEYq3x9LFpc","workflowName":"Module 3.1","executionId":"40","nodeType":"n8n-nodes-base.code","nodeName":"Add category","nodeId":"63c8e941-d8b0-43c1-a638-dca0feab7eaa"}}
{"__type":"$$EventMessageConfirm","confirm":"0d2dd46e-12e9-478d-83ca-ffa92e446a02","ts":"2026-01-30T02:34:57.547-05:00","source":{"id":"0","name":"eventBus"}}
{"__type":"$$EventMessageNode","id":"c6f33fbc-9cc3-49a9-b55b-f819359d4007","ts":"2026-01-30T02:34:57.548-05:00","eventName":"n8n.node.started","message":"n8n.node.started","payload":{"workflowId":"_ZCyVnsgzIWEYq3x9LFpc","workflowName":"Module 3.1","executionId":"40","nodeType":"n8n-nodes-base.code","nodeName":"log","nodeId":"e491cc4c-03e8-4763-9c56-064eadedf2e4"}}
{"__type":"$$EventMessageConfirm","confirm":"c6f33fbc-9cc3-49a9-b55b-f819359d4007","ts":"2026-01-30T02:34:57.548-05:00","source":{"id":"0","name":"eventBus"}}
{"__type":"$$EventMessageRunner","id":"eda8e5e8-490c-4401-a215-b6306406d691","ts":"2026-01-30T02:34:57.552-05:00","eventName":"n8n.runner.task.requested","message":"n8n.runner.task.requested","payload":{"taskId":"sZ3E3IXG","nodeId":"e491cc4c-03e8-4763-9c56-064eadedf2e4","workflowId":"_ZCyVnsgzIWEYq3x9LFpc","executionId":"40"}}
{"__type":"$$EventMessageConfirm","confirm":"eda8e5e8-490c-4401-a215-b6306406d691","ts":"2026-01-30T02:34:57.552-05:00","source":{"id":"0","name":"eventBus"}}
{"__type":"$$EventMessageRunner","id":"c79b83b9-2543-4ca1-907e-ac2d794f80dc","ts":"2026-01-30T02:34:57.558-05:00","eventName":"n8n.runner.response.received","message":"n8n.runner.response.received","payload":{"taskId":"sZ3E3IXG","nodeId":"e491cc4c-03e8-4763-9c56-064eadedf2e4","workflowId":"_ZCyVnsgzIWEYq3x9LFpc","executionId":"40"}}
{"__type":"$$EventMessageConfirm","confirm":"c79b83b9-2543-4ca1-907e-ac2d794f80dc","ts":"2026-01-30T02:34:57.558-05:00","source":{"id":"0","name":"eventBus"}}
{"__type":"$$EventMessageNode","id":"ca20a919-65ec-4d98-b4e6-5afb9e11095c","ts":"2026-01-30T02:34:57.558-05:00","eventName":"n8n.node.finished","message":"n8n.node.finished","payload":{"workflowId":"_ZCyVnsgzIWEYq3x9LFpc","workflowName":"Module 3.1","executionId":"40","nodeType":"n8n-nodes-base.code","nodeName":"log","nodeId":"e491cc4c-03e8-4763-9c56-064eadedf2e4"}}
{"__type":"$$EventMessageConfirm","confirm":"ca20a919-65ec-4d98-b4e6-5afb9e11095c","ts":"2026-01-30T02:34:57.558-05:00","source":{"id":"0","name":"eventBus"}}
{"__type":"$$EventMessageNode","id":"ffde387a-1749-4e4e-a916-873ff2535b1f","ts":"2026-01-30T02:34:57.560-05:00","eventName":"n8n.node.started","message":"n8n.node.started","payload":{"workflowId":"_ZCyVnsgzIWEYq3x9LFpc","workflowName":"Module 3.1","executionId":"40","nodeType":"n8n-nodes-base.code","nodeName":"file saving","nodeId":"5b45a932-3c65-415a-a7f5-a4bb447b948c"}}
{"__type":"$$EventMessageConfirm","confirm":"ffde387a-1749-4e4e-a916-873ff2535b1f","ts":"2026-01-30T02:34:57.560-05:00","source":{"id":"0","name":"eventBus"}}
{"__type":"$$EventMessageRunner","id":"58a366d3-3141-41cf-b27f-2b5661fb6d6f","ts":"2026-01-30T02:34:57.561-05:00","eventName":"n8n.runner.task.requested","message":"n8n.runner.task.requested","payload":{"taskId":"PvsqqODi","nodeId":"5b45a932-3c65-415a-a7f5-a4bb447b948c","workflowId":"_ZCyVnsgzIWEYq3x9LFpc","executionId":"40"}}
{"__type":"$$EventMessageConfirm","confirm":"58a366d3-3141-41cf-b27f-2b5661fb6d6f","ts":"2026-01-30T02:34:57.561-05:00","source":{"id":"0","name":"eventBus"}}
{"__type":"$$EventMessageRunner","id":"89a5b676-7f66-40ca-8341-5d2d01c61453","ts":"2026-01-30T02:34:57.607-05:00","eventName":"n8n.runner.response.received","message":"n8n.runner.response.received","payload":{"taskId":"PvsqqODi","nodeId":"5b45a932-3c65-415a-a7f5-a4bb447b948c","workflowId":"_ZCyVnsgzIWEYq3x9LFpc","executionId":"40"}}
{"__type":"$$EventMessageConfirm","confirm":"89a5b676-7f66-40ca-8341-5d2d01c61453","ts":"2026-01-30T02:34:57.607-05:00","source":{"id":"0","name":"eventBus"}}
{"__type":"$$EventMessageNode","id":"e4265f9f-ebd7-4e92-b128-c7bfe0863e92","ts":"2026-01-30T02:34:57.607-05:00","eventName":"n8n.node.finished","message":"n8n.node.finished","payload":{"workflowId":"_ZCyVnsgzIWEYq3x9LFpc","workflowName":"Module 3.1","executionId":"40","nodeType":"n8n-nodes-base.code","nodeName":"file saving","nodeId":"5b45a932-3c65-415a-a7f5-a4bb447b948c"}}
{"__type":"$$EventMessageConfirm","confirm":"e4265f9f-ebd7-4e92-b128-c7bfe0863e92","ts":"2026-01-30T02:34:57.607-05:00","source":{"id":"0","name":"eventBus"}}
{"__type":"$$EventMessageWorkflow","id":"6ff379bb-fc5f-426e-804f-4dcb972fa731","ts":"2026-01-30T02:34:57.612-05:00","eventName":"n8n.workflow.success","message":"n8n.workflow.success","payload":{"executionId":"40","success":true,"isManual":true,"workflowId":"_ZCyVnsgzIWEYq3x9LFpc","workflowName":"Module 3.1"}}
{"__type":"$$EventMessageConfirm","confirm":"6ff379bb-fc5f-426e-804f-4dcb972fa731","ts":"2026-01-30T02:34:57.613-05:00","source":{"id":"0","name":"eventBus"}}
{"__type":"$$EventMessageAudit","id":"f50d223d-ed4f-4113-bd52-1fd950dafa47","ts":"2026-01-30T02:40:34.285-05:00","eventName":"n8n.audit.workflow.updated","message":"n8n.audit.workflow.updated","payload":{"userId":"c35fb34b-a2a8-4a9d-b01e-85bc0b8b53c6","_email":"danchenko57@gmail.com","_firstName":"Danchenko","_lastName":"Vyacheslav","globalRole":"global:owner","workflowId":"_ZCyVnsgzIWEYq3x9LFpc","workflowName":"Module 3.1"}}
{"__type":"$$EventMessageConfirm","confirm":"f50d223d-ed4f-4113-bd52-1fd950dafa47","ts":"2026-01-30T02:40:34.286-05:00","source":{"id":"0","name":"eventBus"}}
{"__type":"$$EventMessageAudit","id":"ef50b8c0-474e-473a-aa94-f9706dc491db","ts":"2026-01-30T02:40:39.317-05:00","eventName":"n8n.audit.workflow.activated","message":"n8n.audit.workflow.activated","payload":{"userId":"c35fb34b-a2a8-4a9d-b01e-85bc0b8b53c6","_email":"danchenko57@gmail.com","_firstName":"Danchenko","_lastName":"Vyacheslav","globalRole":"global:owner","workflowId":"_ZCyVnsgzIWEYq3x9LFpc","workflowName":"Module 3.1","activeVersionId":"8abc452a-a0e0-434e-a225-c8cd3e7789fb"}}
{"__type":"$$EventMessageConfirm","confirm":"ef50b8c0-474e-473a-aa94-f9706dc491db","ts":"2026-01-30T02:40:39.317-05:00","source":{"id":"0","name":"eventBus"}}
{"__type":"$$EventMessageWorkflow","id":"839b61dd-8545-45ea-a875-df290ade1897","ts":"2026-01-30T02:40:50.265-05:00","eventName":"n8n.workflow.started","message":"n8n.workflow.started","payload":{"executionId":"41","workflowId":"_ZCyVnsgzIWEYq3x9LFpc","isManual":false,"workflowName":"Module 3.1"}}
{"__type":"$$EventMessageConfirm","confirm":"839b61dd-8545-45ea-a875-df290ade1897","ts":"2026-01-30T02:40:50.265-05:00","source":{"id":"0","name":"eventBus"}}
{"__type":"$$EventMessageNode","id":"44070d00-8432-4af4-92eb-e1ce8d97f1a5","ts":"2026-01-30T02:40:50.266-05:00","eventName":"n8n.node.started","message":"n8n.node.started","payload":{"workflowId":"_ZCyVnsgzIWEYq3x9LFpc","workflowName":"Module 3.1","executionId":"41","nodeType":"n8n-nodes-base.webhook","nodeName":"Webhook Trigger","nodeId":"120cc02d-6248-4f9f-a93f-28d2b62fc77f"}}
{"__type":"$$EventMessageConfirm","confirm":"44070d00-8432-4af4-92eb-e1ce8d97f1a5","ts":"2026-01-30T02:40:50.266-05:00","source":{"id":"0","name":"eventBus"}}
{"__type":"$$EventMessageNode","id":"8892daf6-2e0b-4c40-b03d-1d8a3c63f70f","ts":"2026-01-30T02:40:50.266-05:00","eventName":"n8n.node.finished","message":"n8n.node.finished","payload":{"workflowId":"_ZCyVnsgzIWEYq3x9LFpc","workflowName":"Module 3.1","executionId":"41","nodeType":"n8n-nodes-base.webhook","nodeName":"Webhook Trigger","nodeId":"120cc02d-6248-4f9f-a93f-28d2b62fc77f"}}
{"__type":"$$EventMessageConfirm","confirm":"8892daf6-2e0b-4c40-b03d-1d8a3c63f70f","ts":"2026-01-30T02:40:50.266-05:00","source":{"id":"0","name":"eventBus"}}
{"__type":"$$EventMessageNode","id":"a0dc0650-d030-4ef8-848e-3a7f1c247b83","ts":"2026-01-30T02:40:50.267-05:00","eventName":"n8n.node.started","message":"n8n.node.started","payload":{"workflowId":"_ZCyVnsgzIWEYq3x9LFpc","workflowName":"Module 3.1","executionId":"41","nodeType":"n8n-nodes-base.code","nodeName":"Add category","nodeId":"63c8e941-d8b0-43c1-a638-dca0feab7eaa"}}
{"__type":"$$EventMessageConfirm","confirm":"a0dc0650-d030-4ef8-848e-3a7f1c247b83","ts":"2026-01-30T02:40:50.267-05:00","source":{"id":"0","name":"eventBus"}}
{"__type":"$$EventMessageRunner","id":"12cc6dbf-6199-42b4-b68c-72b688cf1b47","ts":"2026-01-30T02:40:50.270-05:00","eventName":"n8n.runner.task.requested","message":"n8n.runner.task.requested","payload":{"taskId":"-Scp0UdM","nodeId":"63c8e941-d8b0-43c1-a638-dca0feab7eaa","workflowId":"_ZCyVnsgzIWEYq3x9LFpc","executionId":"41"}}
{"__type":"$$EventMessageConfirm","confirm":"12cc6dbf-6199-42b4-b68c-72b688cf1b47","ts":"2026-01-30T02:40:50.270-05:00","source":{"id":"0","name":"eventBus"}}
{"__type":"$$EventMessageRunner","id":"2dac8400-57db-46af-949c-4371d77453ac","ts":"2026-01-30T02:40:50.289-05:00","eventName":"n8n.runner.response.received","message":"n8n.runner.response.received","payload":{"taskId":"-Scp0UdM","nodeId":"63c8e941-d8b0-43c1-a638-dca0feab7eaa","workflowId":"_ZCyVnsgzIWEYq3x9LFpc","executionId":"41"}}
{"__type":"$$EventMessageConfirm","confirm":"2dac8400-57db-46af-949c-4371d77453ac","ts":"2026-01-30T02:40:50.290-05:00","source":{"id":"0","name":"eventBus"}}
{"__type":"$$EventMessageNode","id":"07c2358f-8266-48db-98f4-208c8cd91981","ts":"2026-01-30T02:40:50.290-05:00","eventName":"n8n.node.finished","message":"n8n.node.finished","payload":{"workflowId":"_ZCyVnsgzIWEYq3x9LFpc","workflowName":"Module 3.1","executionId":"41","nodeType":"n8n-nodes-base.code","nodeName":"Add category","nodeId":"63c8e941-d8b0-43c1-a638-dca0feab7eaa"}}
{"__type":"$$EventMessageConfirm","confirm":"07c2358f-8266-48db-98f4-208c8cd91981","ts":"2026-01-30T02:40:50.290-05:00","source":{"id":"0","name":"eventBus"}}
{"__type":"$$EventMessageNode","id":"9cbf8de6-c564-4a98-a667-f51eb40a507e","ts":"2026-01-30T02:40:50.291-05:00","eventName":"n8n.node.started","message":"n8n.node.started","payload":{"workflowId":"_ZCyVnsgzIWEYq3x9LFpc","workflowName":"Module 3.1","executionId":"41","nodeType":"n8n-nodes-base.code","nodeName":"log","nodeId":"e491cc4c-03e8-4763-9c56-064eadedf2e4"}}
{"__type":"$$EventMessageConfirm","confirm":"9cbf8de6-c564-4a98-a667-f51eb40a507e","ts":"2026-01-30T02:40:50.291-05:00","source":{"id":"0","name":"eventBus"}}
{"__type":"$$EventMessageRunner","id":"8586c4b5-ba13-4959-94ed-86871e90b792","ts":"2026-01-30T02:40:50.292-05:00","eventName":"n8n.runner.task.requested","message":"n8n.runner.task.requested","payload":{"taskId":"5fZsmHoV","nodeId":"e491cc4c-03e8-4763-9c56-064eadedf2e4","workflowId":"_ZCyVnsgzIWEYq3x9LFpc","executionId":"41"}}
{"__type":"$$EventMessageConfirm","confirm":"8586c4b5-ba13-4959-94ed-86871e90b792","ts":"2026-01-30T02:40:50.292-05:00","source":{"id":"0","name":"eventBus"}}
{"__type":"$$EventMessageRunner","id":"5b9b3a41-a1a7-4313-903c-52e83d20b84f","ts":"2026-01-30T02:40:50.314-05:00","eventName":"n8n.runner.response.received","message":"n8n.runner.response.received","payload":{"taskId":"5fZsmHoV","nodeId":"e491cc4c-03e8-4763-9c56-064eadedf2e4","workflowId":"_ZCyVnsgzIWEYq3x9LFpc","executionId":"41"}}
{"__type":"$$EventMessageConfirm","confirm":"5b9b3a41-a1a7-4313-903c-52e83d20b84f","ts":"2026-01-30T02:40:50.315-05:00","source":{"id":"0","name":"eventBus"}}
{"__type":"$$EventMessageNode","id":"e1ad8a01-4d3c-4aea-9aa0-439819ce01bd","ts":"2026-01-30T02:40:50.315-05:00","eventName":"n8n.node.finished","message":"n8n.node.finished","payload":{"workflowId":"_ZCyVnsgzIWEYq3x9LFpc","workflowName":"Module 3.1","executionId":"41","nodeType":"n8n-nodes-base.code","nodeName":"log","nodeId":"e491cc4c-03e8-4763-9c56-064eadedf2e4"}}
{"__type":"$$EventMessageConfirm","confirm":"e1ad8a01-4d3c-4aea-9aa0-439819ce01bd","ts":"2026-01-30T02:40:50.315-05:00","source":{"id":"0","name":"eventBus"}}
{"__type":"$$EventMessageNode","id":"88b30abe-911d-4596-b70e-81ab88d24409","ts":"2026-01-30T02:40:50.317-05:00","eventName":"n8n.node.started","message":"n8n.node.started","payload":{"workflowId":"_ZCyVnsgzIWEYq3x9LFpc","workflowName":"Module 3.1","executionId":"41","nodeType":"n8n-nodes-base.code","nodeName":"file saving","nodeId":"5b45a932-3c65-415a-a7f5-a4bb447b948c"}}
{"__type":"$$EventMessageConfirm","confirm":"88b30abe-911d-4596-b70e-81ab88d24409","ts":"2026-01-30T02:40:50.317-05:00","source":{"id":"0","name":"eventBus"}}
{"__type":"$$EventMessageRunner","id":"72365d49-42df-48d1-abc5-6b7a6e24e685","ts":"2026-01-30T02:40:50.320-05:00","eventName":"n8n.runner.task.requested","message":"n8n.runner.task.requested","payload":{"taskId":"gHDBEoEe","nodeId":"5b45a932-3c65-415a-a7f5-a4bb447b948c","workflowId":"_ZCyVnsgzIWEYq3x9LFpc","executionId":"41"}}
{"__type":"$$EventMessageConfirm","confirm":"72365d49-42df-48d1-abc5-6b7a6e24e685","ts":"2026-01-30T02:40:50.320-05:00","source":{"id":"0","name":"eventBus"}}
{"__type":"$$EventMessageRunner","id":"6f09080d-57cb-47d1-aa01-24098efa82ff","ts":"2026-01-30T02:40:50.347-05:00","eventName":"n8n.runner.response.received","message":"n8n.runner.response.received","payload":{"taskId":"gHDBEoEe","nodeId":"5b45a932-3c65-415a-a7f5-a4bb447b948c","workflowId":"_ZCyVnsgzIWEYq3x9LFpc","executionId":"41"}}
{"__type":"$$EventMessageConfirm","confirm":"6f09080d-57cb-47d1-aa01-24098efa82ff","ts":"2026-01-30T02:40:50.347-05:00","source":{"id":"0","name":"eventBus"}}
{"__type":"$$EventMessageNode","id":"b4332505-37f7-4856-943c-3808b5b1a387","ts":"2026-01-30T02:40:50.348-05:00","eventName":"n8n.node.finished","message":"n8n.node.finished","payload":{"workflowId":"_ZCyVnsgzIWEYq3x9LFpc","workflowName":"Module 3.1","executionId":"41","nodeType":"n8n-nodes-base.code","nodeName":"file saving","nodeId":"5b45a932-3c65-415a-a7f5-a4bb447b948c"}}
{"__type":"$$EventMessageConfirm","confirm":"b4332505-37f7-4856-943c-3808b5b1a387","ts":"2026-01-30T02:40:50.348-05:00","source":{"id":"0","name":"eventBus"}}
{"__type":"$$EventMessageWorkflow","id":"87b8a8d8-2bd8-420a-82c4-49ee6f0d3921","ts":"2026-01-30T02:40:50.350-05:00","eventName":"n8n.workflow.success","message":"n8n.workflow.success","payload":{"executionId":"41","success":true,"isManual":true,"workflowId":"_ZCyVnsgzIWEYq3x9LFpc","workflowName":"Module 3.1"}}
{"__type":"$$EventMessageConfirm","confirm":"87b8a8d8-2bd8-420a-82c4-49ee6f0d3921","ts":"2026-01-30T02:40:50.350-05:00","source":{"id":"0","name":"eventBus"}}
{"__type":"$$EventMessageWorkflow","id":"607489da-b0ff-490c-b3bd-f7c365ef8e98","ts":"2026-01-30T02:47:38.160-05:00","eventName":"n8n.workflow.started","message":"n8n.workflow.started","payload":{"executionId":"42","workflowId":"_ZCyVnsgzIWEYq3x9LFpc","isManual":false,"workflowName":"Module 3.1"}}
{"__type":"$$EventMessageConfirm","confirm":"607489da-b0ff-490c-b3bd-f7c365ef8e98","ts":"2026-01-30T02:47:38.161-05:00","source":{"id":"0","name":"eventBus"}}
{"__type":"$$EventMessageNode","id":"de33eb04-22ca-4d08-a42f-99b903fb0f53","ts":"2026-01-30T02:47:38.161-05:00","eventName":"n8n.node.started","message":"n8n.node.started","payload":{"workflowId":"_ZCyVnsgzIWEYq3x9LFpc","workflowName":"Module 3.1","executionId":"42","nodeType":"n8n-nodes-base.webhook","nodeName":"Webhook Trigger","nodeId":"120cc02d-6248-4f9f-a93f-28d2b62fc77f"}}
{"__type":"$$EventMessageConfirm","confirm":"de33eb04-22ca-4d08-a42f-99b903fb0f53","ts":"2026-01-30T02:47:38.161-05:00","source":{"id":"0","name":"eventBus"}}
{"__type":"$$EventMessageNode","id":"91a1dcd9-be0e-4598-8efb-e8fe7f21c24b","ts":"2026-01-30T02:47:38.162-05:00","eventName":"n8n.node.finished","message":"n8n.node.finished","payload":{"workflowId":"_ZCyVnsgzIWEYq3x9LFpc","workflowName":"Module 3.1","executionId":"42","nodeType":"n8n-nodes-base.webhook","nodeName":"Webhook Trigger","nodeId":"120cc02d-6248-4f9f-a93f-28d2b62fc77f"}}
{"__type":"$$EventMessageConfirm","confirm":"91a1dcd9-be0e-4598-8efb-e8fe7f21c24b","ts":"2026-01-30T02:47:38.162-05:00","source":{"id":"0","name":"eventBus"}}
{"__type":"$$EventMessageNode","id":"3c3bd04a-8207-453d-842f-bd24fbf7afce","ts":"2026-01-30T02:47:38.162-05:00","eventName":"n8n.node.started","message":"n8n.node.started","payload":{"workflowId":"_ZCyVnsgzIWEYq3x9LFpc","workflowName":"Module 3.1","executionId":"42","nodeType":"n8n-nodes-base.code","nodeName":"Add category","nodeId":"63c8e941-d8b0-43c1-a638-dca0feab7eaa"}}
{"__type":"$$EventMessageConfirm","confirm":"3c3bd04a-8207-453d-842f-bd24fbf7afce","ts":"2026-01-30T02:47:38.162-05:00","source":{"id":"0","name":"eventBus"}}
{"__type":"$$EventMessageRunner","id":"cc4242a4-aef1-4415-bc37-3d60f07845f1","ts":"2026-01-30T02:47:38.167-05:00","eventName":"n8n.runner.task.requested","message":"n8n.runner.task.requested","payload":{"taskId":"aSGCS1Bd","nodeId":"63c8e941-d8b0-43c1-a638-dca0feab7eaa","workflowId":"_ZCyVnsgzIWEYq3x9LFpc","executionId":"42"}}
{"__type":"$$EventMessageConfirm","confirm":"cc4242a4-aef1-4415-bc37-3d60f07845f1","ts":"2026-01-30T02:47:38.167-05:00","source":{"id":"0","name":"eventBus"}}
{"__type":"$$EventMessageRunner","id":"dd3c5226-c8f9-4cbe-b67f-759448d09325","ts":"2026-01-30T02:47:38.201-05:00","eventName":"n8n.runner.response.received","message":"n8n.runner.response.received","payload":{"taskId":"aSGCS1Bd","nodeId":"63c8e941-d8b0-43c1-a638-dca0feab7eaa","workflowId":"_ZCyVnsgzIWEYq3x9LFpc","executionId":"42"}}
{"__type":"$$EventMessageConfirm","confirm":"dd3c5226-c8f9-4cbe-b67f-759448d09325","ts":"2026-01-30T02:47:38.201-05:00","source":{"id":"0","name":"eventBus"}}
{"__type":"$$EventMessageNode","id":"1a3f41be-02fc-4304-8038-e693f00c911c","ts":"2026-01-30T02:47:38.201-05:00","eventName":"n8n.node.finished","message":"n8n.node.finished","payload":{"workflowId":"_ZCyVnsgzIWEYq3x9LFpc","workflowName":"Module 3.1","executionId":"42","nodeType":"n8n-nodes-base.code","nodeName":"Add category","nodeId":"63c8e941-d8b0-43c1-a638-dca0feab7eaa"}}
{"__type":"$$EventMessageConfirm","confirm":"1a3f41be-02fc-4304-8038-e693f00c911c","ts":"2026-01-30T02:47:38.201-05:00","source":{"id":"0","name":"eventBus"}}
{"__type":"$$EventMessageNode","id":"e131906c-6eaf-43e6-a4eb-ed9d1fd8adc4","ts":"2026-01-30T02:47:38.202-05:00","eventName":"n8n.node.started","message":"n8n.node.started","payload":{"workflowId":"_ZCyVnsgzIWEYq3x9LFpc","workflowName":"Module 3.1","executionId":"42","nodeType":"n8n-nodes-base.code","nodeName":"log","nodeId":"e491cc4c-03e8-4763-9c56-064eadedf2e4"}}
{"__type":"$$EventMessageConfirm","confirm":"e131906c-6eaf-43e6-a4eb-ed9d1fd8adc4","ts":"2026-01-30T02:47:38.202-05:00","source":{"id":"0","name":"eventBus"}}
{"__type":"$$EventMessageRunner","id":"172dd636-6821-4577-b731-53bc32c32421","ts":"2026-01-30T02:47:38.205-05:00","eventName":"n8n.runner.task.requested","message":"n8n.runner.task.requested","payload":{"taskId":"YDXo8Gba","nodeId":"e491cc4c-03e8-4763-9c56-064eadedf2e4","workflowId":"_ZCyVnsgzIWEYq3x9LFpc","executionId":"42"}}
{"__type":"$$EventMessageConfirm","confirm":"172dd636-6821-4577-b731-53bc32c32421","ts":"2026-01-30T02:47:38.206-05:00","source":{"id":"0","name":"eventBus"}}
{"__type":"$$EventMessageRunner","id":"71ed442d-7140-4757-a030-00ac9ee14e2f","ts":"2026-01-30T02:47:38.217-05:00","eventName":"n8n.runner.response.received","message":"n8n.runner.response.received","payload":{"taskId":"YDXo8Gba","nodeId":"e491cc4c-03e8-4763-9c56-064eadedf2e4","workflowId":"_ZCyVnsgzIWEYq3x9LFpc","executionId":"42"}}
{"__type":"$$EventMessageConfirm","confirm":"71ed442d-7140-4757-a030-00ac9ee14e2f","ts":"2026-01-30T02:47:38.217-05:00","source":{"id":"0","name":"eventBus"}}
{"__type":"$$EventMessageNode","id":"8d5347c7-e2e6-40a0-ae13-cf91806d14ab","ts":"2026-01-30T02:47:38.218-05:00","eventName":"n8n.node.finished","message":"n8n.node.finished","payload":{"workflowId":"_ZCyVnsgzIWEYq3x9LFpc","workflowName":"Module 3.1","executionId":"42","nodeType":"n8n-nodes-base.code","nodeName":"log","nodeId":"e491cc4c-03e8-4763-9c56-064eadedf2e4"}}
{"__type":"$$EventMessageConfirm","confirm":"8d5347c7-e2e6-40a0-ae13-cf91806d14ab","ts":"2026-01-30T02:47:38.218-05:00","source":{"id":"0","name":"eventBus"}}
{"__type":"$$EventMessageNode","id":"aa08e27b-2300-45b2-bb7d-3a37710c17d2","ts":"2026-01-30T02:47:38.218-05:00","eventName":"n8n.node.started","message":"n8n.node.started","payload":{"workflowId":"_ZCyVnsgzIWEYq3x9LFpc","workflowName":"Module 3.1","executionId":"42","nodeType":"n8n-nodes-base.code","nodeName":"file saving","nodeId":"5b45a932-3c65-415a-a7f5-a4bb447b948c"}}
{"__type":"$$EventMessageConfirm","confirm":"aa08e27b-2300-45b2-bb7d-3a37710c17d2","ts":"2026-01-30T02:47:38.218-05:00","source":{"id":"0","name":"eventBus"}}
{"__type":"$$EventMessageRunner","id":"5a4fad18-a2f1-4266-b4b9-cb3d13f1d208","ts":"2026-01-30T02:47:38.219-05:00","eventName":"n8n.runner.task.requested","message":"n8n.runner.task.requested","payload":{"taskId":"jaZ1H7zY","nodeId":"5b45a932-3c65-415a-a7f5-a4bb447b948c","workflowId":"_ZCyVnsgzIWEYq3x9LFpc","executionId":"42"}}
{"__type":"$$EventMessageConfirm","confirm":"5a4fad18-a2f1-4266-b4b9-cb3d13f1d208","ts":"2026-01-30T02:47:38.219-05:00","source":{"id":"0","name":"eventBus"}}
{"__type":"$$EventMessageRunner","id":"5d4c1512-4d56-4ae0-90f3-c2a5310ce31a","ts":"2026-01-30T02:47:38.242-05:00","eventName":"n8n.runner.response.received","message":"n8n.runner.response.received","payload":{"taskId":"jaZ1H7zY","nodeId":"5b45a932-3c65-415a-a7f5-a4bb447b948c","workflowId":"_ZCyVnsgzIWEYq3x9LFpc","executionId":"42"}}
{"__type":"$$EventMessageConfirm","confirm":"5d4c1512-4d56-4ae0-90f3-c2a5310ce31a","ts":"2026-01-30T02:47:38.242-05:00","source":{"id":"0","name":"eventBus"}}
{"__type":"$$EventMessageNode","id":"cc842062-a941-4880-b3a5-b8edb50e29a9","ts":"2026-01-30T02:47:38.242-05:00","eventName":"n8n.node.finished","message":"n8n.node.finished","payload":{"workflowId":"_ZCyVnsgzIWEYq3x9LFpc","workflowName":"Module 3.1","executionId":"42","nodeType":"n8n-nodes-base.code","nodeName":"file saving","nodeId":"5b45a932-3c65-415a-a7f5-a4bb447b948c"}}
{"__type":"$$EventMessageConfirm","confirm":"cc842062-a941-4880-b3a5-b8edb50e29a9","ts":"2026-01-30T02:47:38.242-05:00","source":{"id":"0","name":"eventBus"}}
{"__type":"$$EventMessageWorkflow","id":"c35e8f6f-1fb4-458e-8348-4333bb90fe20","ts":"2026-01-30T02:47:38.246-05:00","eventName":"n8n.workflow.success","message":"n8n.workflow.success","payload":{"executionId":"42","success":true,"isManual":true,"workflowId":"_ZCyVnsgzIWEYq3x9LFpc","workflowName":"Module 3.1"}}
{"__type":"$$EventMessageConfirm","confirm":"c35e8f6f-1fb4-458e-8348-4333bb90fe20","ts":"2026-01-30T02:47:38.246-05:00","source":{"id":"0","name":"eventBus"}}
{"__type":"$$EventMessageAudit","id":"0ab81407-c057-4b96-a6c7-f4619efd5afe","ts":"2026-01-30T07:59:32.840-05:00","eventName":"n8n.audit.workflow.updated","message":"n8n.audit.workflow.updated","payload":{"userId":"c35fb34b-a2a8-4a9d-b01e-85bc0b8b53c6","_email":"danchenko57@gmail.com","_firstName":"Danchenko","_lastName":"Vyacheslav","globalRole":"global:owner","workflowId":"_ZCyVnsgzIWEYq3x9LFpc","workflowName":"Module 3.1"}}
{"__type":"$$EventMessageConfirm","confirm":"0ab81407-c057-4b96-a6c7-f4619efd5afe","ts":"2026-01-30T07:59:32.841-05:00","source":{"id":"0","name":"eventBus"}}
{"__type":"$$EventMessageAudit","id":"07be0adf-c7c4-40ed-b782-42b814f0e3ed","ts":"2026-01-30T07:59:36.228-05:00","eventName":"n8n.audit.workflow.activated","message":"n8n.audit.workflow.activated","payload":{"userId":"c35fb34b-a2a8-4a9d-b01e-85bc0b8b53c6","_email":"danchenko57@gmail.com","_firstName":"Danchenko","_lastName":"Vyacheslav","globalRole":"global:owner","workflowId":"_ZCyVnsgzIWEYq3x9LFpc","workflowName":"Module 3.1","activeVersionId":"43075c64-6a71-42f1-9a75-0c52dc10a8bc"}}
{"__type":"$$EventMessageConfirm","confirm":"07be0adf-c7c4-40ed-b782-42b814f0e3ed","ts":"2026-01-30T07:59:36.228-05:00","source":{"id":"0","name":"eventBus"}}
{"__type":"$$EventMessageWorkflow","id":"3cc67657-b65d-4f97-b562-d68877fce89a","ts":"2026-01-30T07:59:44.194-05:00","eventName":"n8n.workflow.started","message":"n8n.workflow.started","payload":{"executionId":"43","workflowId":"_ZCyVnsgzIWEYq3x9LFpc","isManual":false,"workflowName":"Module 3.1"}}
{"__type":"$$EventMessageConfirm","confirm":"3cc67657-b65d-4f97-b562-d68877fce89a","ts":"2026-01-30T07:59:44.195-05:00","source":{"id":"0","name":"eventBus"}}
{"__type":"$$EventMessageNode","id":"57bb8280-c7ab-46d3-bcfa-14938a171d53","ts":"2026-01-30T07:59:44.197-05:00","eventName":"n8n.node.started","message":"n8n.node.started","payload":{"workflowId":"_ZCyVnsgzIWEYq3x9LFpc","workflowName":"Module 3.1","executionId":"43","nodeType":"n8n-nodes-base.webhook","nodeName":"Webhook Trigger","nodeId":"120cc02d-6248-4f9f-a93f-28d2b62fc77f"}}
{"__type":"$$EventMessageConfirm","confirm":"57bb8280-c7ab-46d3-bcfa-14938a171d53","ts":"2026-01-30T07:59:44.197-05:00","source":{"id":"0","name":"eventBus"}}
{"__type":"$$EventMessageNode","id":"f8d10de3-63dc-4b80-922e-28a31020cc55","ts":"2026-01-30T07:59:44.199-05:00","eventName":"n8n.node.finished","message":"n8n.node.finished","payload":{"workflowId":"_ZCyVnsgzIWEYq3x9LFpc","workflowName":"Module 3.1","executionId":"43","nodeType":"n8n-nodes-base.webhook","nodeName":"Webhook Trigger","nodeId":"120cc02d-6248-4f9f-a93f-28d2b62fc77f"}}
{"__type":"$$EventMessageConfirm","confirm":"f8d10de3-63dc-4b80-922e-28a31020cc55","ts":"2026-01-30T07:59:44.199-05:00","source":{"id":"0","name":"eventBus"}}
{"__type":"$$EventMessageNode","id":"c4ea8013-08a8-49d3-907e-9fa6a301e79f","ts":"2026-01-30T07:59:44.200-05:00","eventName":"n8n.node.started","message":"n8n.node.started","payload":{"workflowId":"_ZCyVnsgzIWEYq3x9LFpc","workflowName":"Module 3.1","executionId":"43","nodeType":"n8n-nodes-base.code","nodeName":"Add category","nodeId":"63c8e941-d8b0-43c1-a638-dca0feab7eaa"}}
{"__type":"$$EventMessageConfirm","confirm":"c4ea8013-08a8-49d3-907e-9fa6a301e79f","ts":"2026-01-30T07:59:44.200-05:00","source":{"id":"0","name":"eventBus"}}
{"__type":"$$EventMessageRunner","id":"a51d2de1-8140-4360-8882-3b1ec13f18bc","ts":"2026-01-30T07:59:44.218-05:00","eventName":"n8n.runner.task.requested","message":"n8n.runner.task.requested","payload":{"taskId":"GOQmvP7N","nodeId":"63c8e941-d8b0-43c1-a638-dca0feab7eaa","workflowId":"_ZCyVnsgzIWEYq3x9LFpc","executionId":"43"}}
{"__type":"$$EventMessageConfirm","confirm":"a51d2de1-8140-4360-8882-3b1ec13f18bc","ts":"2026-01-30T07:59:44.218-05:00","source":{"id":"0","name":"eventBus"}}
{"__type":"$$EventMessageRunner","id":"4d36c9f4-3658-4424-89ef-ea422e82a327","ts":"2026-01-30T07:59:44.313-05:00","eventName":"n8n.runner.response.received","message":"n8n.runner.response.received","payload":{"taskId":"GOQmvP7N","nodeId":"63c8e941-d8b0-43c1-a638-dca0feab7eaa","workflowId":"_ZCyVnsgzIWEYq3x9LFpc","executionId":"43"}}
{"__type":"$$EventMessageConfirm","confirm":"4d36c9f4-3658-4424-89ef-ea422e82a327","ts":"2026-01-30T07:59:44.313-05:00","source":{"id":"0","name":"eventBus"}}
{"__type":"$$EventMessageNode","id":"b358686d-e3ef-4480-9789-01f03e4d4904","ts":"2026-01-30T07:59:44.313-05:00","eventName":"n8n.node.finished","message":"n8n.node.finished","payload":{"workflowId":"_ZCyVnsgzIWEYq3x9LFpc","workflowName":"Module 3.1","executionId":"43","nodeType":"n8n-nodes-base.code","nodeName":"Add category","nodeId":"63c8e941-d8b0-43c1-a638-dca0feab7eaa"}}
{"__type":"$$EventMessageConfirm","confirm":"b358686d-e3ef-4480-9789-01f03e4d4904","ts":"2026-01-30T07:59:44.313-05:00","source":{"id":"0","name":"eventBus"}}
{"__type":"$$EventMessageNode","id":"c86605f7-1377-4ceb-af90-fceb7de46ab6","ts":"2026-01-30T07:59:44.314-05:00","eventName":"n8n.node.started","message":"n8n.node.started","payload":{"workflowId":"_ZCyVnsgzIWEYq3x9LFpc","workflowName":"Module 3.1","executionId":"43","nodeType":"n8n-nodes-base.code","nodeName":"log","nodeId":"e491cc4c-03e8-4763-9c56-064eadedf2e4"}}
{"__type":"$$EventMessageConfirm","confirm":"c86605f7-1377-4ceb-af90-fceb7de46ab6","ts":"2026-01-30T07:59:44.314-05:00","source":{"id":"0","name":"eventBus"}}
{"__type":"$$EventMessageRunner","id":"11dd63e9-bef8-42c6-b2f8-4ef01fec9e73","ts":"2026-01-30T07:59:44.316-05:00","eventName":"n8n.runner.task.requested","message":"n8n.runner.task.requested","payload":{"taskId":"t1kHM7Mo","nodeId":"e491cc4c-03e8-4763-9c56-064eadedf2e4","workflowId":"_ZCyVnsgzIWEYq3x9LFpc","executionId":"43"}}
{"__type":"$$EventMessageConfirm","confirm":"11dd63e9-bef8-42c6-b2f8-4ef01fec9e73","ts":"2026-01-30T07:59:44.316-05:00","source":{"id":"0","name":"eventBus"}}
{"__type":"$$EventMessageRunner","id":"ac37e359-4ea0-47c6-9e8d-c142cad4e789","ts":"2026-01-30T07:59:44.328-05:00","eventName":"n8n.runner.response.received","message":"n8n.runner.response.received","payload":{"taskId":"t1kHM7Mo","nodeId":"e491cc4c-03e8-4763-9c56-064eadedf2e4","workflowId":"_ZCyVnsgzIWEYq3x9LFpc","executionId":"43"}}
{"__type":"$$EventMessageConfirm","confirm":"ac37e359-4ea0-47c6-9e8d-c142cad4e789","ts":"2026-01-30T07:59:44.329-05:00","source":{"id":"0","name":"eventBus"}}
{"__type":"$$EventMessageNode","id":"45ce0f41-2030-45e4-ab70-612a6da28d67","ts":"2026-01-30T07:59:44.329-05:00","eventName":"n8n.node.finished","message":"n8n.node.finished","payload":{"workflowId":"_ZCyVnsgzIWEYq3x9LFpc","workflowName":"Module 3.1","executionId":"43","nodeType":"n8n-nodes-base.code","nodeName":"log","nodeId":"e491cc4c-03e8-4763-9c56-064eadedf2e4"}}
{"__type":"$$EventMessageConfirm","confirm":"45ce0f41-2030-45e4-ab70-612a6da28d67","ts":"2026-01-30T07:59:44.330-05:00","source":{"id":"0","name":"eventBus"}}
{"__type":"$$EventMessageNode","id":"4c4c4fa4-787b-4b10-b355-6c71e2a5e4bf","ts":"2026-01-30T07:59:44.330-05:00","eventName":"n8n.node.started","message":"n8n.node.started","payload":{"workflowId":"_ZCyVnsgzIWEYq3x9LFpc","workflowName":"Module 3.1","executionId":"43","nodeType":"n8n-nodes-base.httpRequest","nodeName":"Save to FastAPI","nodeId":"944a85fe-1fa4-4b7d-856b-2c9f67ed8fd1"}}
{"__type":"$$EventMessageConfirm","confirm":"4c4c4fa4-787b-4b10-b355-6c71e2a5e4bf","ts":"2026-01-30T07:59:44.330-05:00","source":{"id":"0","name":"eventBus"}}
{"__type":"$$EventMessageNode","id":"9340e4fc-318a-41a9-858d-88dc2a1e52b6","ts":"2026-01-30T07:59:44.555-05:00","eventName":"n8n.node.finished","message":"n8n.node.finished","payload":{"workflowId":"_ZCyVnsgzIWEYq3x9LFpc","workflowName":"Module 3.1","executionId":"43","nodeType":"n8n-nodes-base.httpRequest","nodeName":"Save to FastAPI","nodeId":"944a85fe-1fa4-4b7d-856b-2c9f67ed8fd1"}}
{"__type":"$$EventMessageConfirm","confirm":"9340e4fc-318a-41a9-858d-88dc2a1e52b6","ts":"2026-01-30T07:59:44.555-05:00","source":{"id":"0","name":"eventBus"}}
{"__type":"$$EventMessageWorkflow","id":"d3b49c14-05bf-4f98-b1bd-86c409548ceb","ts":"2026-01-30T07:59:44.559-05:00","eventName":"n8n.workflow.failed","message":"n8n.workflow.failed","payload":{"executionId":"43","success":false,"isManual":true,"workflowId":"_ZCyVnsgzIWEYq3x9LFpc","workflowName":"Module 3.1","lastNodeExecuted":"Save to FastAPI","errorNodeType":"n8n-nodes-base.httpRequest","errorMessage":"The service was not able to process your request"}}
{"__type":"$$EventMessageConfirm","confirm":"d3b49c14-05bf-4f98-b1bd-86c409548ceb","ts":"2026-01-30T07:59:44.559-05:00","source":{"id":"0","name":"eventBus"}}
{"__type":"$$EventMessageWorkflow","id":"a2467083-37da-482d-98ee-915b91c1df16","ts":"2026-01-30T08:16:42.783-05:00","eventName":"n8n.workflow.started","message":"n8n.workflow.started","payload":{"executionId":"44","workflowId":"_ZCyVnsgzIWEYq3x9LFpc","isManual":false,"workflowName":"Module 3.1"}}
{"__type":"$$EventMessageConfirm","confirm":"a2467083-37da-482d-98ee-915b91c1df16","ts":"2026-01-30T08:16:42.787-05:00","source":{"id":"0","name":"eventBus"}}
{"__type":"$$EventMessageNode","id":"2c3debdb-c5cd-4d4f-a2c0-acb17d678d6b","ts":"2026-01-30T08:16:42.790-05:00","eventName":"n8n.node.started","message":"n8n.node.started","payload":{"workflowId":"_ZCyVnsgzIWEYq3x9LFpc","workflowName":"Module 3.1","executionId":"44","nodeType":"n8n-nodes-base.webhook","nodeName":"Webhook Trigger","nodeId":"120cc02d-6248-4f9f-a93f-28d2b62fc77f"}}
{"__type":"$$EventMessageConfirm","confirm":"2c3debdb-c5cd-4d4f-a2c0-acb17d678d6b","ts":"2026-01-30T08:16:42.791-05:00","source":{"id":"0","name":"eventBus"}}
{"__type":"$$EventMessageNode","id":"03ba9993-801b-44c2-abb0-97db89f5b2ca","ts":"2026-01-30T08:16:42.794-05:00","eventName":"n8n.node.finished","message":"n8n.node.finished","payload":{"workflowId":"_ZCyVnsgzIWEYq3x9LFpc","workflowName":"Module 3.1","executionId":"44","nodeType":"n8n-nodes-base.webhook","nodeName":"Webhook Trigger","nodeId":"120cc02d-6248-4f9f-a93f-28d2b62fc77f"}}
{"__type":"$$EventMessageConfirm","confirm":"03ba9993-801b-44c2-abb0-97db89f5b2ca","ts":"2026-01-30T08:16:42.794-05:00","source":{"id":"0","name":"eventBus"}}
{"__type":"$$EventMessageNode","id":"a2dd77e9-7eea-49dd-a0f7-80082109d86d","ts":"2026-01-30T08:16:42.795-05:00","eventName":"n8n.node.started","message":"n8n.node.started","payload":{"workflowId":"_ZCyVnsgzIWEYq3x9LFpc","workflowName":"Module 3.1","executionId":"44","nodeType":"n8n-nodes-base.code","nodeName":"Add category","nodeId":"63c8e941-d8b0-43c1-a638-dca0feab7eaa"}}
{"__type":"$$EventMessageConfirm","confirm":"a2dd77e9-7eea-49dd-a0f7-80082109d86d","ts":"2026-01-30T08:16:42.795-05:00","source":{"id":"0","name":"eventBus"}}
{"__type":"$$EventMessageRunner","id":"a61568ab-53d4-4e7e-a902-6aaaeee2face","ts":"2026-01-30T08:16:42.816-05:00","eventName":"n8n.runner.task.requested","message":"n8n.runner.task.requested","payload":{"taskId":"_1xwUho3","nodeId":"63c8e941-d8b0-43c1-a638-dca0feab7eaa","workflowId":"_ZCyVnsgzIWEYq3x9LFpc","executionId":"44"}}
{"__type":"$$EventMessageConfirm","confirm":"a61568ab-53d4-4e7e-a902-6aaaeee2face","ts":"2026-01-30T08:16:42.816-05:00","source":{"id":"0","name":"eventBus"}}
{"__type":"$$EventMessageRunner","id":"1ce6a547-e0e8-48bc-9083-ce4e64273da4","ts":"2026-01-30T08:16:42.926-05:00","eventName":"n8n.runner.response.received","message":"n8n.runner.response.received","payload":{"taskId":"_1xwUho3","nodeId":"63c8e941-d8b0-43c1-a638-dca0feab7eaa","workflowId":"_ZCyVnsgzIWEYq3x9LFpc","executionId":"44"}}
{"__type":"$$EventMessageConfirm","confirm":"1ce6a547-e0e8-48bc-9083-ce4e64273da4","ts":"2026-01-30T08:16:42.926-05:00","source":{"id":"0","name":"eventBus"}}
{"__type":"$$EventMessageNode","id":"a515179a-e369-421c-a38f-3f16611463a7","ts":"2026-01-30T08:16:42.927-05:00","eventName":"n8n.node.finished","message":"n8n.node.finished","payload":{"workflowId":"_ZCyVnsgzIWEYq3x9LFpc","workflowName":"Module 3.1","executionId":"44","nodeType":"n8n-nodes-base.code","nodeName":"Add category","nodeId":"63c8e941-d8b0-43c1-a638-dca0feab7eaa"}}
{"__type":"$$EventMessageConfirm","confirm":"a515179a-e369-421c-a38f-3f16611463a7","ts":"2026-01-30T08:16:42.927-05:00","source":{"id":"0","name":"eventBus"}}
{"__type":"$$EventMessageNode","id":"77a0f46b-81f4-4f00-82ad-449fc2e4898c","ts":"2026-01-30T08:16:42.928-05:00","eventName":"n8n.node.started","message":"n8n.node.started","payload":{"workflowId":"_ZCyVnsgzIWEYq3x9LFpc","workflowName":"Module 3.1","executionId":"44","nodeType":"n8n-nodes-base.code","nodeName":"log","nodeId":"e491cc4c-03e8-4763-9c56-064eadedf2e4"}}
{"__type":"$$EventMessageConfirm","confirm":"77a0f46b-81f4-4f00-82ad-449fc2e4898c","ts":"2026-01-30T08:16:42.928-05:00","source":{"id":"0","name":"eventBus"}}
{"__type":"$$EventMessageRunner","id":"28d51e3f-b462-44d7-a21c-9947afa54ae2","ts":"2026-01-30T08:16:42.929-05:00","eventName":"n8n.runner.task.requested","message":"n8n.runner.task.requested","payload":{"taskId":"wEDKeqnx","nodeId":"e491cc4c-03e8-4763-9c56-064eadedf2e4","workflowId":"_ZCyVnsgzIWEYq3x9LFpc","executionId":"44"}}
{"__type":"$$EventMessageConfirm","confirm":"28d51e3f-b462-44d7-a21c-9947afa54ae2","ts":"2026-01-30T08:16:42.929-05:00","source":{"id":"0","name":"eventBus"}}
{"__type":"$$EventMessageRunner","id":"d2d6240b-75b0-4f5c-924d-f22a002181cf","ts":"2026-01-30T08:16:42.951-05:00","eventName":"n8n.runner.response.received","message":"n8n.runner.response.received","payload":{"taskId":"wEDKeqnx","nodeId":"e491cc4c-03e8-4763-9c56-064eadedf2e4","workflowId":"_ZCyVnsgzIWEYq3x9LFpc","executionId":"44"}}
{"__type":"$$EventMessageConfirm","confirm":"d2d6240b-75b0-4f5c-924d-f22a002181cf","ts":"2026-01-30T08:16:42.951-05:00","source":{"id":"0","name":"eventBus"}}
{"__type":"$$EventMessageNode","id":"45a7af06-eb33-4e4c-bbb1-b1bcf85eb8b6","ts":"2026-01-30T08:16:42.952-05:00","eventName":"n8n.node.finished","message":"n8n.node.finished","payload":{"workflowId":"_ZCyVnsgzIWEYq3x9LFpc","workflowName":"Module 3.1","executionId":"44","nodeType":"n8n-nodes-base.code","nodeName":"log","nodeId":"e491cc4c-03e8-4763-9c56-064eadedf2e4"}}
{"__type":"$$EventMessageConfirm","confirm":"45a7af06-eb33-4e4c-bbb1-b1bcf85eb8b6","ts":"2026-01-30T08:16:42.952-05:00","source":{"id":"0","name":"eventBus"}}
{"__type":"$$EventMessageNode","id":"9ed3b8d5-ff10-40c9-9095-5609df94b7be","ts":"2026-01-30T08:16:42.953-05:00","eventName":"n8n.node.started","message":"n8n.node.started","payload":{"workflowId":"_ZCyVnsgzIWEYq3x9LFpc","workflowName":"Module 3.1","executionId":"44","nodeType":"n8n-nodes-base.httpRequest","nodeName":"HTTP Request","nodeId":"4f6bf345-6e88-43a2-a0ed-efe758465049"}}
{"__type":"$$EventMessageConfirm","confirm":"9ed3b8d5-ff10-40c9-9095-5609df94b7be","ts":"2026-01-30T08:16:42.954-05:00","source":{"id":"0","name":"eventBus"}}
{"__type":"$$EventMessageNode","id":"159572a4-d8c8-4717-abc2-2aec21b50e93","ts":"2026-01-30T08:16:43.129-05:00","eventName":"n8n.node.finished","message":"n8n.node.finished","payload":{"workflowId":"_ZCyVnsgzIWEYq3x9LFpc","workflowName":"Module 3.1","executionId":"44","nodeType":"n8n-nodes-base.httpRequest","nodeName":"HTTP Request","nodeId":"4f6bf345-6e88-43a2-a0ed-efe758465049"}}
{"__type":"$$EventMessageConfirm","confirm":"159572a4-d8c8-4717-abc2-2aec21b50e93","ts":"2026-01-30T08:16:43.129-05:00","source":{"id":"0","name":"eventBus"}}
{"__type":"$$EventMessageWorkflow","id":"cc37b498-de38-4170-b1c1-60323e490faf","ts":"2026-01-30T08:16:43.164-05:00","eventName":"n8n.workflow.failed","message":"n8n.workflow.failed","payload":{"executionId":"44","success":false,"isManual":true,"workflowId":"_ZCyVnsgzIWEYq3x9LFpc","workflowName":"Module 3.1","lastNodeExecuted":"HTTP Request","errorNodeType":"n8n-nodes-base.httpRequest","errorMessage":"The service was not able to process your request"}}
{"__type":"$$EventMessageConfirm","confirm":"cc37b498-de38-4170-b1c1-60323e490faf","ts":"2026-01-30T08:16:43.164-05:00","source":{"id":"0","name":"eventBus"}}
{"__type":"$$EventMessageWorkflow","id":"4d8a4191-c0ec-467c-a174-039748c313da","ts":"2026-01-30T08:23:53.013-05:00","eventName":"n8n.workflow.started","message":"n8n.workflow.started","payload":{"executionId":"45","workflowId":"_ZCyVnsgzIWEYq3x9LFpc","isManual":false,"workflowName":"Module 3.1"}}
{"__type":"$$EventMessageConfirm","confirm":"4d8a4191-c0ec-467c-a174-039748c313da","ts":"2026-01-30T08:23:53.013-05:00","source":{"id":"0","name":"eventBus"}}
{"__type":"$$EventMessageNode","id":"6dfdf57b-ff6d-430e-a266-dc53889f27a6","ts":"2026-01-30T08:23:53.013-05:00","eventName":"n8n.node.started","message":"n8n.node.started","payload":{"workflowId":"_ZCyVnsgzIWEYq3x9LFpc","workflowName":"Module 3.1","executionId":"45","nodeType":"n8n-nodes-base.webhook","nodeName":"Webhook Trigger","nodeId":"120cc02d-6248-4f9f-a93f-28d2b62fc77f"}}
{"__type":"$$EventMessageConfirm","confirm":"6dfdf57b-ff6d-430e-a266-dc53889f27a6","ts":"2026-01-30T08:23:53.014-05:00","source":{"id":"0","name":"eventBus"}}
{"__type":"$$EventMessageNode","id":"80b0a0d4-3eaa-49b6-a696-61a18020e676","ts":"2026-01-30T08:23:53.014-05:00","eventName":"n8n.node.finished","message":"n8n.node.finished","payload":{"workflowId":"_ZCyVnsgzIWEYq3x9LFpc","workflowName":"Module 3.1","executionId":"45","nodeType":"n8n-nodes-base.webhook","nodeName":"Webhook Trigger","nodeId":"120cc02d-6248-4f9f-a93f-28d2b62fc77f"}}
{"__type":"$$EventMessageConfirm","confirm":"80b0a0d4-3eaa-49b6-a696-61a18020e676","ts":"2026-01-30T08:23:53.014-05:00","source":{"id":"0","name":"eventBus"}}
{"__type":"$$EventMessageNode","id":"700ff2f1-0d8d-45f0-b6ca-ccb72d5d4264","ts":"2026-01-30T08:23:53.015-05:00","eventName":"n8n.node.started","message":"n8n.node.started","payload":{"workflowId":"_ZCyVnsgzIWEYq3x9LFpc","workflowName":"Module 3.1","executionId":"45","nodeType":"n8n-nodes-base.code","nodeName":"Add category","nodeId":"63c8e941-d8b0-43c1-a638-dca0feab7eaa"}}
{"__type":"$$EventMessageConfirm","confirm":"700ff2f1-0d8d-45f0-b6ca-ccb72d5d4264","ts":"2026-01-30T08:23:53.015-05:00","source":{"id":"0","name":"eventBus"}}
{"__type":"$$EventMessageRunner","id":"9d43d4b5-8071-407a-8e0e-4284c1e001cc","ts":"2026-01-30T08:23:53.019-05:00","eventName":"n8n.runner.task.requested","message":"n8n.runner.task.requested","payload":{"taskId":"Ld7YL3_X","nodeId":"63c8e941-d8b0-43c1-a638-dca0feab7eaa","workflowId":"_ZCyVnsgzIWEYq3x9LFpc","executionId":"45"}}
{"__type":"$$EventMessageConfirm","confirm":"9d43d4b5-8071-407a-8e0e-4284c1e001cc","ts":"2026-01-30T08:23:53.020-05:00","source":{"id":"0","name":"eventBus"}}
{"__type":"$$EventMessageRunner","id":"c6e30536-ae8b-417e-a736-6f7b33b57892","ts":"2026-01-30T08:23:53.034-05:00","eventName":"n8n.runner.response.received","message":"n8n.runner.response.received","payload":{"taskId":"Ld7YL3_X","nodeId":"63c8e941-d8b0-43c1-a638-dca0feab7eaa","workflowId":"_ZCyVnsgzIWEYq3x9LFpc","executionId":"45"}}
{"__type":"$$EventMessageConfirm","confirm":"c6e30536-ae8b-417e-a736-6f7b33b57892","ts":"2026-01-30T08:23:53.034-05:00","source":{"id":"0","name":"eventBus"}}
{"__type":"$$EventMessageNode","id":"49253a89-015a-4a4b-9635-f78bc276d5a8","ts":"2026-01-30T08:23:53.034-05:00","eventName":"n8n.node.finished","message":"n8n.node.finished","payload":{"workflowId":"_ZCyVnsgzIWEYq3x9LFpc","workflowName":"Module 3.1","executionId":"45","nodeType":"n8n-nodes-base.code","nodeName":"Add category","nodeId":"63c8e941-d8b0-43c1-a638-dca0feab7eaa"}}
{"__type":"$$EventMessageConfirm","confirm":"49253a89-015a-4a4b-9635-f78bc276d5a8","ts":"2026-01-30T08:23:53.035-05:00","source":{"id":"0","name":"eventBus"}}
{"__type":"$$EventMessageNode","id":"78a5bf76-e9a5-4c57-9832-221db1f205a7","ts":"2026-01-30T08:23:53.036-05:00","eventName":"n8n.node.started","message":"n8n.node.started","payload":{"workflowId":"_ZCyVnsgzIWEYq3x9LFpc","workflowName":"Module 3.1","executionId":"45","nodeType":"n8n-nodes-base.code","nodeName":"log","nodeId":"e491cc4c-03e8-4763-9c56-064eadedf2e4"}}
{"__type":"$$EventMessageConfirm","confirm":"78a5bf76-e9a5-4c57-9832-221db1f205a7","ts":"2026-01-30T08:23:53.036-05:00","source":{"id":"0","name":"eventBus"}}
{"__type":"$$EventMessageRunner","id":"e1c579a8-6b9c-4ff9-b93e-467a499c70db","ts":"2026-01-30T08:23:53.037-05:00","eventName":"n8n.runner.task.requested","message":"n8n.runner.task.requested","payload":{"taskId":"RvTJedj-","nodeId":"e491cc4c-03e8-4763-9c56-064eadedf2e4","workflowId":"_ZCyVnsgzIWEYq3x9LFpc","executionId":"45"}}
{"__type":"$$EventMessageConfirm","confirm":"e1c579a8-6b9c-4ff9-b93e-467a499c70db","ts":"2026-01-30T08:23:53.037-05:00","source":{"id":"0","name":"eventBus"}}
{"__type":"$$EventMessageRunner","id":"8151bec6-7664-48f3-9482-9527c23546e6","ts":"2026-01-30T08:23:53.064-05:00","eventName":"n8n.runner.response.received","message":"n8n.runner.response.received","payload":{"taskId":"RvTJedj-","nodeId":"e491cc4c-03e8-4763-9c56-064eadedf2e4","workflowId":"_ZCyVnsgzIWEYq3x9LFpc","executionId":"45"}}
{"__type":"$$EventMessageConfirm","confirm":"8151bec6-7664-48f3-9482-9527c23546e6","ts":"2026-01-30T08:23:53.064-05:00","source":{"id":"0","name":"eventBus"}}
{"__type":"$$EventMessageNode","id":"111a7e4b-b320-4e77-a3d5-0bb51752aae9","ts":"2026-01-30T08:23:53.065-05:00","eventName":"n8n.node.finished","message":"n8n.node.finished","payload":{"workflowId":"_ZCyVnsgzIWEYq3x9LFpc","workflowName":"Module 3.1","executionId":"45","nodeType":"n8n-nodes-base.code","nodeName":"log","nodeId":"e491cc4c-03e8-4763-9c56-064eadedf2e4"}}
{"__type":"$$EventMessageConfirm","confirm":"111a7e4b-b320-4e77-a3d5-0bb51752aae9","ts":"2026-01-30T08:23:53.065-05:00","source":{"id":"0","name":"eventBus"}}
{"__type":"$$EventMessageNode","id":"c7d8d17f-fc23-42e8-9fa6-a0ab446858e8","ts":"2026-01-30T08:23:53.065-05:00","eventName":"n8n.node.started","message":"n8n.node.started","payload":{"workflowId":"_ZCyVnsgzIWEYq3x9LFpc","workflowName":"Module 3.1","executionId":"45","nodeType":"n8n-nodes-base.httpRequest","nodeName":"Send to FastAPI","nodeId":"17b133ec-edd3-460f-89d1-5a3b483c2fd2"}}
{"__type":"$$EventMessageConfirm","confirm":"c7d8d17f-fc23-42e8-9fa6-a0ab446858e8","ts":"2026-01-30T08:23:53.065-05:00","source":{"id":"0","name":"eventBus"}}
{"__type":"$$EventMessageNode","id":"383409f4-cb53-40ad-9203-bf7bcf888fb4","ts":"2026-01-30T08:23:53.198-05:00","eventName":"n8n.node.finished","message":"n8n.node.finished","payload":{"workflowId":"_ZCyVnsgzIWEYq3x9LFpc","workflowName":"Module 3.1","executionId":"45","nodeType":"n8n-nodes-base.httpRequest","nodeName":"Send to FastAPI","nodeId":"17b133ec-edd3-460f-89d1-5a3b483c2fd2"}}
{"__type":"$$EventMessageConfirm","confirm":"383409f4-cb53-40ad-9203-bf7bcf888fb4","ts":"2026-01-30T08:23:53.198-05:00","source":{"id":"0","name":"eventBus"}}
{"__type":"$$EventMessageWorkflow","id":"5590d79d-e402-403b-bcc5-40abe4991918","ts":"2026-01-30T08:23:53.206-05:00","eventName":"n8n.workflow.success","message":"n8n.workflow.success","payload":{"executionId":"45","success":true,"isManual":true,"workflowId":"_ZCyVnsgzIWEYq3x9LFpc","workflowName":"Module 3.1"}}
{"__type":"$$EventMessageConfirm","confirm":"5590d79d-e402-403b-bcc5-40abe4991918","ts":"2026-01-30T08:23:53.206-05:00","source":{"id":"0","name":"eventBus"}}
{"__type":"$$EventMessageAudit","id":"884ca710-65a6-436f-b37e-ce593929ccc1","ts":"2026-01-30T08:25:43.524-05:00","eventName":"n8n.audit.workflow.updated","message":"n8n.audit.workflow.updated","payload":{"userId":"c35fb34b-a2a8-4a9d-b01e-85bc0b8b53c6","_email":"danchenko57@gmail.com","_firstName":"Danchenko","_lastName":"Vyacheslav","globalRole":"global:owner","workflowId":"_ZCyVnsgzIWEYq3x9LFpc","workflowName":"Module 3.1"}}
{"__type":"$$EventMessageConfirm","confirm":"884ca710-65a6-436f-b37e-ce593929ccc1","ts":"2026-01-30T08:25:43.524-05:00","source":{"id":"0","name":"eventBus"}}
{"__type":"$$EventMessageAudit","id":"cbefd594-ba5a-497f-9b6d-03a05ca9370b","ts":"2026-01-30T08:25:46.930-05:00","eventName":"n8n.audit.workflow.activated","message":"n8n.audit.workflow.activated","payload":{"userId":"c35fb34b-a2a8-4a9d-b01e-85bc0b8b53c6","_email":"danchenko57@gmail.com","_firstName":"Danchenko","_lastName":"Vyacheslav","globalRole":"global:owner","workflowId":"_ZCyVnsgzIWEYq3x9LFpc","workflowName":"Module 3.1","activeVersionId":"afbf862a-83e7-4340-838b-7190034294aa"}}
{"__type":"$$EventMessageConfirm","confirm":"cbefd594-ba5a-497f-9b6d-03a05ca9370b","ts":"2026-01-30T08:25:46.931-05:00","source":{"id":"0","name":"eventBus"}}
{"__type":"$$EventMessageWorkflow","id":"740e77ce-9792-4265-9d1c-08951e3f0235","ts":"2026-01-30T08:25:53.377-05:00","eventName":"n8n.workflow.started","message":"n8n.workflow.started","payload":{"executionId":"46","workflowId":"_ZCyVnsgzIWEYq3x9LFpc","isManual":false,"workflowName":"Module 3.1"}}
{"__type":"$$EventMessageConfirm","confirm":"740e77ce-9792-4265-9d1c-08951e3f0235","ts":"2026-01-30T08:25:53.377-05:00","source":{"id":"0","name":"eventBus"}}
{"__type":"$$EventMessageNode","id":"355fe7b5-28e9-4594-b189-08a07b0d0862","ts":"2026-01-30T08:25:53.380-05:00","eventName":"n8n.node.started","message":"n8n.node.started","payload":{"workflowId":"_ZCyVnsgzIWEYq3x9LFpc","workflowName":"Module 3.1","executionId":"46","nodeType":"n8n-nodes-base.webhook","nodeName":"Webhook Trigger","nodeId":"120cc02d-6248-4f9f-a93f-28d2b62fc77f"}}
{"__type":"$$EventMessageConfirm","confirm":"355fe7b5-28e9-4594-b189-08a07b0d0862","ts":"2026-01-30T08:25:53.380-05:00","source":{"id":"0","name":"eventBus"}}
{"__type":"$$EventMessageNode","id":"aa47ffec-132c-4783-bdd0-42402125f1e8","ts":"2026-01-30T08:25:53.382-05:00","eventName":"n8n.node.finished","message":"n8n.node.finished","payload":{"workflowId":"_ZCyVnsgzIWEYq3x9LFpc","workflowName":"Module 3.1","executionId":"46","nodeType":"n8n-nodes-base.webhook","nodeName":"Webhook Trigger","nodeId":"120cc02d-6248-4f9f-a93f-28d2b62fc77f"}}
{"__type":"$$EventMessageConfirm","confirm":"aa47ffec-132c-4783-bdd0-42402125f1e8","ts":"2026-01-30T08:25:53.383-05:00","source":{"id":"0","name":"eventBus"}}
{"__type":"$$EventMessageNode","id":"2573eea8-fa9f-44ca-afb7-7cffb7289eab","ts":"2026-01-30T08:25:53.385-05:00","eventName":"n8n.node.started","message":"n8n.node.started","payload":{"workflowId":"_ZCyVnsgzIWEYq3x9LFpc","workflowName":"Module 3.1","executionId":"46","nodeType":"n8n-nodes-base.code","nodeName":"Add category","nodeId":"63c8e941-d8b0-43c1-a638-dca0feab7eaa"}}
{"__type":"$$EventMessageConfirm","confirm":"2573eea8-fa9f-44ca-afb7-7cffb7289eab","ts":"2026-01-30T08:25:53.385-05:00","source":{"id":"0","name":"eventBus"}}
{"__type":"$$EventMessageRunner","id":"7b11aa6b-002e-460d-a03b-7e94077cea0e","ts":"2026-01-30T08:25:53.389-05:00","eventName":"n8n.runner.task.requested","message":"n8n.runner.task.requested","payload":{"taskId":"gjfsF62D","nodeId":"63c8e941-d8b0-43c1-a638-dca0feab7eaa","workflowId":"_ZCyVnsgzIWEYq3x9LFpc","executionId":"46"}}
{"__type":"$$EventMessageConfirm","confirm":"7b11aa6b-002e-460d-a03b-7e94077cea0e","ts":"2026-01-30T08:25:53.390-05:00","source":{"id":"0","name":"eventBus"}}
{"__type":"$$EventMessageRunner","id":"2dfacafd-ff7c-4fdc-bc3e-13323a2721f9","ts":"2026-01-30T08:25:53.407-05:00","eventName":"n8n.runner.response.received","message":"n8n.runner.response.received","payload":{"taskId":"gjfsF62D","nodeId":"63c8e941-d8b0-43c1-a638-dca0feab7eaa","workflowId":"_ZCyVnsgzIWEYq3x9LFpc","executionId":"46"}}
{"__type":"$$EventMessageConfirm","confirm":"2dfacafd-ff7c-4fdc-bc3e-13323a2721f9","ts":"2026-01-30T08:25:53.407-05:00","source":{"id":"0","name":"eventBus"}}
{"__type":"$$EventMessageNode","id":"c2523d5c-edc2-4249-949f-08c2772715db","ts":"2026-01-30T08:25:53.407-05:00","eventName":"n8n.node.finished","message":"n8n.node.finished","payload":{"workflowId":"_ZCyVnsgzIWEYq3x9LFpc","workflowName":"Module 3.1","executionId":"46","nodeType":"n8n-nodes-base.code","nodeName":"Add category","nodeId":"63c8e941-d8b0-43c1-a638-dca0feab7eaa"}}
{"__type":"$$EventMessageConfirm","confirm":"c2523d5c-edc2-4249-949f-08c2772715db","ts":"2026-01-30T08:25:53.407-05:00","source":{"id":"0","name":"eventBus"}}
{"__type":"$$EventMessageNode","id":"8f8edb6c-1b28-4d4f-8710-91a4533d7e2e","ts":"2026-01-30T08:25:53.408-05:00","eventName":"n8n.node.started","message":"n8n.node.started","payload":{"workflowId":"_ZCyVnsgzIWEYq3x9LFpc","workflowName":"Module 3.1","executionId":"46","nodeType":"n8n-nodes-base.code","nodeName":"log","nodeId":"e491cc4c-03e8-4763-9c56-064eadedf2e4"}}
{"__type":"$$EventMessageConfirm","confirm":"8f8edb6c-1b28-4d4f-8710-91a4533d7e2e","ts":"2026-01-30T08:25:53.408-05:00","source":{"id":"0","name":"eventBus"}}
{"__type":"$$EventMessageRunner","id":"715ef595-02dd-4581-8ed7-c00b8b42f17a","ts":"2026-01-30T08:25:53.410-05:00","eventName":"n8n.runner.task.requested","message":"n8n.runner.task.requested","payload":{"taskId":"oUmrE5cU","nodeId":"e491cc4c-03e8-4763-9c56-064eadedf2e4","workflowId":"_ZCyVnsgzIWEYq3x9LFpc","executionId":"46"}}
{"__type":"$$EventMessageConfirm","confirm":"715ef595-02dd-4581-8ed7-c00b8b42f17a","ts":"2026-01-30T08:25:53.410-05:00","source":{"id":"0","name":"eventBus"}}
{"__type":"$$EventMessageRunner","id":"37b44a21-008c-4b42-98db-9a6b6e69e264","ts":"2026-01-30T08:25:53.428-05:00","eventName":"n8n.runner.response.received","message":"n8n.runner.response.received","payload":{"taskId":"oUmrE5cU","nodeId":"e491cc4c-03e8-4763-9c56-064eadedf2e4","workflowId":"_ZCyVnsgzIWEYq3x9LFpc","executionId":"46"}}
{"__type":"$$EventMessageConfirm","confirm":"37b44a21-008c-4b42-98db-9a6b6e69e264","ts":"2026-01-30T08:25:53.428-05:00","source":{"id":"0","name":"eventBus"}}
{"__type":"$$EventMessageNode","id":"7a5a004c-c742-4c82-923e-f33b6e691193","ts":"2026-01-30T08:25:53.429-05:00","eventName":"n8n.node.finished","message":"n8n.node.finished","payload":{"workflowId":"_ZCyVnsgzIWEYq3x9LFpc","workflowName":"Module 3.1","executionId":"46","nodeType":"n8n-nodes-base.code","nodeName":"log","nodeId":"e491cc4c-03e8-4763-9c56-064eadedf2e4"}}
{"__type":"$$EventMessageConfirm","confirm":"7a5a004c-c742-4c82-923e-f33b6e691193","ts":"2026-01-30T08:25:53.429-05:00","source":{"id":"0","name":"eventBus"}}
{"__type":"$$EventMessageNode","id":"6228e054-c60e-4f2b-8c28-695de9971f0d","ts":"2026-01-30T08:25:53.430-05:00","eventName":"n8n.node.started","message":"n8n.node.started","payload":{"workflowId":"_ZCyVnsgzIWEYq3x9LFpc","workflowName":"Module 3.1","executionId":"46","nodeType":"n8n-nodes-base.httpRequest","nodeName":"Send to FastAPI","nodeId":"17b133ec-edd3-460f-89d1-5a3b483c2fd2"}}
{"__type":"$$EventMessageConfirm","confirm":"6228e054-c60e-4f2b-8c28-695de9971f0d","ts":"2026-01-30T08:25:53.430-05:00","source":{"id":"0","name":"eventBus"}}
{"__type":"$$EventMessageNode","id":"2c745d67-07bc-4ecf-abd7-6caafe4ef0d3","ts":"2026-01-30T08:25:53.463-05:00","eventName":"n8n.node.finished","message":"n8n.node.finished","payload":{"workflowId":"_ZCyVnsgzIWEYq3x9LFpc","workflowName":"Module 3.1","executionId":"46","nodeType":"n8n-nodes-base.httpRequest","nodeName":"Send to FastAPI","nodeId":"17b133ec-edd3-460f-89d1-5a3b483c2fd2"}}
{"__type":"$$EventMessageConfirm","confirm":"2c745d67-07bc-4ecf-abd7-6caafe4ef0d3","ts":"2026-01-30T08:25:53.463-05:00","source":{"id":"0","name":"eventBus"}}
{"__type":"$$EventMessageWorkflow","id":"cb6de6a1-51a4-4f5b-84e0-a504479d07e8","ts":"2026-01-30T08:25:53.467-05:00","eventName":"n8n.workflow.success","message":"n8n.workflow.success","payload":{"executionId":"46","success":true,"isManual":true,"workflowId":"_ZCyVnsgzIWEYq3x9LFpc","workflowName":"Module 3.1"}}
{"__type":"$$EventMessageConfirm","confirm":"cb6de6a1-51a4-4f5b-84e0-a504479d07e8","ts":"2026-01-30T08:25:53.467-05:00","source":{"id":"0","name":"eventBus"}}
{"__type":"$$EventMessageAudit","id":"e14a18f5-07a3-4a67-b6dd-be4fc0bc1842","ts":"2026-01-30T08:28:04.049-05:00","eventName":"n8n.audit.workflow.updated","message":"n8n.audit.workflow.updated","payload":{"userId":"c35fb34b-a2a8-4a9d-b01e-85bc0b8b53c6","_email":"danchenko57@gmail.com","_firstName":"Danchenko","_lastName":"Vyacheslav","globalRole":"global:owner","workflowId":"_ZCyVnsgzIWEYq3x9LFpc","workflowName":"Module 3.1"}}
{"__type":"$$EventMessageConfirm","confirm":"e14a18f5-07a3-4a67-b6dd-be4fc0bc1842","ts":"2026-01-30T08:28:04.049-05:00","source":{"id":"0","name":"eventBus"}}
{"__type":"$$EventMessageAudit","id":"4287ff53-558d-4287-9dd3-759fbeeb197d","ts":"2026-01-30T08:28:07.238-05:00","eventName":"n8n.audit.workflow.activated","message":"n8n.audit.workflow.activated","payload":{"userId":"c35fb34b-a2a8-4a9d-b01e-85bc0b8b53c6","_email":"danchenko57@gmail.com","_firstName":"Danchenko","_lastName":"Vyacheslav","globalRole":"global:owner","workflowId":"_ZCyVnsgzIWEYq3x9LFpc","workflowName":"Module 3.1","activeVersionId":"21aa2326-b691-446d-bc57-db5c15b1472c"}}
{"__type":"$$EventMessageConfirm","confirm":"4287ff53-558d-4287-9dd3-759fbeeb197d","ts":"2026-01-30T08:28:07.238-05:00","source":{"id":"0","name":"eventBus"}}
{"__type":"$$EventMessageWorkflow","id":"b3157e8b-866d-4aa7-81eb-1a5f60f0e5be","ts":"2026-01-30T08:28:19.250-05:00","eventName":"n8n.workflow.started","message":"n8n.workflow.started","payload":{"executionId":"47","workflowId":"_ZCyVnsgzIWEYq3x9LFpc","isManual":false,"workflowName":"Module 3.1"}}
{"__type":"$$EventMessageConfirm","confirm":"b3157e8b-866d-4aa7-81eb-1a5f60f0e5be","ts":"2026-01-30T08:28:19.250-05:00","source":{"id":"0","name":"eventBus"}}
{"__type":"$$EventMessageNode","id":"c9886963-4705-488d-a868-5ea09d063cc4","ts":"2026-01-30T08:28:19.251-05:00","eventName":"n8n.node.started","message":"n8n.node.started","payload":{"workflowId":"_ZCyVnsgzIWEYq3x9LFpc","workflowName":"Module 3.1","executionId":"47","nodeType":"n8n-nodes-base.webhook","nodeName":"Webhook Trigger","nodeId":"120cc02d-6248-4f9f-a93f-28d2b62fc77f"}}
{"__type":"$$EventMessageConfirm","confirm":"c9886963-4705-488d-a868-5ea09d063cc4","ts":"2026-01-30T08:28:19.251-05:00","source":{"id":"0","name":"eventBus"}}
{"__type":"$$EventMessageNode","id":"58537c39-32cf-4951-8f3a-55e95631c7d3","ts":"2026-01-30T08:28:19.251-05:00","eventName":"n8n.node.finished","message":"n8n.node.finished","payload":{"workflowId":"_ZCyVnsgzIWEYq3x9LFpc","workflowName":"Module 3.1","executionId":"47","nodeType":"n8n-nodes-base.webhook","nodeName":"Webhook Trigger","nodeId":"120cc02d-6248-4f9f-a93f-28d2b62fc77f"}}
{"__type":"$$EventMessageConfirm","confirm":"58537c39-32cf-4951-8f3a-55e95631c7d3","ts":"2026-01-30T08:28:19.252-05:00","source":{"id":"0","name":"eventBus"}}
{"__type":"$$EventMessageNode","id":"b99ed27b-a731-4740-8c1d-69f1bb6e9455","ts":"2026-01-30T08:28:19.253-05:00","eventName":"n8n.node.started","message":"n8n.node.started","payload":{"workflowId":"_ZCyVnsgzIWEYq3x9LFpc","workflowName":"Module 3.1","executionId":"47","nodeType":"n8n-nodes-base.code","nodeName":"Add category","nodeId":"63c8e941-d8b0-43c1-a638-dca0feab7eaa"}}
{"__type":"$$EventMessageConfirm","confirm":"b99ed27b-a731-4740-8c1d-69f1bb6e9455","ts":"2026-01-30T08:28:19.253-05:00","source":{"id":"0","name":"eventBus"}}
{"__type":"$$EventMessageRunner","id":"42421b27-7bd3-4e61-ab1c-c1b40d824574","ts":"2026-01-30T08:28:19.255-05:00","eventName":"n8n.runner.task.requested","message":"n8n.runner.task.requested","payload":{"taskId":"LAsDU8jF","nodeId":"63c8e941-d8b0-43c1-a638-dca0feab7eaa","workflowId":"_ZCyVnsgzIWEYq3x9LFpc","executionId":"47"}}
{"__type":"$$EventMessageConfirm","confirm":"42421b27-7bd3-4e61-ab1c-c1b40d824574","ts":"2026-01-30T08:28:19.255-05:00","source":{"id":"0","name":"eventBus"}}
{"__type":"$$EventMessageRunner","id":"3fa4e27b-f2b7-4e03-ac91-a1f873def04f","ts":"2026-01-30T08:28:19.269-05:00","eventName":"n8n.runner.response.received","message":"n8n.runner.response.received","payload":{"taskId":"LAsDU8jF","nodeId":"63c8e941-d8b0-43c1-a638-dca0feab7eaa","workflowId":"_ZCyVnsgzIWEYq3x9LFpc","executionId":"47"}}
{"__type":"$$EventMessageConfirm","confirm":"3fa4e27b-f2b7-4e03-ac91-a1f873def04f","ts":"2026-01-30T08:28:19.270-05:00","source":{"id":"0","name":"eventBus"}}
{"__type":"$$EventMessageNode","id":"4fc51537-757a-4780-a9b3-1e1e6ec971e2","ts":"2026-01-30T08:28:19.270-05:00","eventName":"n8n.node.finished","message":"n8n.node.finished","payload":{"workflowId":"_ZCyVnsgzIWEYq3x9LFpc","workflowName":"Module 3.1","executionId":"47","nodeType":"n8n-nodes-base.code","nodeName":"Add category","nodeId":"63c8e941-d8b0-43c1-a638-dca0feab7eaa"}}
{"__type":"$$EventMessageConfirm","confirm":"4fc51537-757a-4780-a9b3-1e1e6ec971e2","ts":"2026-01-30T08:28:19.270-05:00","source":{"id":"0","name":"eventBus"}}
{"__type":"$$EventMessageNode","id":"29cadf18-7ce7-4410-801f-93ed6df0689c","ts":"2026-01-30T08:28:19.271-05:00","eventName":"n8n.node.started","message":"n8n.node.started","payload":{"workflowId":"_ZCyVnsgzIWEYq3x9LFpc","workflowName":"Module 3.1","executionId":"47","nodeType":"n8n-nodes-base.code","nodeName":"log","nodeId":"e491cc4c-03e8-4763-9c56-064eadedf2e4"}}
{"__type":"$$EventMessageConfirm","confirm":"29cadf18-7ce7-4410-801f-93ed6df0689c","ts":"2026-01-30T08:28:19.271-05:00","source":{"id":"0","name":"eventBus"}}
{"__type":"$$EventMessageRunner","id":"e2ae984c-0d82-4235-889b-289fd0e9c3e1","ts":"2026-01-30T08:28:19.275-05:00","eventName":"n8n.runner.task.requested","message":"n8n.runner.task.requested","payload":{"taskId":"DbEbRbjp","nodeId":"e491cc4c-03e8-4763-9c56-064eadedf2e4","workflowId":"_ZCyVnsgzIWEYq3x9LFpc","executionId":"47"}}
{"__type":"$$EventMessageConfirm","confirm":"e2ae984c-0d82-4235-889b-289fd0e9c3e1","ts":"2026-01-30T08:28:19.275-05:00","source":{"id":"0","name":"eventBus"}}
{"__type":"$$EventMessageRunner","id":"ada7047f-33dd-4bad-abc9-9501195cc666","ts":"2026-01-30T08:28:19.310-05:00","eventName":"n8n.runner.response.received","message":"n8n.runner.response.received","payload":{"taskId":"DbEbRbjp","nodeId":"e491cc4c-03e8-4763-9c56-064eadedf2e4","workflowId":"_ZCyVnsgzIWEYq3x9LFpc","executionId":"47"}}
{"__type":"$$EventMessageConfirm","confirm":"ada7047f-33dd-4bad-abc9-9501195cc666","ts":"2026-01-30T08:28:19.310-05:00","source":{"id":"0","name":"eventBus"}}
{"__type":"$$EventMessageNode","id":"79181e25-8e13-47af-883b-a77dd58cfb9f","ts":"2026-01-30T08:28:19.310-05:00","eventName":"n8n.node.finished","message":"n8n.node.finished","payload":{"workflowId":"_ZCyVnsgzIWEYq3x9LFpc","workflowName":"Module 3.1","executionId":"47","nodeType":"n8n-nodes-base.code","nodeName":"log","nodeId":"e491cc4c-03e8-4763-9c56-064eadedf2e4"}}
{"__type":"$$EventMessageConfirm","confirm":"79181e25-8e13-47af-883b-a77dd58cfb9f","ts":"2026-01-30T08:28:19.310-05:00","source":{"id":"0","name":"eventBus"}}
{"__type":"$$EventMessageNode","id":"0ae0ca74-51cf-4f23-9e03-0c45a98d0b75","ts":"2026-01-30T08:28:19.311-05:00","eventName":"n8n.node.started","message":"n8n.node.started","payload":{"workflowId":"_ZCyVnsgzIWEYq3x9LFpc","workflowName":"Module 3.1","executionId":"47","nodeType":"n8n-nodes-base.switch","nodeName":"Categorize Orders","nodeId":"524136ac-0f69-4ea8-9d47-c39022052d10"}}
{"__type":"$$EventMessageConfirm","confirm":"0ae0ca74-51cf-4f23-9e03-0c45a98d0b75","ts":"2026-01-30T08:28:19.311-05:00","source":{"id":"0","name":"eventBus"}}
{"__type":"$$EventMessageNode","id":"5bdc8fc2-d631-43fc-9a02-28df07b42198","ts":"2026-01-30T08:28:19.328-05:00","eventName":"n8n.node.finished","message":"n8n.node.finished","payload":{"workflowId":"_ZCyVnsgzIWEYq3x9LFpc","workflowName":"Module 3.1","executionId":"47","nodeType":"n8n-nodes-base.switch","nodeName":"Categorize Orders","nodeId":"524136ac-0f69-4ea8-9d47-c39022052d10"}}
{"__type":"$$EventMessageConfirm","confirm":"5bdc8fc2-d631-43fc-9a02-28df07b42198","ts":"2026-01-30T08:28:19.328-05:00","source":{"id":"0","name":"eventBus"}}
{"__type":"$$EventMessageWorkflow","id":"5a88854a-c8aa-4835-b146-10c21fb969e7","ts":"2026-01-30T08:28:19.332-05:00","eventName":"n8n.workflow.success","message":"n8n.workflow.success","payload":{"executionId":"47","success":true,"isManual":true,"workflowId":"_ZCyVnsgzIWEYq3x9LFpc","workflowName":"Module 3.1"}}
{"__type":"$$EventMessageConfirm","confirm":"5a88854a-c8aa-4835-b146-10c21fb969e7","ts":"2026-01-30T08:28:19.332-05:00","source":{"id":"0","name":"eventBus"}}
{"__type":"$$EventMessageAudit","id":"54482636-95d9-445b-8cad-98d38f8f4596","ts":"2026-01-30T08:43:57.748-05:00","eventName":"n8n.audit.workflow.updated","message":"n8n.audit.workflow.updated","payload":{"userId":"c35fb34b-a2a8-4a9d-b01e-85bc0b8b53c6","_email":"danchenko57@gmail.com","_firstName":"Danchenko","_lastName":"Vyacheslav","globalRole":"global:owner","workflowId":"_ZCyVnsgzIWEYq3x9LFpc","workflowName":"Module 3.1"}}
{"__type":"$$EventMessageConfirm","confirm":"54482636-95d9-445b-8cad-98d38f8f4596","ts":"2026-01-30T08:43:57.749-05:00","source":{"id":"0","name":"eventBus"}}
{"__type":"$$EventMessageAudit","id":"6b36c3fd-a350-4944-bd81-0460195c797f","ts":"2026-01-30T08:44:02.114-05:00","eventName":"n8n.audit.workflow.activated","message":"n8n.audit.workflow.activated","payload":{"userId":"c35fb34b-a2a8-4a9d-b01e-85bc0b8b53c6","_email":"danchenko57@gmail.com","_firstName":"Danchenko","_lastName":"Vyacheslav","globalRole":"global:owner","workflowId":"_ZCyVnsgzIWEYq3x9LFpc","workflowName":"Module 3.1","activeVersionId":"eea7253a-c16d-423d-b9b3-50bf240ad82b"}}
{"__type":"$$EventMessageConfirm","confirm":"6b36c3fd-a350-4944-bd81-0460195c797f","ts":"2026-01-30T08:44:02.115-05:00","source":{"id":"0","name":"eventBus"}}
{"__type":"$$EventMessageWorkflow","id":"52af000b-4d34-45dd-9fa3-6568497a4c23","ts":"2026-01-30T08:44:13.409-05:00","eventName":"n8n.workflow.started","message":"n8n.workflow.started","payload":{"executionId":"48","workflowId":"_ZCyVnsgzIWEYq3x9LFpc","isManual":false,"workflowName":"Module 3.1"}}
{"__type":"$$EventMessageConfirm","confirm":"52af000b-4d34-45dd-9fa3-6568497a4c23","ts":"2026-01-30T08:44:13.409-05:00","source":{"id":"0","name":"eventBus"}}
{"__type":"$$EventMessageNode","id":"5352e11b-f86c-4a82-87f2-532d5f99002d","ts":"2026-01-30T08:44:13.411-05:00","eventName":"n8n.node.started","message":"n8n.node.started","payload":{"workflowId":"_ZCyVnsgzIWEYq3x9LFpc","workflowName":"Module 3.1","executionId":"48","nodeType":"n8n-nodes-base.webhook","nodeName":"Webhook Trigger","nodeId":"120cc02d-6248-4f9f-a93f-28d2b62fc77f"}}
{"__type":"$$EventMessageConfirm","confirm":"5352e11b-f86c-4a82-87f2-532d5f99002d","ts":"2026-01-30T08:44:13.411-05:00","source":{"id":"0","name":"eventBus"}}
{"__type":"$$EventMessageNode","id":"e8e0525f-0592-4c1f-b8e4-4e5babd9fd21","ts":"2026-01-30T08:44:13.412-05:00","eventName":"n8n.node.finished","message":"n8n.node.finished","payload":{"workflowId":"_ZCyVnsgzIWEYq3x9LFpc","workflowName":"Module 3.1","executionId":"48","nodeType":"n8n-nodes-base.webhook","nodeName":"Webhook Trigger","nodeId":"120cc02d-6248-4f9f-a93f-28d2b62fc77f"}}
{"__type":"$$EventMessageConfirm","confirm":"e8e0525f-0592-4c1f-b8e4-4e5babd9fd21","ts":"2026-01-30T08:44:13.412-05:00","source":{"id":"0","name":"eventBus"}}
{"__type":"$$EventMessageNode","id":"923e9ace-5174-4334-ae87-1cdfb9ee0ee7","ts":"2026-01-30T08:44:13.413-05:00","eventName":"n8n.node.started","message":"n8n.node.started","payload":{"workflowId":"_ZCyVnsgzIWEYq3x9LFpc","workflowName":"Module 3.1","executionId":"48","nodeType":"n8n-nodes-base.code","nodeName":"Add category","nodeId":"63c8e941-d8b0-43c1-a638-dca0feab7eaa"}}
{"__type":"$$EventMessageConfirm","confirm":"923e9ace-5174-4334-ae87-1cdfb9ee0ee7","ts":"2026-01-30T08:44:13.413-05:00","source":{"id":"0","name":"eventBus"}}
{"__type":"$$EventMessageRunner","id":"506d4918-1231-4771-82ae-a2da0bbc8bd3","ts":"2026-01-30T08:44:13.421-05:00","eventName":"n8n.runner.task.requested","message":"n8n.runner.task.requested","payload":{"taskId":"jL2Xhswz","nodeId":"63c8e941-d8b0-43c1-a638-dca0feab7eaa","workflowId":"_ZCyVnsgzIWEYq3x9LFpc","executionId":"48"}}
{"__type":"$$EventMessageConfirm","confirm":"506d4918-1231-4771-82ae-a2da0bbc8bd3","ts":"2026-01-30T08:44:13.422-05:00","source":{"id":"0","name":"eventBus"}}
{"__type":"$$EventMessageRunner","id":"31701c3b-41b2-41cc-a859-fff3403e4d6f","ts":"2026-01-30T08:44:13.495-05:00","eventName":"n8n.runner.response.received","message":"n8n.runner.response.received","payload":{"taskId":"jL2Xhswz","nodeId":"63c8e941-d8b0-43c1-a638-dca0feab7eaa","workflowId":"_ZCyVnsgzIWEYq3x9LFpc","executionId":"48"}}
{"__type":"$$EventMessageConfirm","confirm":"31701c3b-41b2-41cc-a859-fff3403e4d6f","ts":"2026-01-30T08:44:13.496-05:00","source":{"id":"0","name":"eventBus"}}
{"__type":"$$EventMessageNode","id":"ac48c44a-8357-4f6f-86fa-e476c6b7f0d9","ts":"2026-01-30T08:44:13.497-05:00","eventName":"n8n.node.finished","message":"n8n.node.finished","payload":{"workflowId":"_ZCyVnsgzIWEYq3x9LFpc","workflowName":"Module 3.1","executionId":"48","nodeType":"n8n-nodes-base.code","nodeName":"Add category","nodeId":"63c8e941-d8b0-43c1-a638-dca0feab7eaa"}}
{"__type":"$$EventMessageConfirm","confirm":"ac48c44a-8357-4f6f-86fa-e476c6b7f0d9","ts":"2026-01-30T08:44:13.497-05:00","source":{"id":"0","name":"eventBus"}}
{"__type":"$$EventMessageNode","id":"f6fbfc7e-14cf-43b4-8890-3f563f5f8967","ts":"2026-01-30T08:44:13.498-05:00","eventName":"n8n.node.started","message":"n8n.node.started","payload":{"workflowId":"_ZCyVnsgzIWEYq3x9LFpc","workflowName":"Module 3.1","executionId":"48","nodeType":"n8n-nodes-base.switch","nodeName":"Categorize Orders","nodeId":"524136ac-0f69-4ea8-9d47-c39022052d10"}}
{"__type":"$$EventMessageConfirm","confirm":"f6fbfc7e-14cf-43b4-8890-3f563f5f8967","ts":"2026-01-30T08:44:13.498-05:00","source":{"id":"0","name":"eventBus"}}
{"__type":"$$EventMessageNode","id":"a77bee73-6405-4b5c-934a-1efacaedb7c2","ts":"2026-01-30T08:44:13.503-05:00","eventName":"n8n.node.finished","message":"n8n.node.finished","payload":{"workflowId":"_ZCyVnsgzIWEYq3x9LFpc","workflowName":"Module 3.1","executionId":"48","nodeType":"n8n-nodes-base.switch","nodeName":"Categorize Orders","nodeId":"524136ac-0f69-4ea8-9d47-c39022052d10"}}
{"__type":"$$EventMessageConfirm","confirm":"a77bee73-6405-4b5c-934a-1efacaedb7c2","ts":"2026-01-30T08:44:13.503-05:00","source":{"id":"0","name":"eventBus"}}
{"__type":"$$EventMessageWorkflow","id":"006aec05-4d7f-42e3-83be-bb78c860e2d6","ts":"2026-01-30T08:44:13.507-05:00","eventName":"n8n.workflow.success","message":"n8n.workflow.success","payload":{"executionId":"48","success":true,"isManual":true,"workflowId":"_ZCyVnsgzIWEYq3x9LFpc","workflowName":"Module 3.1"}}
{"__type":"$$EventMessageConfirm","confirm":"006aec05-4d7f-42e3-83be-bb78c860e2d6","ts":"2026-01-30T08:44:13.507-05:00","source":{"id":"0","name":"eventBus"}}
{"__type":"$$EventMessageAudit","id":"78f3aed9-cb65-4664-990a-33282db9046c","ts":"2026-01-30T08:45:01.149-05:00","eventName":"n8n.audit.workflow.updated","message":"n8n.audit.workflow.updated","payload":{"userId":"c35fb34b-a2a8-4a9d-b01e-85bc0b8b53c6","_email":"danchenko57@gmail.com","_firstName":"Danchenko","_lastName":"Vyacheslav","globalRole":"global:owner","workflowId":"_ZCyVnsgzIWEYq3x9LFpc","workflowName":"Module 3.1"}}
{"__type":"$$EventMessageConfirm","confirm":"78f3aed9-cb65-4664-990a-33282db9046c","ts":"2026-01-30T08:45:01.150-05:00","source":{"id":"0","name":"eventBus"}}
{"__type":"$$EventMessageAudit","id":"2554b4a8-52f1-4be2-a3ca-0bb458f05022","ts":"2026-01-30T08:45:05.521-05:00","eventName":"n8n.audit.workflow.activated","message":"n8n.audit.workflow.activated","payload":{"userId":"c35fb34b-a2a8-4a9d-b01e-85bc0b8b53c6","_email":"danchenko57@gmail.com","_firstName":"Danchenko","_lastName":"Vyacheslav","globalRole":"global:owner","workflowId":"_ZCyVnsgzIWEYq3x9LFpc","workflowName":"Module 3.1","activeVersionId":"6eecc04a-2d50-42d4-97ce-9f866d50ed7f"}}
{"__type":"$$EventMessageConfirm","confirm":"2554b4a8-52f1-4be2-a3ca-0bb458f05022","ts":"2026-01-30T08:45:05.521-05:00","source":{"id":"0","name":"eventBus"}}
{"__type":"$$EventMessageWorkflow","id":"19043412-0380-43f3-b7a7-8ab0e58d25fc","ts":"2026-01-30T08:45:15.110-05:00","eventName":"n8n.workflow.started","message":"n8n.workflow.started","payload":{"executionId":"49","workflowId":"_ZCyVnsgzIWEYq3x9LFpc","isManual":false,"workflowName":"Module 3.1"}}
{"__type":"$$EventMessageConfirm","confirm":"19043412-0380-43f3-b7a7-8ab0e58d25fc","ts":"2026-01-30T08:45:15.111-05:00","source":{"id":"0","name":"eventBus"}}
{"__type":"$$EventMessageNode","id":"5ccbf2e9-387d-40de-a11e-93295eda9f8b","ts":"2026-01-30T08:45:15.112-05:00","eventName":"n8n.node.started","message":"n8n.node.started","payload":{"workflowId":"_ZCyVnsgzIWEYq3x9LFpc","workflowName":"Module 3.1","executionId":"49","nodeType":"n8n-nodes-base.webhook","nodeName":"Webhook Trigger","nodeId":"120cc02d-6248-4f9f-a93f-28d2b62fc77f"}}
{"__type":"$$EventMessageConfirm","confirm":"5ccbf2e9-387d-40de-a11e-93295eda9f8b","ts":"2026-01-30T08:45:15.112-05:00","source":{"id":"0","name":"eventBus"}}
{"__type":"$$EventMessageNode","id":"7ea8cd09-c324-44e0-bfb5-b72d5a0cb5c3","ts":"2026-01-30T08:45:15.112-05:00","eventName":"n8n.node.finished","message":"n8n.node.finished","payload":{"workflowId":"_ZCyVnsgzIWEYq3x9LFpc","workflowName":"Module 3.1","executionId":"49","nodeType":"n8n-nodes-base.webhook","nodeName":"Webhook Trigger","nodeId":"120cc02d-6248-4f9f-a93f-28d2b62fc77f"}}
{"__type":"$$EventMessageConfirm","confirm":"7ea8cd09-c324-44e0-bfb5-b72d5a0cb5c3","ts":"2026-01-30T08:45:15.112-05:00","source":{"id":"0","name":"eventBus"}}
{"__type":"$$EventMessageNode","id":"776748df-8455-49f1-b92f-90e4e541da87","ts":"2026-01-30T08:45:15.113-05:00","eventName":"n8n.node.started","message":"n8n.node.started","payload":{"workflowId":"_ZCyVnsgzIWEYq3x9LFpc","workflowName":"Module 3.1","executionId":"49","nodeType":"n8n-nodes-base.code","nodeName":"Add category","nodeId":"63c8e941-d8b0-43c1-a638-dca0feab7eaa"}}
{"__type":"$$EventMessageConfirm","confirm":"776748df-8455-49f1-b92f-90e4e541da87","ts":"2026-01-30T08:45:15.113-05:00","source":{"id":"0","name":"eventBus"}}
{"__type":"$$EventMessageRunner","id":"50b3bc13-ac42-4f25-af17-1efa45178f91","ts":"2026-01-30T08:45:15.115-05:00","eventName":"n8n.runner.task.requested","message":"n8n.runner.task.requested","payload":{"taskId":"-JK6ecaf","nodeId":"63c8e941-d8b0-43c1-a638-dca0feab7eaa","workflowId":"_ZCyVnsgzIWEYq3x9LFpc","executionId":"49"}}
{"__type":"$$EventMessageConfirm","confirm":"50b3bc13-ac42-4f25-af17-1efa45178f91","ts":"2026-01-30T08:45:15.115-05:00","source":{"id":"0","name":"eventBus"}}
{"__type":"$$EventMessageRunner","id":"8383a7a8-25c4-40e1-ae28-ecad5c97ff2c","ts":"2026-01-30T08:45:15.136-05:00","eventName":"n8n.runner.response.received","message":"n8n.runner.response.received","payload":{"taskId":"-JK6ecaf","nodeId":"63c8e941-d8b0-43c1-a638-dca0feab7eaa","workflowId":"_ZCyVnsgzIWEYq3x9LFpc","executionId":"49"}}
{"__type":"$$EventMessageConfirm","confirm":"8383a7a8-25c4-40e1-ae28-ecad5c97ff2c","ts":"2026-01-30T08:45:15.136-05:00","source":{"id":"0","name":"eventBus"}}
{"__type":"$$EventMessageNode","id":"833e10a1-4553-4515-9bc9-747d61c24f8d","ts":"2026-01-30T08:45:15.136-05:00","eventName":"n8n.node.finished","message":"n8n.node.finished","payload":{"workflowId":"_ZCyVnsgzIWEYq3x9LFpc","workflowName":"Module 3.1","executionId":"49","nodeType":"n8n-nodes-base.code","nodeName":"Add category","nodeId":"63c8e941-d8b0-43c1-a638-dca0feab7eaa"}}
{"__type":"$$EventMessageConfirm","confirm":"833e10a1-4553-4515-9bc9-747d61c24f8d","ts":"2026-01-30T08:45:15.136-05:00","source":{"id":"0","name":"eventBus"}}
{"__type":"$$EventMessageNode","id":"aa077216-5a91-4de7-98be-6ea6eedcd8fa","ts":"2026-01-30T08:45:15.141-05:00","eventName":"n8n.node.started","message":"n8n.node.started","payload":{"workflowId":"_ZCyVnsgzIWEYq3x9LFpc","workflowName":"Module 3.1","executionId":"49","nodeType":"n8n-nodes-base.switch","nodeName":"Categorize Orders","nodeId":"524136ac-0f69-4ea8-9d47-c39022052d10"}}
{"__type":"$$EventMessageConfirm","confirm":"aa077216-5a91-4de7-98be-6ea6eedcd8fa","ts":"2026-01-30T08:45:15.141-05:00","source":{"id":"0","name":"eventBus"}}
{"__type":"$$EventMessageNode","id":"0d99894d-3ab7-4431-815c-bc64c801bca7","ts":"2026-01-30T08:45:15.147-05:00","eventName":"n8n.node.finished","message":"n8n.node.finished","payload":{"workflowId":"_ZCyVnsgzIWEYq3x9LFpc","workflowName":"Module 3.1","executionId":"49","nodeType":"n8n-nodes-base.switch","nodeName":"Categorize Orders","nodeId":"524136ac-0f69-4ea8-9d47-c39022052d10"}}
{"__type":"$$EventMessageConfirm","confirm":"0d99894d-3ab7-4431-815c-bc64c801bca7","ts":"2026-01-30T08:45:15.148-05:00","source":{"id":"0","name":"eventBus"}}
{"__type":"$$EventMessageNode","id":"e20ff5a3-6e58-405f-8b0f-98f982dfac06","ts":"2026-01-30T08:45:15.149-05:00","eventName":"n8n.node.started","message":"n8n.node.started","payload":{"workflowId":"_ZCyVnsgzIWEYq3x9LFpc","workflowName":"Module 3.1","executionId":"49","nodeType":"n8n-nodes-base.noOp","nodeName":"Ignore Order","nodeId":"ae6e89fb-035a-4365-a335-a75b6aaea83f"}}
{"__type":"$$EventMessageConfirm","confirm":"e20ff5a3-6e58-405f-8b0f-98f982dfac06","ts":"2026-01-30T08:45:15.149-05:00","source":{"id":"0","name":"eventBus"}}
{"__type":"$$EventMessageNode","id":"539fa906-80f9-4594-bd98-7cec7b3f8b75","ts":"2026-01-30T08:45:15.150-05:00","eventName":"n8n.node.finished","message":"n8n.node.finished","payload":{"workflowId":"_ZCyVnsgzIWEYq3x9LFpc","workflowName":"Module 3.1","executionId":"49","nodeType":"n8n-nodes-base.noOp","nodeName":"Ignore Order","nodeId":"ae6e89fb-035a-4365-a335-a75b6aaea83f"}}
{"__type":"$$EventMessageConfirm","confirm":"539fa906-80f9-4594-bd98-7cec7b3f8b75","ts":"2026-01-30T08:45:15.150-05:00","source":{"id":"0","name":"eventBus"}}
{"__type":"$$EventMessageNode","id":"5e79ea6d-dd6c-4bad-b5e2-0789d0a3bd0e","ts":"2026-01-30T08:45:15.173-05:00","eventName":"n8n.node.started","message":"n8n.node.started","payload":{"workflowId":"_ZCyVnsgzIWEYq3x9LFpc","workflowName":"Module 3.1","executionId":"49","nodeType":"n8n-nodes-base.merge","nodeName":"Merge Orders","nodeId":"278562e3-c9e6-4518-8329-97d97974738a"}}
{"__type":"$$EventMessageConfirm","confirm":"5e79ea6d-dd6c-4bad-b5e2-0789d0a3bd0e","ts":"2026-01-30T08:45:15.173-05:00","source":{"id":"0","name":"eventBus"}}
{"__type":"$$EventMessageNode","id":"f5f24c11-813b-467a-bce5-780fe9e152b4","ts":"2026-01-30T08:45:15.202-05:00","eventName":"n8n.node.finished","message":"n8n.node.finished","payload":{"workflowId":"_ZCyVnsgzIWEYq3x9LFpc","workflowName":"Module 3.1","executionId":"49","nodeType":"n8n-nodes-base.merge","nodeName":"Merge Orders","nodeId":"278562e3-c9e6-4518-8329-97d97974738a"}}
{"__type":"$$EventMessageConfirm","confirm":"f5f24c11-813b-467a-bce5-780fe9e152b4","ts":"2026-01-30T08:45:15.203-05:00","source":{"id":"0","name":"eventBus"}}
{"__type":"$$EventMessageWorkflow","id":"071ea6c2-dbc4-4a05-a11f-b6d014a52ceb","ts":"2026-01-30T08:45:15.208-05:00","eventName":"n8n.workflow.failed","message":"n8n.workflow.failed","payload":{"executionId":"49","success":false,"isManual":true,"workflowId":"_ZCyVnsgzIWEYq3x9LFpc","workflowName":"Module 3.1","lastNodeExecuted":"Merge Orders","errorMessage":"You need to define at least one pair of fields in \"Fields to Match\" to match on"}}
{"__type":"$$EventMessageConfirm","confirm":"071ea6c2-dbc4-4a05-a11f-b6d014a52ceb","ts":"2026-01-30T08:45:15.209-05:00","source":{"id":"0","name":"eventBus"}}
{"__type":"$$EventMessageAudit","id":"16c95367-f97a-471c-9a74-3694515c610e","ts":"2026-01-30T09:45:52.024-05:00","eventName":"n8n.audit.workflow.updated","message":"n8n.audit.workflow.updated","payload":{"userId":"c35fb34b-a2a8-4a9d-b01e-85bc0b8b53c6","_email":"danchenko57@gmail.com","_firstName":"Danchenko","_lastName":"Vyacheslav","globalRole":"global:owner","workflowId":"_ZCyVnsgzIWEYq3x9LFpc","workflowName":"Module 3.1"}}
{"__type":"$$EventMessageConfirm","confirm":"16c95367-f97a-471c-9a74-3694515c610e","ts":"2026-01-30T09:45:52.030-05:00","source":{"id":"0","name":"eventBus"}}
