{"__type":"$$EventMessageAudit","id":"1c5aed8a-7c46-4d42-bd3c-42e3b43c1440","ts":"2026-01-21T08:05:08.115+00:00","eventName":"n8n.audit.workflow.created","message":"n8n.audit.workflow.created","payload":{"userId":"c35fb34b-a2a8-4a9d-b01e-85bc0b8b53c6","_email":"danchenko57@gmail.com","_firstName":"Danchenko","_lastName":"Vyacheslav","globalRole":"global:owner","workflowId":"ajQVvGRFW1gRNsgN1uk3X","workflowName":"My workflow"}}
{"__type":"$$EventMessageConfirm","confirm":"1c5aed8a-7c46-4d42-bd3c-42e3b43c1440","ts":"2026-01-21T08:05:08.118+00:00","source":{"id":"0","name":"eventBus"}}
{"__type":"$$EventMessageWorkflow","id":"b6e019ca-4ac4-411f-a620-80f2b0e52c00","ts":"2026-01-21T08:05:08.361+00:00","eventName":"n8n.workflow.started","message":"n8n.workflow.started","payload":{"executionId":"1","workflowId":"ajQVvGRFW1gRNsgN1uk3X","isManual":false,"workflowName":"My workflow"}}
{"__type":"$$EventMessageConfirm","confirm":"b6e019ca-4ac4-411f-a620-80f2b0e52c00","ts":"2026-01-21T08:05:08.361+00:00","source":{"id":"0","name":"eventBus"}}
{"__type":"$$EventMessageNode","id":"4932c635-dd19-4028-be0f-e5609eaaeb5e","ts":"2026-01-21T08:05:08.363+00:00","eventName":"n8n.node.started","message":"n8n.node.started","payload":{"workflowId":"ajQVvGRFW1gRNsgN1uk3X","workflowName":"My workflow","executionId":"1","nodeType":"n8n-nodes-base.manualTrigger","nodeName":"When clicking ‘Execute workflow’","nodeId":"f5d75fed-3078-4a3e-b69f-8e05774150f7"}}
{"__type":"$$EventMessageConfirm","confirm":"4932c635-dd19-4028-be0f-e5609eaaeb5e","ts":"2026-01-21T08:05:08.363+00:00","source":{"id":"0","name":"eventBus"}}
{"__type":"$$EventMessageNode","id":"7c1ba5c0-43f4-431a-83c9-a38a0f18a514","ts":"2026-01-21T08:05:08.369+00:00","eventName":"n8n.node.finished","message":"n8n.node.finished","payload":{"workflowId":"ajQVvGRFW1gRNsgN1uk3X","workflowName":"My workflow","executionId":"1","nodeType":"n8n-nodes-base.manualTrigger","nodeName":"When clicking ‘Execute workflow’","nodeId":"f5d75fed-3078-4a3e-b69f-8e05774150f7"}}
{"__type":"$$EventMessageConfirm","confirm":"7c1ba5c0-43f4-431a-83c9-a38a0f18a514","ts":"2026-01-21T08:05:08.369+00:00","source":{"id":"0","name":"eventBus"}}
{"__type":"$$EventMessageNode","id":"6af2812d-5a3e-41e0-88c4-97671c2fa3c7","ts":"2026-01-21T08:05:08.370+00:00","eventName":"n8n.node.started","message":"n8n.node.started","payload":{"workflowId":"ajQVvGRFW1gRNsgN1uk3X","workflowName":"My workflow","executionId":"1","nodeType":"n8n-nodes-base.httpRequest","nodeName":"HTTP Request","nodeId":"a74cd937-a504-4cf4-a1b3-4e0c7c07fc0d"}}
{"__type":"$$EventMessageConfirm","confirm":"6af2812d-5a3e-41e0-88c4-97671c2fa3c7","ts":"2026-01-21T08:05:08.371+00:00","source":{"id":"0","name":"eventBus"}}
{"__type":"$$EventMessageNode","id":"216b1a4f-ff4d-4d52-ba7c-b6e9bae55291","ts":"2026-01-21T08:05:08.636+00:00","eventName":"n8n.node.finished","message":"n8n.node.finished","payload":{"workflowId":"ajQVvGRFW1gRNsgN1uk3X","workflowName":"My workflow","executionId":"1","nodeType":"n8n-nodes-base.httpRequest","nodeName":"HTTP Request","nodeId":"a74cd937-a504-4cf4-a1b3-4e0c7c07fc0d"}}
{"__type":"$$EventMessageConfirm","confirm":"216b1a4f-ff4d-4d52-ba7c-b6e9bae55291","ts":"2026-01-21T08:05:08.636+00:00","source":{"id":"0","name":"eventBus"}}
{"__type":"$$EventMessageWorkflow","id":"2bc5f1a9-0a08-4755-9266-8a6b2f465d5b","ts":"2026-01-21T08:05:08.642+00:00","eventName":"n8n.workflow.success","message":"n8n.workflow.success","payload":{"userId":"c35fb34b-a2a8-4a9d-b01e-85bc0b8b53c6","executionId":"1","success":true,"isManual":true,"workflowId":"ajQVvGRFW1gRNsgN1uk3X","workflowName":"My workflow"}}
{"__type":"$$EventMessageConfirm","confirm":"2bc5f1a9-0a08-4755-9266-8a6b2f465d5b","ts":"2026-01-21T08:05:08.642+00:00","source":{"id":"0","name":"eventBus"}}
{"__type":"$$EventMessageWorkflow","id":"1fc8ec8a-255c-4404-b58c-6368f1d33f19","ts":"2026-01-21T08:07:41.870+00:00","eventName":"n8n.workflow.started","message":"n8n.workflow.started","payload":{"executionId":"2","workflowId":"ajQVvGRFW1gRNsgN1uk3X","isManual":false,"workflowName":"My workflow"}}
{"__type":"$$EventMessageConfirm","confirm":"1fc8ec8a-255c-4404-b58c-6368f1d33f19","ts":"2026-01-21T08:07:41.872+00:00","source":{"id":"0","name":"eventBus"}}
{"__type":"$$EventMessageNode","id":"92933f25-13f0-4fae-9e72-034401051c19","ts":"2026-01-21T08:07:41.876+00:00","eventName":"n8n.node.started","message":"n8n.node.started","payload":{"workflowId":"ajQVvGRFW1gRNsgN1uk3X","workflowName":"My workflow","executionId":"2","nodeType":"n8n-nodes-base.manualTrigger","nodeName":"When clicking ‘Execute workflow’","nodeId":"f5d75fed-3078-4a3e-b69f-8e05774150f7"}}
{"__type":"$$EventMessageConfirm","confirm":"92933f25-13f0-4fae-9e72-034401051c19","ts":"2026-01-21T08:07:41.878+00:00","source":{"id":"0","name":"eventBus"}}
{"__type":"$$EventMessageNode","id":"d44e7eeb-8b93-4bff-b20e-b40ff8313fd9","ts":"2026-01-21T08:07:41.882+00:00","eventName":"n8n.node.finished","message":"n8n.node.finished","payload":{"workflowId":"ajQVvGRFW1gRNsgN1uk3X","workflowName":"My workflow","executionId":"2","nodeType":"n8n-nodes-base.manualTrigger","nodeName":"When clicking ‘Execute workflow’","nodeId":"f5d75fed-3078-4a3e-b69f-8e05774150f7"}}
{"__type":"$$EventMessageConfirm","confirm":"d44e7eeb-8b93-4bff-b20e-b40ff8313fd9","ts":"2026-01-21T08:07:41.882+00:00","source":{"id":"0","name":"eventBus"}}
{"__type":"$$EventMessageNode","id":"ffe1d958-7b3c-49fa-9357-9b4fe1350012","ts":"2026-01-21T08:07:41.883+00:00","eventName":"n8n.node.started","message":"n8n.node.started","payload":{"workflowId":"ajQVvGRFW1gRNsgN1uk3X","workflowName":"My workflow","executionId":"2","nodeType":"n8n-nodes-base.httpRequest","nodeName":"HTTP Request","nodeId":"a74cd937-a504-4cf4-a1b3-4e0c7c07fc0d"}}
{"__type":"$$EventMessageConfirm","confirm":"ffe1d958-7b3c-49fa-9357-9b4fe1350012","ts":"2026-01-21T08:07:41.884+00:00","source":{"id":"0","name":"eventBus"}}
{"__type":"$$EventMessageNode","id":"fbe344ac-b338-4c77-a52d-bd238e1d2772","ts":"2026-01-21T08:07:42.052+00:00","eventName":"n8n.node.finished","message":"n8n.node.finished","payload":{"workflowId":"ajQVvGRFW1gRNsgN1uk3X","workflowName":"My workflow","executionId":"2","nodeType":"n8n-nodes-base.httpRequest","nodeName":"HTTP Request","nodeId":"a74cd937-a504-4cf4-a1b3-4e0c7c07fc0d"}}
{"__type":"$$EventMessageConfirm","confirm":"fbe344ac-b338-4c77-a52d-bd238e1d2772","ts":"2026-01-21T08:07:42.052+00:00","source":{"id":"0","name":"eventBus"}}
{"__type":"$$EventMessageWorkflow","id":"e3fcadeb-661f-4079-a82f-33dcf4b7e512","ts":"2026-01-21T08:07:42.058+00:00","eventName":"n8n.workflow.success","message":"n8n.workflow.success","payload":{"userId":"c35fb34b-a2a8-4a9d-b01e-85bc0b8b53c6","executionId":"2","success":true,"isManual":true,"workflowId":"ajQVvGRFW1gRNsgN1uk3X","workflowName":"My workflow"}}
{"__type":"$$EventMessageConfirm","confirm":"e3fcadeb-661f-4079-a82f-33dcf4b7e512","ts":"2026-01-21T08:07:42.059+00:00","source":{"id":"0","name":"eventBus"}}
{"__type":"$$EventMessageAudit","id":"0883ded4-1d73-41de-9508-49019a0a2fed","ts":"2026-01-21T08:13:21.591+00:00","eventName":"n8n.audit.workflow.created","message":"n8n.audit.workflow.created","payload":{"userId":"c35fb34b-a2a8-4a9d-b01e-85bc0b8b53c6","_email":"danchenko57@gmail.com","_firstName":"Danchenko","_lastName":"Vyacheslav","globalRole":"global:owner","workflowId":"4zmnhckcZAxDHXeJNInzr","workflowName":"My workflow 2"}}
{"__type":"$$EventMessageConfirm","confirm":"0883ded4-1d73-41de-9508-49019a0a2fed","ts":"2026-01-21T08:13:21.594+00:00","source":{"id":"0","name":"eventBus"}}
{"__type":"$$EventMessageWorkflow","id":"18aa0f0d-a53b-4c75-9211-2deaa132df6a","ts":"2026-01-21T08:13:21.917+00:00","eventName":"n8n.workflow.started","message":"n8n.workflow.started","payload":{"executionId":"3","workflowId":"4zmnhckcZAxDHXeJNInzr","isManual":false,"workflowName":"My workflow 2"}}
{"__type":"$$EventMessageConfirm","confirm":"18aa0f0d-a53b-4c75-9211-2deaa132df6a","ts":"2026-01-21T08:13:21.917+00:00","source":{"id":"0","name":"eventBus"}}
{"__type":"$$EventMessageNode","id":"63f7f58c-4113-4852-b40d-8d4a1c15d70f","ts":"2026-01-21T08:13:21.918+00:00","eventName":"n8n.node.started","message":"n8n.node.started","payload":{"workflowId":"4zmnhckcZAxDHXeJNInzr","workflowName":"My workflow 2","executionId":"3","nodeType":"n8n-nodes-base.manualTrigger","nodeName":"When clicking ‘Execute workflow’","nodeId":"5ca76d7a-9810-4c26-8648-fe6dbe7a109b"}}
{"__type":"$$EventMessageConfirm","confirm":"63f7f58c-4113-4852-b40d-8d4a1c15d70f","ts":"2026-01-21T08:13:21.918+00:00","source":{"id":"0","name":"eventBus"}}
{"__type":"$$EventMessageNode","id":"b68793de-ba2c-4b5c-b85e-8960b1c95598","ts":"2026-01-21T08:13:21.920+00:00","eventName":"n8n.node.finished","message":"n8n.node.finished","payload":{"workflowId":"4zmnhckcZAxDHXeJNInzr","workflowName":"My workflow 2","executionId":"3","nodeType":"n8n-nodes-base.manualTrigger","nodeName":"When clicking ‘Execute workflow’","nodeId":"5ca76d7a-9810-4c26-8648-fe6dbe7a109b"}}
{"__type":"$$EventMessageConfirm","confirm":"b68793de-ba2c-4b5c-b85e-8960b1c95598","ts":"2026-01-21T08:13:21.920+00:00","source":{"id":"0","name":"eventBus"}}
{"__type":"$$EventMessageNode","id":"d3376395-ff58-47ad-9d8b-45e309b2018a","ts":"2026-01-21T08:13:21.924+00:00","eventName":"n8n.node.started","message":"n8n.node.started","payload":{"workflowId":"4zmnhckcZAxDHXeJNInzr","workflowName":"My workflow 2","executionId":"3","nodeType":"n8n-nodes-base.httpRequest","nodeName":"HTTP Request","nodeId":"6ac3cb4e-df00-41cb-a068-399f0bae1456"}}
{"__type":"$$EventMessageConfirm","confirm":"d3376395-ff58-47ad-9d8b-45e309b2018a","ts":"2026-01-21T08:13:21.924+00:00","source":{"id":"0","name":"eventBus"}}
{"__type":"$$EventMessageNode","id":"cbe34351-0fc3-4e64-b4f4-374180e1fb34","ts":"2026-01-21T08:13:22.198+00:00","eventName":"n8n.node.finished","message":"n8n.node.finished","payload":{"workflowId":"4zmnhckcZAxDHXeJNInzr","workflowName":"My workflow 2","executionId":"3","nodeType":"n8n-nodes-base.httpRequest","nodeName":"HTTP Request","nodeId":"6ac3cb4e-df00-41cb-a068-399f0bae1456"}}
{"__type":"$$EventMessageConfirm","confirm":"cbe34351-0fc3-4e64-b4f4-374180e1fb34","ts":"2026-01-21T08:13:22.198+00:00","source":{"id":"0","name":"eventBus"}}
{"__type":"$$EventMessageWorkflow","id":"6cc5f0a9-58f7-44ed-a645-47423c9d9a51","ts":"2026-01-21T08:13:22.200+00:00","eventName":"n8n.workflow.success","message":"n8n.workflow.success","payload":{"userId":"c35fb34b-a2a8-4a9d-b01e-85bc0b8b53c6","executionId":"3","success":true,"isManual":true,"workflowId":"4zmnhckcZAxDHXeJNInzr","workflowName":"My workflow 2"}}
{"__type":"$$EventMessageConfirm","confirm":"6cc5f0a9-58f7-44ed-a645-47423c9d9a51","ts":"2026-01-21T08:13:22.200+00:00","source":{"id":"0","name":"eventBus"}}
{"__type":"$$EventMessageWorkflow","id":"f77abada-2949-4901-a97d-c4aef1c81750","ts":"2026-01-21T08:21:32.777+00:00","eventName":"n8n.workflow.started","message":"n8n.workflow.started","payload":{"executionId":"4","workflowId":"4zmnhckcZAxDHXeJNInzr","isManual":false,"workflowName":"My workflow 2"}}
{"__type":"$$EventMessageConfirm","confirm":"f77abada-2949-4901-a97d-c4aef1c81750","ts":"2026-01-21T08:21:32.780+00:00","source":{"id":"0","name":"eventBus"}}
{"__type":"$$EventMessageNode","id":"adf5b757-78f1-48ad-aa32-60f627d47893","ts":"2026-01-21T08:21:32.782+00:00","eventName":"n8n.node.started","message":"n8n.node.started","payload":{"workflowId":"4zmnhckcZAxDHXeJNInzr","workflowName":"My workflow 2","executionId":"4","nodeType":"n8n-nodes-base.manualTrigger","nodeName":"When clicking ‘Execute workflow’","nodeId":"5ca76d7a-9810-4c26-8648-fe6dbe7a109b"}}
{"__type":"$$EventMessageConfirm","confirm":"adf5b757-78f1-48ad-aa32-60f627d47893","ts":"2026-01-21T08:21:32.782+00:00","source":{"id":"0","name":"eventBus"}}
{"__type":"$$EventMessageNode","id":"04d40ce4-1263-4645-82ad-3e5d81f635c9","ts":"2026-01-21T08:21:32.787+00:00","eventName":"n8n.node.finished","message":"n8n.node.finished","payload":{"workflowId":"4zmnhckcZAxDHXeJNInzr","workflowName":"My workflow 2","executionId":"4","nodeType":"n8n-nodes-base.manualTrigger","nodeName":"When clicking ‘Execute workflow’","nodeId":"5ca76d7a-9810-4c26-8648-fe6dbe7a109b"}}
{"__type":"$$EventMessageConfirm","confirm":"04d40ce4-1263-4645-82ad-3e5d81f635c9","ts":"2026-01-21T08:21:32.788+00:00","source":{"id":"0","name":"eventBus"}}
{"__type":"$$EventMessageNode","id":"341cc164-8a1b-4abc-9b57-7d4af222bf86","ts":"2026-01-21T08:21:32.788+00:00","eventName":"n8n.node.started","message":"n8n.node.started","payload":{"workflowId":"4zmnhckcZAxDHXeJNInzr","workflowName":"My workflow 2","executionId":"4","nodeType":"n8n-nodes-base.httpRequest","nodeName":"HTTP Request","nodeId":"6ac3cb4e-df00-41cb-a068-399f0bae1456"}}
{"__type":"$$EventMessageConfirm","confirm":"341cc164-8a1b-4abc-9b57-7d4af222bf86","ts":"2026-01-21T08:21:32.788+00:00","source":{"id":"0","name":"eventBus"}}
{"__type":"$$EventMessageNode","id":"36343437-70c2-45aa-ade1-f8a67429cd48","ts":"2026-01-21T08:21:33.048+00:00","eventName":"n8n.node.finished","message":"n8n.node.finished","payload":{"workflowId":"4zmnhckcZAxDHXeJNInzr","workflowName":"My workflow 2","executionId":"4","nodeType":"n8n-nodes-base.httpRequest","nodeName":"HTTP Request","nodeId":"6ac3cb4e-df00-41cb-a068-399f0bae1456"}}
{"__type":"$$EventMessageConfirm","confirm":"36343437-70c2-45aa-ade1-f8a67429cd48","ts":"2026-01-21T08:21:33.048+00:00","source":{"id":"0","name":"eventBus"}}
{"__type":"$$EventMessageNode","id":"54f1fdc9-ea80-42a0-a21e-429a88d827b0","ts":"2026-01-21T08:21:33.049+00:00","eventName":"n8n.node.started","message":"n8n.node.started","payload":{"workflowId":"4zmnhckcZAxDHXeJNInzr","workflowName":"My workflow 2","executionId":"4","nodeType":"n8n-nodes-base.set","nodeName":"Edit Fields","nodeId":"cd0983c3-8aee-45c6-b738-85a828ca5e1e"}}
{"__type":"$$EventMessageConfirm","confirm":"54f1fdc9-ea80-42a0-a21e-429a88d827b0","ts":"2026-01-21T08:21:33.049+00:00","source":{"id":"0","name":"eventBus"}}
{"__type":"$$EventMessageNode","id":"2f460b76-c59d-45a2-9cb2-8ec64b76472f","ts":"2026-01-21T03:21:33.255-05:00","eventName":"n8n.node.finished","message":"n8n.node.finished","payload":{"workflowId":"4zmnhckcZAxDHXeJNInzr","workflowName":"My workflow 2","executionId":"4","nodeType":"n8n-nodes-base.set","nodeName":"Edit Fields","nodeId":"cd0983c3-8aee-45c6-b738-85a828ca5e1e"}}
{"__type":"$$EventMessageConfirm","confirm":"2f460b76-c59d-45a2-9cb2-8ec64b76472f","ts":"2026-01-21T03:21:33.255-05:00","source":{"id":"0","name":"eventBus"}}
{"__type":"$$EventMessageWorkflow","id":"221926ec-057a-46d4-86f7-016b818ec06d","ts":"2026-01-21T03:21:33.262-05:00","eventName":"n8n.workflow.success","message":"n8n.workflow.success","payload":{"userId":"c35fb34b-a2a8-4a9d-b01e-85bc0b8b53c6","executionId":"4","success":true,"isManual":true,"workflowId":"4zmnhckcZAxDHXeJNInzr","workflowName":"My workflow 2"}}
{"__type":"$$EventMessageConfirm","confirm":"221926ec-057a-46d4-86f7-016b818ec06d","ts":"2026-01-21T03:21:33.262-05:00","source":{"id":"0","name":"eventBus"}}
{"__type":"$$EventMessageAudit","id":"1463541f-5f3e-4993-b380-7dfeddadddaa","ts":"2026-01-21T03:46:56.060-05:00","eventName":"n8n.audit.user.credentials.created","message":"n8n.audit.user.credentials.created","payload":{"userId":"c35fb34b-a2a8-4a9d-b01e-85bc0b8b53c6","_email":"danchenko57@gmail.com","_firstName":"Danchenko","_lastName":"Vyacheslav","globalRole":"global:owner","credentialType":"googleApi","credentialId":"VpVNcJmXtULUXBRU","publicApi":false,"projectId":"uXfRmyQYmGxTgGD5","projectType":"personal","uiContext":"workflow_list"}}
{"__type":"$$EventMessageConfirm","confirm":"1463541f-5f3e-4993-b380-7dfeddadddaa","ts":"2026-01-21T03:46:56.069-05:00","source":{"id":"0","name":"eventBus"}}
{"__type":"$$EventMessageWorkflow","id":"3df29c17-f763-44db-8ece-8e268e6929fd","ts":"2026-01-21T03:47:56.230-05:00","eventName":"n8n.workflow.failed","message":"n8n.workflow.failed","payload":{"userId":"c35fb34b-a2a8-4a9d-b01e-85bc0b8b53c6","executionId":"5","success":false,"isManual":true,"workflowId":"4zmnhckcZAxDHXeJNInzr","workflowName":"My workflow 2","errorMessage":"The workflow has issues and cannot be executed for that reason. Please fix them first."}}
{"__type":"$$EventMessageConfirm","confirm":"3df29c17-f763-44db-8ece-8e268e6929fd","ts":"2026-01-21T03:47:56.230-05:00","source":{"id":"0","name":"eventBus"}}
{"__type":"$$EventMessageAudit","id":"5bdbef7f-9851-42b2-9c13-10dfe77f5498","ts":"2026-01-21T03:59:10.037-05:00","eventName":"n8n.audit.user.credentials.created","message":"n8n.audit.user.credentials.created","payload":{"userId":"c35fb34b-a2a8-4a9d-b01e-85bc0b8b53c6","_email":"danchenko57@gmail.com","_firstName":"Danchenko","_lastName":"Vyacheslav","globalRole":"global:owner","credentialType":"googleApi","credentialId":"aaM1CxSgcNz6AeeU","publicApi":false,"projectId":"uXfRmyQYmGxTgGD5","projectType":"personal"}}
{"__type":"$$EventMessageConfirm","confirm":"5bdbef7f-9851-42b2-9c13-10dfe77f5498","ts":"2026-01-21T03:59:10.045-05:00","source":{"id":"0","name":"eventBus"}}
{"__type":"$$EventMessageAudit","id":"34773a7e-baa8-45e3-94e7-d073951232b6","ts":"2026-01-21T04:00:38.826-05:00","eventName":"n8n.audit.user.credentials.updated","message":"n8n.audit.user.credentials.updated","payload":{"userId":"c35fb34b-a2a8-4a9d-b01e-85bc0b8b53c6","_email":"danchenko57@gmail.com","_firstName":"Danchenko","_lastName":"Vyacheslav","globalRole":"global:owner","credentialType":"googleApi","credentialId":"aaM1CxSgcNz6AeeU"}}
{"__type":"$$EventMessageConfirm","confirm":"34773a7e-baa8-45e3-94e7-d073951232b6","ts":"2026-01-21T04:00:38.827-05:00","source":{"id":"0","name":"eventBus"}}
{"__type":"$$EventMessageAudit","id":"65d21b15-220c-40ea-8fb4-0b030e041f8f","ts":"2026-01-22T03:14:05.841-05:00","eventName":"n8n.audit.user.credentials.updated","message":"n8n.audit.user.credentials.updated","payload":{"userId":"c35fb34b-a2a8-4a9d-b01e-85bc0b8b53c6","_email":"danchenko57@gmail.com","_firstName":"Danchenko","_lastName":"Vyacheslav","globalRole":"global:owner","credentialType":"googleApi","credentialId":"aaM1CxSgcNz6AeeU"}}
{"__type":"$$EventMessageConfirm","confirm":"65d21b15-220c-40ea-8fb4-0b030e041f8f","ts":"2026-01-22T03:14:05.850-05:00","source":{"id":"0","name":"eventBus"}}
{"__type":"$$EventMessageAudit","id":"c9145f06-3cfd-4459-b632-cec9fdc0077b","ts":"2026-01-22T03:27:34.651-05:00","eventName":"n8n.audit.user.credentials.updated","message":"n8n.audit.user.credentials.updated","payload":{"userId":"c35fb34b-a2a8-4a9d-b01e-85bc0b8b53c6","_email":"danchenko57@gmail.com","_firstName":"Danchenko","_lastName":"Vyacheslav","globalRole":"global:owner","credentialType":"googleApi","credentialId":"aaM1CxSgcNz6AeeU"}}
{"__type":"$$EventMessageConfirm","confirm":"c9145f06-3cfd-4459-b632-cec9fdc0077b","ts":"2026-01-22T03:27:34.655-05:00","source":{"id":"0","name":"eventBus"}}
{"__type":"$$EventMessageAudit","id":"32dd393e-02b3-4dc7-8bce-869b7a135322","ts":"2026-01-22T08:19:02.170-05:00","eventName":"n8n.audit.user.credentials.updated","message":"n8n.audit.user.credentials.updated","payload":{"userId":"c35fb34b-a2a8-4a9d-b01e-85bc0b8b53c6","_email":"danchenko57@gmail.com","_firstName":"Danchenko","_lastName":"Vyacheslav","globalRole":"global:owner","credentialType":"googleApi","credentialId":"aaM1CxSgcNz6AeeU"}}
{"__type":"$$EventMessageConfirm","confirm":"32dd393e-02b3-4dc7-8bce-869b7a135322","ts":"2026-01-22T08:19:02.185-05:00","source":{"id":"0","name":"eventBus"}}
{"__type":"$$EventMessageAudit","id":"94c833f7-db8c-49f7-b947-d7feda2bdcbb","ts":"2026-01-22T08:21:30.320-05:00","eventName":"n8n.audit.user.credentials.updated","message":"n8n.audit.user.credentials.updated","payload":{"userId":"c35fb34b-a2a8-4a9d-b01e-85bc0b8b53c6","_email":"danchenko57@gmail.com","_firstName":"Danchenko","_lastName":"Vyacheslav","globalRole":"global:owner","credentialType":"googleApi","credentialId":"aaM1CxSgcNz6AeeU"}}
{"__type":"$$EventMessageConfirm","confirm":"94c833f7-db8c-49f7-b947-d7feda2bdcbb","ts":"2026-01-22T08:21:30.321-05:00","source":{"id":"0","name":"eventBus"}}
{"__type":"$$EventMessageAudit","id":"984029f3-5da5-4b59-908d-a0a2aeb19ad4","ts":"2026-01-23T02:28:02.779-05:00","eventName":"n8n.audit.user.credentials.created","message":"n8n.audit.user.credentials.created","payload":{"userId":"c35fb34b-a2a8-4a9d-b01e-85bc0b8b53c6","_email":"danchenko57@gmail.com","_firstName":"Danchenko","_lastName":"Vyacheslav","globalRole":"global:owner","credentialType":"gmailOAuth2","credentialId":"h4MRgeGYdVxbHJaO","publicApi":false,"projectId":"uXfRmyQYmGxTgGD5","projectType":"personal"}}
{"__type":"$$EventMessageConfirm","confirm":"984029f3-5da5-4b59-908d-a0a2aeb19ad4","ts":"2026-01-23T02:28:02.789-05:00","source":{"id":"0","name":"eventBus"}}
{"__type":"$$EventMessageWorkflow","id":"ca764bba-e31d-4d76-8421-c0d3cff10577","ts":"2026-01-23T02:29:30.220-05:00","eventName":"n8n.workflow.failed","message":"n8n.workflow.failed","payload":{"userId":"c35fb34b-a2a8-4a9d-b01e-85bc0b8b53c6","executionId":"6","success":false,"isManual":true,"workflowId":"4zmnhckcZAxDHXeJNInzr","workflowName":"My workflow 2","errorMessage":"The workflow has issues and cannot be executed for that reason. Please fix them first."}}
{"__type":"$$EventMessageConfirm","confirm":"ca764bba-e31d-4d76-8421-c0d3cff10577","ts":"2026-01-23T02:29:30.223-05:00","source":{"id":"0","name":"eventBus"}}
{"__type":"$$EventMessageWorkflow","id":"9b187de0-9b95-434c-b03e-2fa304ad3676","ts":"2026-01-23T02:30:15.172-05:00","eventName":"n8n.workflow.started","message":"n8n.workflow.started","payload":{"executionId":"7","workflowId":"4zmnhckcZAxDHXeJNInzr","isManual":false,"workflowName":"My workflow 2"}}
{"__type":"$$EventMessageConfirm","confirm":"9b187de0-9b95-434c-b03e-2fa304ad3676","ts":"2026-01-23T02:30:15.172-05:00","source":{"id":"0","name":"eventBus"}}
{"__type":"$$EventMessageNode","id":"d8fbf859-8363-4fb5-8929-b296fcb5fbdf","ts":"2026-01-23T02:30:15.178-05:00","eventName":"n8n.node.started","message":"n8n.node.started","payload":{"workflowId":"4zmnhckcZAxDHXeJNInzr","workflowName":"My workflow 2","executionId":"7","nodeType":"n8n-nodes-base.manualTrigger","nodeName":"When clicking ‘Execute workflow’","nodeId":"5ca76d7a-9810-4c26-8648-fe6dbe7a109b"}}
{"__type":"$$EventMessageConfirm","confirm":"d8fbf859-8363-4fb5-8929-b296fcb5fbdf","ts":"2026-01-23T02:30:15.179-05:00","source":{"id":"0","name":"eventBus"}}
{"__type":"$$EventMessageNode","id":"c3235a79-0d8f-4700-929a-392496ef3174","ts":"2026-01-23T02:30:15.203-05:00","eventName":"n8n.node.finished","message":"n8n.node.finished","payload":{"workflowId":"4zmnhckcZAxDHXeJNInzr","workflowName":"My workflow 2","executionId":"7","nodeType":"n8n-nodes-base.manualTrigger","nodeName":"When clicking ‘Execute workflow’","nodeId":"5ca76d7a-9810-4c26-8648-fe6dbe7a109b"}}
{"__type":"$$EventMessageConfirm","confirm":"c3235a79-0d8f-4700-929a-392496ef3174","ts":"2026-01-23T02:30:15.203-05:00","source":{"id":"0","name":"eventBus"}}
{"__type":"$$EventMessageNode","id":"5cdebec9-b4b0-44b2-bf08-3750fddcce33","ts":"2026-01-23T02:30:15.206-05:00","eventName":"n8n.node.started","message":"n8n.node.started","payload":{"workflowId":"4zmnhckcZAxDHXeJNInzr","workflowName":"My workflow 2","executionId":"7","nodeType":"n8n-nodes-base.httpRequest","nodeName":"HTTP Request","nodeId":"6ac3cb4e-df00-41cb-a068-399f0bae1456"}}
{"__type":"$$EventMessageConfirm","confirm":"5cdebec9-b4b0-44b2-bf08-3750fddcce33","ts":"2026-01-23T02:30:15.206-05:00","source":{"id":"0","name":"eventBus"}}
{"__type":"$$EventMessageNode","id":"bdb727f7-8e27-4b67-88f3-624048d65858","ts":"2026-01-23T02:30:15.544-05:00","eventName":"n8n.node.finished","message":"n8n.node.finished","payload":{"workflowId":"4zmnhckcZAxDHXeJNInzr","workflowName":"My workflow 2","executionId":"7","nodeType":"n8n-nodes-base.httpRequest","nodeName":"HTTP Request","nodeId":"6ac3cb4e-df00-41cb-a068-399f0bae1456"}}
{"__type":"$$EventMessageConfirm","confirm":"bdb727f7-8e27-4b67-88f3-624048d65858","ts":"2026-01-23T02:30:15.545-05:00","source":{"id":"0","name":"eventBus"}}
{"__type":"$$EventMessageNode","id":"37e81463-37d4-42cc-92b3-30620dda1bb7","ts":"2026-01-23T02:30:15.547-05:00","eventName":"n8n.node.started","message":"n8n.node.started","payload":{"workflowId":"4zmnhckcZAxDHXeJNInzr","workflowName":"My workflow 2","executionId":"7","nodeType":"n8n-nodes-base.set","nodeName":"Edit Fields","nodeId":"cd0983c3-8aee-45c6-b738-85a828ca5e1e"}}
{"__type":"$$EventMessageConfirm","confirm":"37e81463-37d4-42cc-92b3-30620dda1bb7","ts":"2026-01-23T02:30:15.547-05:00","source":{"id":"0","name":"eventBus"}}
{"__type":"$$EventMessageNode","id":"7e7ed0a3-0a90-478e-9e9e-72a319666a71","ts":"2026-01-23T02:30:15.609-05:00","eventName":"n8n.node.finished","message":"n8n.node.finished","payload":{"workflowId":"4zmnhckcZAxDHXeJNInzr","workflowName":"My workflow 2","executionId":"7","nodeType":"n8n-nodes-base.set","nodeName":"Edit Fields","nodeId":"cd0983c3-8aee-45c6-b738-85a828ca5e1e"}}
{"__type":"$$EventMessageConfirm","confirm":"7e7ed0a3-0a90-478e-9e9e-72a319666a71","ts":"2026-01-23T02:30:15.610-05:00","source":{"id":"0","name":"eventBus"}}
{"__type":"$$EventMessageNode","id":"1bdaefcd-36c8-464e-94c3-03dc1bf8f752","ts":"2026-01-23T02:30:15.611-05:00","eventName":"n8n.node.started","message":"n8n.node.started","payload":{"workflowId":"4zmnhckcZAxDHXeJNInzr","workflowName":"My workflow 2","executionId":"7","nodeType":"n8n-nodes-base.gmail","nodeName":"Send a message","nodeId":"6c853dc1-0e6c-4438-a338-c91515ce4522"}}
{"__type":"$$EventMessageConfirm","confirm":"1bdaefcd-36c8-464e-94c3-03dc1bf8f752","ts":"2026-01-23T02:30:15.611-05:00","source":{"id":"0","name":"eventBus"}}
{"__type":"$$EventMessageNode","id":"4ab546e2-6327-423d-a101-5ca77ef99d63","ts":"2026-01-23T02:30:15.918-05:00","eventName":"n8n.node.finished","message":"n8n.node.finished","payload":{"workflowId":"4zmnhckcZAxDHXeJNInzr","workflowName":"My workflow 2","executionId":"7","nodeType":"n8n-nodes-base.gmail","nodeName":"Send a message","nodeId":"6c853dc1-0e6c-4438-a338-c91515ce4522"}}
{"__type":"$$EventMessageConfirm","confirm":"4ab546e2-6327-423d-a101-5ca77ef99d63","ts":"2026-01-23T02:30:15.918-05:00","source":{"id":"0","name":"eventBus"}}
{"__type":"$$EventMessageWorkflow","id":"f0ba9380-816e-4ff8-a0b3-de13c7b20d64","ts":"2026-01-23T02:30:15.929-05:00","eventName":"n8n.workflow.failed","message":"n8n.workflow.failed","payload":{"userId":"c35fb34b-a2a8-4a9d-b01e-85bc0b8b53c6","executionId":"7","success":false,"isManual":true,"workflowId":"4zmnhckcZAxDHXeJNInzr","workflowName":"My workflow 2","lastNodeExecuted":"Send a message","errorNodeType":"n8n-nodes-base.gmail","errorMessage":"Unable to sign without access token (item 0)"}}
{"__type":"$$EventMessageConfirm","confirm":"f0ba9380-816e-4ff8-a0b3-de13c7b20d64","ts":"2026-01-23T02:30:15.930-05:00","source":{"id":"0","name":"eventBus"}}
{"__type":"$$EventMessageAudit","id":"1203e45f-84fd-4918-a255-14495fb15a4f","ts":"2026-01-23T02:39:45.132-05:00","eventName":"n8n.audit.user.credentials.updated","message":"n8n.audit.user.credentials.updated","payload":{"userId":"c35fb34b-a2a8-4a9d-b01e-85bc0b8b53c6","_email":"danchenko57@gmail.com","_firstName":"Danchenko","_lastName":"Vyacheslav","globalRole":"global:owner","credentialType":"gmailOAuth2","credentialId":"h4MRgeGYdVxbHJaO"}}
{"__type":"$$EventMessageConfirm","confirm":"1203e45f-84fd-4918-a255-14495fb15a4f","ts":"2026-01-23T02:39:45.135-05:00","source":{"id":"0","name":"eventBus"}}
{"__type":"$$EventMessageAudit","id":"42e42fd4-6c38-4fec-b758-fb343749562e","ts":"2026-01-23T02:40:51.019-05:00","eventName":"n8n.audit.user.credentials.updated","message":"n8n.audit.user.credentials.updated","payload":{"userId":"c35fb34b-a2a8-4a9d-b01e-85bc0b8b53c6","_email":"danchenko57@gmail.com","_firstName":"Danchenko","_lastName":"Vyacheslav","globalRole":"global:owner","credentialType":"gmailOAuth2","credentialId":"h4MRgeGYdVxbHJaO"}}
{"__type":"$$EventMessageConfirm","confirm":"42e42fd4-6c38-4fec-b758-fb343749562e","ts":"2026-01-23T02:40:51.019-05:00","source":{"id":"0","name":"eventBus"}}
{"__type":"$$EventMessageAudit","id":"cd02d1e8-0f9d-419b-97fc-32ab659e41ac","ts":"2026-01-23T02:44:59.797-05:00","eventName":"n8n.audit.user.credentials.updated","message":"n8n.audit.user.credentials.updated","payload":{"userId":"c35fb34b-a2a8-4a9d-b01e-85bc0b8b53c6","_email":"danchenko57@gmail.com","_firstName":"Danchenko","_lastName":"Vyacheslav","globalRole":"global:owner","credentialType":"gmailOAuth2","credentialId":"h4MRgeGYdVxbHJaO"}}
{"__type":"$$EventMessageConfirm","confirm":"cd02d1e8-0f9d-419b-97fc-32ab659e41ac","ts":"2026-01-23T02:44:59.797-05:00","source":{"id":"0","name":"eventBus"}}
{"__type":"$$EventMessageAudit","id":"31c05c68-fb1f-4746-9eb4-5970a43dcd59","ts":"2026-01-23T02:47:52.975-05:00","eventName":"n8n.audit.user.credentials.updated","message":"n8n.audit.user.credentials.updated","payload":{"userId":"c35fb34b-a2a8-4a9d-b01e-85bc0b8b53c6","_email":"danchenko57@gmail.com","_firstName":"Danchenko","_lastName":"Vyacheslav","globalRole":"global:owner","credentialType":"gmailOAuth2","credentialId":"h4MRgeGYdVxbHJaO"}}
{"__type":"$$EventMessageConfirm","confirm":"31c05c68-fb1f-4746-9eb4-5970a43dcd59","ts":"2026-01-23T02:47:52.976-05:00","source":{"id":"0","name":"eventBus"}}
{"__type":"$$EventMessageAudit","id":"34d983e0-b819-4746-aa59-d67ec2caf4c4","ts":"2026-01-23T02:48:41.277-05:00","eventName":"n8n.audit.user.credentials.updated","message":"n8n.audit.user.credentials.updated","payload":{"userId":"c35fb34b-a2a8-4a9d-b01e-85bc0b8b53c6","_email":"danchenko57@gmail.com","_firstName":"Danchenko","_lastName":"Vyacheslav","globalRole":"global:owner","credentialType":"gmailOAuth2","credentialId":"h4MRgeGYdVxbHJaO"}}
{"__type":"$$EventMessageConfirm","confirm":"34d983e0-b819-4746-aa59-d67ec2caf4c4","ts":"2026-01-23T02:48:41.277-05:00","source":{"id":"0","name":"eventBus"}}
{"__type":"$$EventMessageAudit","id":"1a70ebb4-b9db-401e-8085-547ff9ef8649","ts":"2026-01-23T02:50:37.515-05:00","eventName":"n8n.audit.user.credentials.updated","message":"n8n.audit.user.credentials.updated","payload":{"userId":"c35fb34b-a2a8-4a9d-b01e-85bc0b8b53c6","_email":"danchenko57@gmail.com","_firstName":"Danchenko","_lastName":"Vyacheslav","globalRole":"global:owner","credentialType":"gmailOAuth2","credentialId":"h4MRgeGYdVxbHJaO"}}
{"__type":"$$EventMessageConfirm","confirm":"1a70ebb4-b9db-401e-8085-547ff9ef8649","ts":"2026-01-23T02:50:37.516-05:00","source":{"id":"0","name":"eventBus"}}
{"__type":"$$EventMessageWorkflow","id":"67db04a4-32d6-4750-8198-64efabd06fd1","ts":"2026-01-23T02:53:38.083-05:00","eventName":"n8n.workflow.started","message":"n8n.workflow.started","payload":{"executionId":"8","workflowId":"4zmnhckcZAxDHXeJNInzr","isManual":false,"workflowName":"My workflow 2"}}
{"__type":"$$EventMessageConfirm","confirm":"67db04a4-32d6-4750-8198-64efabd06fd1","ts":"2026-01-23T02:53:38.084-05:00","source":{"id":"0","name":"eventBus"}}
{"__type":"$$EventMessageNode","id":"233944a0-4e2e-4066-bc6c-449cb090eb66","ts":"2026-01-23T02:53:38.086-05:00","eventName":"n8n.node.started","message":"n8n.node.started","payload":{"workflowId":"4zmnhckcZAxDHXeJNInzr","workflowName":"My workflow 2","executionId":"8","nodeType":"n8n-nodes-base.manualTrigger","nodeName":"When clicking ‘Execute workflow’","nodeId":"5ca76d7a-9810-4c26-8648-fe6dbe7a109b"}}
{"__type":"$$EventMessageConfirm","confirm":"233944a0-4e2e-4066-bc6c-449cb090eb66","ts":"2026-01-23T02:53:38.087-05:00","source":{"id":"0","name":"eventBus"}}
{"__type":"$$EventMessageNode","id":"8ab7554f-f933-42ef-a68b-47475358d30f","ts":"2026-01-23T02:53:38.088-05:00","eventName":"n8n.node.finished","message":"n8n.node.finished","payload":{"workflowId":"4zmnhckcZAxDHXeJNInzr","workflowName":"My workflow 2","executionId":"8","nodeType":"n8n-nodes-base.manualTrigger","nodeName":"When clicking ‘Execute workflow’","nodeId":"5ca76d7a-9810-4c26-8648-fe6dbe7a109b"}}
{"__type":"$$EventMessageConfirm","confirm":"8ab7554f-f933-42ef-a68b-47475358d30f","ts":"2026-01-23T02:53:38.088-05:00","source":{"id":"0","name":"eventBus"}}
{"__type":"$$EventMessageNode","id":"c373cf83-bb15-4050-b22f-4606e68a6677","ts":"2026-01-23T02:53:38.089-05:00","eventName":"n8n.node.started","message":"n8n.node.started","payload":{"workflowId":"4zmnhckcZAxDHXeJNInzr","workflowName":"My workflow 2","executionId":"8","nodeType":"n8n-nodes-base.httpRequest","nodeName":"HTTP Request","nodeId":"6ac3cb4e-df00-41cb-a068-399f0bae1456"}}
{"__type":"$$EventMessageConfirm","confirm":"c373cf83-bb15-4050-b22f-4606e68a6677","ts":"2026-01-23T02:53:38.089-05:00","source":{"id":"0","name":"eventBus"}}
{"__type":"$$EventMessageNode","id":"32e0a536-f1aa-46c0-b555-5d1226df4992","ts":"2026-01-23T02:53:38.329-05:00","eventName":"n8n.node.finished","message":"n8n.node.finished","payload":{"workflowId":"4zmnhckcZAxDHXeJNInzr","workflowName":"My workflow 2","executionId":"8","nodeType":"n8n-nodes-base.httpRequest","nodeName":"HTTP Request","nodeId":"6ac3cb4e-df00-41cb-a068-399f0bae1456"}}
{"__type":"$$EventMessageConfirm","confirm":"32e0a536-f1aa-46c0-b555-5d1226df4992","ts":"2026-01-23T02:53:38.330-05:00","source":{"id":"0","name":"eventBus"}}
{"__type":"$$EventMessageWorkflow","id":"a244e787-3f2a-4c97-8890-75b4fcefd7fd","ts":"2026-01-23T02:53:38.334-05:00","eventName":"n8n.workflow.success","message":"n8n.workflow.success","payload":{"userId":"c35fb34b-a2a8-4a9d-b01e-85bc0b8b53c6","executionId":"8","success":true,"isManual":true,"workflowId":"4zmnhckcZAxDHXeJNInzr","workflowName":"My workflow 2"}}
{"__type":"$$EventMessageConfirm","confirm":"a244e787-3f2a-4c97-8890-75b4fcefd7fd","ts":"2026-01-23T02:53:38.334-05:00","source":{"id":"0","name":"eventBus"}}
{"__type":"$$EventMessageWorkflow","id":"b1649d21-2067-45cc-b40f-d81a16865568","ts":"2026-01-23T02:54:49.757-05:00","eventName":"n8n.workflow.started","message":"n8n.workflow.started","payload":{"executionId":"9","workflowId":"4zmnhckcZAxDHXeJNInzr","isManual":false,"workflowName":"My workflow 2"}}
{"__type":"$$EventMessageConfirm","confirm":"b1649d21-2067-45cc-b40f-d81a16865568","ts":"2026-01-23T02:54:49.757-05:00","source":{"id":"0","name":"eventBus"}}
{"__type":"$$EventMessageNode","id":"7f7acfde-90ed-44b4-96d4-ca89ceb38c8a","ts":"2026-01-23T02:54:49.763-05:00","eventName":"n8n.node.started","message":"n8n.node.started","payload":{"workflowId":"4zmnhckcZAxDHXeJNInzr","workflowName":"My workflow 2","executionId":"9","nodeType":"n8n-nodes-base.set","nodeName":"Edit Fields","nodeId":"745a8552-ed90-4c29-8bc4-ae84795026b6"}}
{"__type":"$$EventMessageConfirm","confirm":"7f7acfde-90ed-44b4-96d4-ca89ceb38c8a","ts":"2026-01-23T02:54:49.764-05:00","source":{"id":"0","name":"eventBus"}}
{"__type":"$$EventMessageNode","id":"716eee17-1131-48ac-aad1-6bb1f705ad15","ts":"2026-01-23T02:54:49.776-05:00","eventName":"n8n.node.finished","message":"n8n.node.finished","payload":{"workflowId":"4zmnhckcZAxDHXeJNInzr","workflowName":"My workflow 2","executionId":"9","nodeType":"n8n-nodes-base.set","nodeName":"Edit Fields","nodeId":"745a8552-ed90-4c29-8bc4-ae84795026b6"}}
{"__type":"$$EventMessageConfirm","confirm":"716eee17-1131-48ac-aad1-6bb1f705ad15","ts":"2026-01-23T02:54:49.776-05:00","source":{"id":"0","name":"eventBus"}}
{"__type":"$$EventMessageWorkflow","id":"cb69338f-332b-4d93-84e3-88c1df7eccc4","ts":"2026-01-23T02:54:49.782-05:00","eventName":"n8n.workflow.success","message":"n8n.workflow.success","payload":{"userId":"c35fb34b-a2a8-4a9d-b01e-85bc0b8b53c6","executionId":"9","success":true,"isManual":true,"workflowId":"4zmnhckcZAxDHXeJNInzr","workflowName":"My workflow 2"}}
{"__type":"$$EventMessageConfirm","confirm":"cb69338f-332b-4d93-84e3-88c1df7eccc4","ts":"2026-01-23T02:54:49.782-05:00","source":{"id":"0","name":"eventBus"}}
{"__type":"$$EventMessageAudit","id":"1b36482e-f592-4a48-937e-d7fb5a3f2a4f","ts":"2026-01-23T02:56:28.714-05:00","eventName":"n8n.audit.user.credentials.updated","message":"n8n.audit.user.credentials.updated","payload":{"userId":"c35fb34b-a2a8-4a9d-b01e-85bc0b8b53c6","_email":"danchenko57@gmail.com","_firstName":"Danchenko","_lastName":"Vyacheslav","globalRole":"global:owner","credentialType":"gmailOAuth2","credentialId":"h4MRgeGYdVxbHJaO"}}
{"__type":"$$EventMessageConfirm","confirm":"1b36482e-f592-4a48-937e-d7fb5a3f2a4f","ts":"2026-01-23T02:56:28.715-05:00","source":{"id":"0","name":"eventBus"}}
{"__type":"$$EventMessageAudit","id":"5670770a-0d7b-44fd-ad8f-4ceae9c3e9cb","ts":"2026-01-23T02:58:42.516-05:00","eventName":"n8n.audit.user.credentials.updated","message":"n8n.audit.user.credentials.updated","payload":{"userId":"c35fb34b-a2a8-4a9d-b01e-85bc0b8b53c6","_email":"danchenko57@gmail.com","_firstName":"Danchenko","_lastName":"Vyacheslav","globalRole":"global:owner","credentialType":"gmailOAuth2","credentialId":"h4MRgeGYdVxbHJaO"}}
{"__type":"$$EventMessageConfirm","confirm":"5670770a-0d7b-44fd-ad8f-4ceae9c3e9cb","ts":"2026-01-23T02:58:42.518-05:00","source":{"id":"0","name":"eventBus"}}
{"__type":"$$EventMessageAudit","id":"1f37ac8a-554d-4878-b229-a193132f3823","ts":"2026-01-23T05:49:36.756-05:00","eventName":"n8n.audit.user.credentials.updated","message":"n8n.audit.user.credentials.updated","payload":{"userId":"c35fb34b-a2a8-4a9d-b01e-85bc0b8b53c6","_email":"danchenko57@gmail.com","_firstName":"Danchenko","_lastName":"Vyacheslav","globalRole":"global:owner","credentialType":"gmailOAuth2","credentialId":"h4MRgeGYdVxbHJaO"}}
{"__type":"$$EventMessageConfirm","confirm":"1f37ac8a-554d-4878-b229-a193132f3823","ts":"2026-01-23T05:49:36.763-05:00","source":{"id":"0","name":"eventBus"}}
{"__type":"$$EventMessageAudit","id":"94248d26-3fa4-48d7-a978-e4d82301118e","ts":"2026-01-23T05:52:40.252-05:00","eventName":"n8n.audit.user.credentials.updated","message":"n8n.audit.user.credentials.updated","payload":{"userId":"c35fb34b-a2a8-4a9d-b01e-85bc0b8b53c6","_email":"danchenko57@gmail.com","_firstName":"Danchenko","_lastName":"Vyacheslav","globalRole":"global:owner","credentialType":"gmailOAuth2","credentialId":"h4MRgeGYdVxbHJaO"}}
{"__type":"$$EventMessageConfirm","confirm":"94248d26-3fa4-48d7-a978-e4d82301118e","ts":"2026-01-23T05:52:40.254-05:00","source":{"id":"0","name":"eventBus"}}
{"__type":"$$EventMessageWorkflow","id":"bf9d9a9e-aa76-4a87-9fd9-da08af8f40e3","ts":"2026-01-23T05:53:27.957-05:00","eventName":"n8n.workflow.failed","message":"n8n.workflow.failed","payload":{"userId":"c35fb34b-a2a8-4a9d-b01e-85bc0b8b53c6","executionId":"10","success":false,"isManual":true,"workflowId":"4zmnhckcZAxDHXeJNInzr","workflowName":"My workflow 2","errorMessage":"The workflow has issues and cannot be executed for that reason. Please fix them first."}}
{"__type":"$$EventMessageConfirm","confirm":"bf9d9a9e-aa76-4a87-9fd9-da08af8f40e3","ts":"2026-01-23T05:53:27.958-05:00","source":{"id":"0","name":"eventBus"}}
{"__type":"$$EventMessageWorkflow","id":"9671fdfd-cdff-4a80-b787-3fe5472fe916","ts":"2026-01-23T05:57:00.881-05:00","eventName":"n8n.workflow.started","message":"n8n.workflow.started","payload":{"executionId":"11","workflowId":"4zmnhckcZAxDHXeJNInzr","isManual":false,"workflowName":"My workflow 2"}}
{"__type":"$$EventMessageConfirm","confirm":"9671fdfd-cdff-4a80-b787-3fe5472fe916","ts":"2026-01-23T05:57:00.883-05:00","source":{"id":"0","name":"eventBus"}}
{"__type":"$$EventMessageNode","id":"57c562c9-cf86-4197-bb4f-c3d8ad0537c0","ts":"2026-01-23T05:57:00.895-05:00","eventName":"n8n.node.started","message":"n8n.node.started","payload":{"workflowId":"4zmnhckcZAxDHXeJNInzr","workflowName":"My workflow 2","executionId":"11","nodeType":"n8n-nodes-base.manualTrigger","nodeName":"When clicking ‘Execute workflow’","nodeId":"5ca76d7a-9810-4c26-8648-fe6dbe7a109b"}}
{"__type":"$$EventMessageConfirm","confirm":"57c562c9-cf86-4197-bb4f-c3d8ad0537c0","ts":"2026-01-23T05:57:00.897-05:00","source":{"id":"0","name":"eventBus"}}
{"__type":"$$EventMessageNode","id":"bc1c6727-8fa0-4bfe-88ec-faedc0fd29f9","ts":"2026-01-23T05:57:00.918-05:00","eventName":"n8n.node.finished","message":"n8n.node.finished","payload":{"workflowId":"4zmnhckcZAxDHXeJNInzr","workflowName":"My workflow 2","executionId":"11","nodeType":"n8n-nodes-base.manualTrigger","nodeName":"When clicking ‘Execute workflow’","nodeId":"5ca76d7a-9810-4c26-8648-fe6dbe7a109b"}}
{"__type":"$$EventMessageConfirm","confirm":"bc1c6727-8fa0-4bfe-88ec-faedc0fd29f9","ts":"2026-01-23T05:57:00.918-05:00","source":{"id":"0","name":"eventBus"}}
{"__type":"$$EventMessageNode","id":"bda857fa-bbe6-461b-a6fb-516efe0fb6da","ts":"2026-01-23T05:57:00.921-05:00","eventName":"n8n.node.started","message":"n8n.node.started","payload":{"workflowId":"4zmnhckcZAxDHXeJNInzr","workflowName":"My workflow 2","executionId":"11","nodeType":"n8n-nodes-base.httpRequest","nodeName":"HTTP Request","nodeId":"6ac3cb4e-df00-41cb-a068-399f0bae1456"}}
{"__type":"$$EventMessageConfirm","confirm":"bda857fa-bbe6-461b-a6fb-516efe0fb6da","ts":"2026-01-23T05:57:00.921-05:00","source":{"id":"0","name":"eventBus"}}
{"__type":"$$EventMessageNode","id":"37edda61-5ace-4351-bcd6-b490844ff46f","ts":"2026-01-23T05:57:01.256-05:00","eventName":"n8n.node.finished","message":"n8n.node.finished","payload":{"workflowId":"4zmnhckcZAxDHXeJNInzr","workflowName":"My workflow 2","executionId":"11","nodeType":"n8n-nodes-base.httpRequest","nodeName":"HTTP Request","nodeId":"6ac3cb4e-df00-41cb-a068-399f0bae1456"}}
{"__type":"$$EventMessageConfirm","confirm":"37edda61-5ace-4351-bcd6-b490844ff46f","ts":"2026-01-23T05:57:01.256-05:00","source":{"id":"0","name":"eventBus"}}
{"__type":"$$EventMessageNode","id":"fbb58284-7b00-4984-a626-5e8ba67e6c07","ts":"2026-01-23T05:57:01.258-05:00","eventName":"n8n.node.started","message":"n8n.node.started","payload":{"workflowId":"4zmnhckcZAxDHXeJNInzr","workflowName":"My workflow 2","executionId":"11","nodeType":"n8n-nodes-base.set","nodeName":"Edit Fields","nodeId":"745a8552-ed90-4c29-8bc4-ae84795026b6"}}
{"__type":"$$EventMessageConfirm","confirm":"fbb58284-7b00-4984-a626-5e8ba67e6c07","ts":"2026-01-23T05:57:01.259-05:00","source":{"id":"0","name":"eventBus"}}
{"__type":"$$EventMessageNode","id":"1ebf6d0e-36a2-4ec9-8d07-96c4f8296fcb","ts":"2026-01-23T05:57:01.278-05:00","eventName":"n8n.node.finished","message":"n8n.node.finished","payload":{"workflowId":"4zmnhckcZAxDHXeJNInzr","workflowName":"My workflow 2","executionId":"11","nodeType":"n8n-nodes-base.set","nodeName":"Edit Fields","nodeId":"745a8552-ed90-4c29-8bc4-ae84795026b6"}}
{"__type":"$$EventMessageConfirm","confirm":"1ebf6d0e-36a2-4ec9-8d07-96c4f8296fcb","ts":"2026-01-23T05:57:01.278-05:00","source":{"id":"0","name":"eventBus"}}
{"__type":"$$EventMessageNode","id":"e009d93f-bd78-4802-87d5-51976606eb53","ts":"2026-01-23T05:57:01.279-05:00","eventName":"n8n.node.started","message":"n8n.node.started","payload":{"workflowId":"4zmnhckcZAxDHXeJNInzr","workflowName":"My workflow 2","executionId":"11","nodeType":"n8n-nodes-base.gmail","nodeName":"Send a message","nodeId":"40e27162-3d1c-4eec-9345-8f02967b9398"}}
{"__type":"$$EventMessageConfirm","confirm":"e009d93f-bd78-4802-87d5-51976606eb53","ts":"2026-01-23T05:57:01.279-05:00","source":{"id":"0","name":"eventBus"}}
{"__type":"$$EventMessageNode","id":"661706ea-86e6-470d-9bf8-bb51766efb42","ts":"2026-01-23T05:57:01.876-05:00","eventName":"n8n.node.finished","message":"n8n.node.finished","payload":{"workflowId":"4zmnhckcZAxDHXeJNInzr","workflowName":"My workflow 2","executionId":"11","nodeType":"n8n-nodes-base.gmail","nodeName":"Send a message","nodeId":"40e27162-3d1c-4eec-9345-8f02967b9398"}}
{"__type":"$$EventMessageConfirm","confirm":"661706ea-86e6-470d-9bf8-bb51766efb42","ts":"2026-01-23T05:57:01.876-05:00","source":{"id":"0","name":"eventBus"}}
{"__type":"$$EventMessageWorkflow","id":"1923f981-bec2-4eb5-9ea4-5cec1ca47540","ts":"2026-01-23T05:57:01.887-05:00","eventName":"n8n.workflow.success","message":"n8n.workflow.success","payload":{"userId":"c35fb34b-a2a8-4a9d-b01e-85bc0b8b53c6","executionId":"11","success":true,"isManual":true,"workflowId":"4zmnhckcZAxDHXeJNInzr","workflowName":"My workflow 2"}}
{"__type":"$$EventMessageConfirm","confirm":"1923f981-bec2-4eb5-9ea4-5cec1ca47540","ts":"2026-01-23T05:57:01.887-05:00","source":{"id":"0","name":"eventBus"}}
{"__type":"$$EventMessageWorkflow","id":"4ebf71ba-d907-48b7-8517-75a2d1e2d497","ts":"2026-01-23T06:09:02.775-05:00","eventName":"n8n.workflow.started","message":"n8n.workflow.started","payload":{"executionId":"12","workflowId":"4zmnhckcZAxDHXeJNInzr","isManual":false,"workflowName":"My workflow 2"}}
{"__type":"$$EventMessageConfirm","confirm":"4ebf71ba-d907-48b7-8517-75a2d1e2d497","ts":"2026-01-23T06:09:02.777-05:00","source":{"id":"0","name":"eventBus"}}
{"__type":"$$EventMessageNode","id":"e68bccc4-dfda-4374-b391-5046f97698f3","ts":"2026-01-23T06:09:02.781-05:00","eventName":"n8n.node.started","message":"n8n.node.started","payload":{"workflowId":"4zmnhckcZAxDHXeJNInzr","workflowName":"My workflow 2","executionId":"12","nodeType":"n8n-nodes-base.manualTrigger","nodeName":"When clicking ‘Execute workflow’","nodeId":"5ca76d7a-9810-4c26-8648-fe6dbe7a109b"}}
{"__type":"$$EventMessageConfirm","confirm":"e68bccc4-dfda-4374-b391-5046f97698f3","ts":"2026-01-23T06:09:02.782-05:00","source":{"id":"0","name":"eventBus"}}
{"__type":"$$EventMessageNode","id":"915f809f-09b9-40d9-8d40-96aa7d60a598","ts":"2026-01-23T06:09:02.789-05:00","eventName":"n8n.node.finished","message":"n8n.node.finished","payload":{"workflowId":"4zmnhckcZAxDHXeJNInzr","workflowName":"My workflow 2","executionId":"12","nodeType":"n8n-nodes-base.manualTrigger","nodeName":"When clicking ‘Execute workflow’","nodeId":"5ca76d7a-9810-4c26-8648-fe6dbe7a109b"}}
{"__type":"$$EventMessageConfirm","confirm":"915f809f-09b9-40d9-8d40-96aa7d60a598","ts":"2026-01-23T06:09:02.789-05:00","source":{"id":"0","name":"eventBus"}}
{"__type":"$$EventMessageNode","id":"24e38fdc-68a6-42b9-a4d3-5999e0f4f2e4","ts":"2026-01-23T06:09:02.791-05:00","eventName":"n8n.node.started","message":"n8n.node.started","payload":{"workflowId":"4zmnhckcZAxDHXeJNInzr","workflowName":"My workflow 2","executionId":"12","nodeType":"n8n-nodes-base.httpRequest","nodeName":"HTTP Request","nodeId":"6ac3cb4e-df00-41cb-a068-399f0bae1456"}}
{"__type":"$$EventMessageConfirm","confirm":"24e38fdc-68a6-42b9-a4d3-5999e0f4f2e4","ts":"2026-01-23T06:09:02.791-05:00","source":{"id":"0","name":"eventBus"}}
{"__type":"$$EventMessageNode","id":"e0795b64-881c-48eb-8512-c636c858b24d","ts":"2026-01-23T06:09:03.113-05:00","eventName":"n8n.node.finished","message":"n8n.node.finished","payload":{"workflowId":"4zmnhckcZAxDHXeJNInzr","workflowName":"My workflow 2","executionId":"12","nodeType":"n8n-nodes-base.httpRequest","nodeName":"HTTP Request","nodeId":"6ac3cb4e-df00-41cb-a068-399f0bae1456"}}
{"__type":"$$EventMessageConfirm","confirm":"e0795b64-881c-48eb-8512-c636c858b24d","ts":"2026-01-23T06:09:03.113-05:00","source":{"id":"0","name":"eventBus"}}
{"__type":"$$EventMessageNode","id":"ee438c22-bb2d-4301-beef-df25bf3d5bda","ts":"2026-01-23T06:09:03.124-05:00","eventName":"n8n.node.started","message":"n8n.node.started","payload":{"workflowId":"4zmnhckcZAxDHXeJNInzr","workflowName":"My workflow 2","executionId":"12","nodeType":"n8n-nodes-base.set","nodeName":"Edit Fields","nodeId":"745a8552-ed90-4c29-8bc4-ae84795026b6"}}
{"__type":"$$EventMessageConfirm","confirm":"ee438c22-bb2d-4301-beef-df25bf3d5bda","ts":"2026-01-23T06:09:03.124-05:00","source":{"id":"0","name":"eventBus"}}
{"__type":"$$EventMessageNode","id":"881e1067-7c2a-4477-8079-74156a04628c","ts":"2026-01-23T06:09:03.151-05:00","eventName":"n8n.node.finished","message":"n8n.node.finished","payload":{"workflowId":"4zmnhckcZAxDHXeJNInzr","workflowName":"My workflow 2","executionId":"12","nodeType":"n8n-nodes-base.set","nodeName":"Edit Fields","nodeId":"745a8552-ed90-4c29-8bc4-ae84795026b6"}}
{"__type":"$$EventMessageConfirm","confirm":"881e1067-7c2a-4477-8079-74156a04628c","ts":"2026-01-23T06:09:03.151-05:00","source":{"id":"0","name":"eventBus"}}
{"__type":"$$EventMessageNode","id":"61edd6cd-fd45-4904-b132-c771ba1d6e21","ts":"2026-01-23T06:09:03.152-05:00","eventName":"n8n.node.started","message":"n8n.node.started","payload":{"workflowId":"4zmnhckcZAxDHXeJNInzr","workflowName":"My workflow 2","executionId":"12","nodeType":"n8n-nodes-base.gmail","nodeName":"Send a message","nodeId":"40e27162-3d1c-4eec-9345-8f02967b9398"}}
{"__type":"$$EventMessageConfirm","confirm":"61edd6cd-fd45-4904-b132-c771ba1d6e21","ts":"2026-01-23T06:09:03.152-05:00","source":{"id":"0","name":"eventBus"}}
{"__type":"$$EventMessageNode","id":"fcc50d6d-203c-4f86-9278-4332671990fd","ts":"2026-01-23T06:09:04.142-05:00","eventName":"n8n.node.finished","message":"n8n.node.finished","payload":{"workflowId":"4zmnhckcZAxDHXeJNInzr","workflowName":"My workflow 2","executionId":"12","nodeType":"n8n-nodes-base.gmail","nodeName":"Send a message","nodeId":"40e27162-3d1c-4eec-9345-8f02967b9398"}}
{"__type":"$$EventMessageConfirm","confirm":"fcc50d6d-203c-4f86-9278-4332671990fd","ts":"2026-01-23T06:09:04.142-05:00","source":{"id":"0","name":"eventBus"}}
{"__type":"$$EventMessageWorkflow","id":"83f76580-8c12-4bda-9213-f421e2253c1d","ts":"2026-01-23T06:09:04.174-05:00","eventName":"n8n.workflow.success","message":"n8n.workflow.success","payload":{"userId":"c35fb34b-a2a8-4a9d-b01e-85bc0b8b53c6","executionId":"12","success":true,"isManual":true,"workflowId":"4zmnhckcZAxDHXeJNInzr","workflowName":"My workflow 2"}}
{"__type":"$$EventMessageConfirm","confirm":"83f76580-8c12-4bda-9213-f421e2253c1d","ts":"2026-01-23T06:09:04.174-05:00","source":{"id":"0","name":"eventBus"}}
{"__type":"$$EventMessageWorkflow","id":"8b3db5c0-08ff-440c-b3aa-1700b2c1843d","ts":"2026-01-23T06:41:36.843-05:00","eventName":"n8n.workflow.started","message":"n8n.workflow.started","payload":{"executionId":"13","workflowId":"4zmnhckcZAxDHXeJNInzr","isManual":false,"workflowName":"My workflow 2"}}
{"__type":"$$EventMessageConfirm","confirm":"8b3db5c0-08ff-440c-b3aa-1700b2c1843d","ts":"2026-01-23T06:41:36.851-05:00","source":{"id":"0","name":"eventBus"}}
{"__type":"$$EventMessageNode","id":"37709b0d-b0da-4bcb-8c21-b300d2b00dbb","ts":"2026-01-23T06:41:36.860-05:00","eventName":"n8n.node.started","message":"n8n.node.started","payload":{"workflowId":"4zmnhckcZAxDHXeJNInzr","workflowName":"My workflow 2","executionId":"13","nodeType":"n8n-nodes-base.gmail","nodeName":"Send a message","nodeId":"40e27162-3d1c-4eec-9345-8f02967b9398"}}
{"__type":"$$EventMessageConfirm","confirm":"37709b0d-b0da-4bcb-8c21-b300d2b00dbb","ts":"2026-01-23T06:41:36.860-05:00","source":{"id":"0","name":"eventBus"}}
{"__type":"$$EventMessageNode","id":"161f0b56-e9ea-4ff2-a25c-a7119c09440f","ts":"2026-01-23T06:41:37.600-05:00","eventName":"n8n.node.finished","message":"n8n.node.finished","payload":{"workflowId":"4zmnhckcZAxDHXeJNInzr","workflowName":"My workflow 2","executionId":"13","nodeType":"n8n-nodes-base.gmail","nodeName":"Send a message","nodeId":"40e27162-3d1c-4eec-9345-8f02967b9398"}}
{"__type":"$$EventMessageConfirm","confirm":"161f0b56-e9ea-4ff2-a25c-a7119c09440f","ts":"2026-01-23T06:41:37.600-05:00","source":{"id":"0","name":"eventBus"}}
{"__type":"$$EventMessageWorkflow","id":"3de65b57-46fd-45db-9a00-f2af58a82c88","ts":"2026-01-23T06:41:37.622-05:00","eventName":"n8n.workflow.success","message":"n8n.workflow.success","payload":{"userId":"c35fb34b-a2a8-4a9d-b01e-85bc0b8b53c6","executionId":"13","success":true,"isManual":true,"workflowId":"4zmnhckcZAxDHXeJNInzr","workflowName":"My workflow 2"}}
{"__type":"$$EventMessageConfirm","confirm":"3de65b57-46fd-45db-9a00-f2af58a82c88","ts":"2026-01-23T06:41:37.623-05:00","source":{"id":"0","name":"eventBus"}}
{"__type":"$$EventMessageWorkflow","id":"55f51087-fb00-473a-9561-bc4fc44b010a","ts":"2026-01-23T06:43:46.788-05:00","eventName":"n8n.workflow.started","message":"n8n.workflow.started","payload":{"executionId":"14","workflowId":"4zmnhckcZAxDHXeJNInzr","isManual":false,"workflowName":"My workflow 2"}}
{"__type":"$$EventMessageConfirm","confirm":"55f51087-fb00-473a-9561-bc4fc44b010a","ts":"2026-01-23T06:43:46.788-05:00","source":{"id":"0","name":"eventBus"}}
{"__type":"$$EventMessageNode","id":"78dc13f7-2203-4163-b6f4-06f227a96701","ts":"2026-01-23T06:43:46.789-05:00","eventName":"n8n.node.started","message":"n8n.node.started","payload":{"workflowId":"4zmnhckcZAxDHXeJNInzr","workflowName":"My workflow 2","executionId":"14","nodeType":"n8n-nodes-base.gmail","nodeName":"Send a message","nodeId":"40e27162-3d1c-4eec-9345-8f02967b9398"}}
{"__type":"$$EventMessageConfirm","confirm":"78dc13f7-2203-4163-b6f4-06f227a96701","ts":"2026-01-23T06:43:46.789-05:00","source":{"id":"0","name":"eventBus"}}
{"__type":"$$EventMessageNode","id":"70dac9ad-77d6-447f-8f5d-601eef41c7fc","ts":"2026-01-23T06:43:47.668-05:00","eventName":"n8n.node.finished","message":"n8n.node.finished","payload":{"workflowId":"4zmnhckcZAxDHXeJNInzr","workflowName":"My workflow 2","executionId":"14","nodeType":"n8n-nodes-base.gmail","nodeName":"Send a message","nodeId":"40e27162-3d1c-4eec-9345-8f02967b9398"}}
{"__type":"$$EventMessageConfirm","confirm":"70dac9ad-77d6-447f-8f5d-601eef41c7fc","ts":"2026-01-23T06:43:47.668-05:00","source":{"id":"0","name":"eventBus"}}
{"__type":"$$EventMessageWorkflow","id":"c7a18865-0438-42b1-be73-f3c17c5d7e17","ts":"2026-01-23T06:43:47.674-05:00","eventName":"n8n.workflow.success","message":"n8n.workflow.success","payload":{"userId":"c35fb34b-a2a8-4a9d-b01e-85bc0b8b53c6","executionId":"14","success":true,"isManual":true,"workflowId":"4zmnhckcZAxDHXeJNInzr","workflowName":"My workflow 2"}}
{"__type":"$$EventMessageConfirm","confirm":"c7a18865-0438-42b1-be73-f3c17c5d7e17","ts":"2026-01-23T06:43:47.675-05:00","source":{"id":"0","name":"eventBus"}}
{"__type":"$$EventMessageWorkflow","id":"a050488e-62f8-4328-8b5c-826f89f2ecb7","ts":"2026-01-23T06:45:12.685-05:00","eventName":"n8n.workflow.started","message":"n8n.workflow.started","payload":{"executionId":"15","workflowId":"4zmnhckcZAxDHXeJNInzr","isManual":false,"workflowName":"My workflow 2"}}
{"__type":"$$EventMessageConfirm","confirm":"a050488e-62f8-4328-8b5c-826f89f2ecb7","ts":"2026-01-23T06:45:12.687-05:00","source":{"id":"0","name":"eventBus"}}
{"__type":"$$EventMessageNode","id":"b16d13ee-2239-45b6-913f-1d78c6658b01","ts":"2026-01-23T06:45:12.692-05:00","eventName":"n8n.node.started","message":"n8n.node.started","payload":{"workflowId":"4zmnhckcZAxDHXeJNInzr","workflowName":"My workflow 2","executionId":"15","nodeType":"n8n-nodes-base.manualTrigger","nodeName":"When clicking ‘Execute workflow’","nodeId":"5ca76d7a-9810-4c26-8648-fe6dbe7a109b"}}
{"__type":"$$EventMessageConfirm","confirm":"b16d13ee-2239-45b6-913f-1d78c6658b01","ts":"2026-01-23T06:45:12.692-05:00","source":{"id":"0","name":"eventBus"}}
{"__type":"$$EventMessageNode","id":"f40a8de0-755b-4db6-9fdf-27b7d240aa15","ts":"2026-01-23T06:45:12.705-05:00","eventName":"n8n.node.finished","message":"n8n.node.finished","payload":{"workflowId":"4zmnhckcZAxDHXeJNInzr","workflowName":"My workflow 2","executionId":"15","nodeType":"n8n-nodes-base.manualTrigger","nodeName":"When clicking ‘Execute workflow’","nodeId":"5ca76d7a-9810-4c26-8648-fe6dbe7a109b"}}
{"__type":"$$EventMessageConfirm","confirm":"f40a8de0-755b-4db6-9fdf-27b7d240aa15","ts":"2026-01-23T06:45:12.706-05:00","source":{"id":"0","name":"eventBus"}}
{"__type":"$$EventMessageNode","id":"34e1f05c-6569-43b7-84d3-0c4a9583a01f","ts":"2026-01-23T06:45:12.707-05:00","eventName":"n8n.node.started","message":"n8n.node.started","payload":{"workflowId":"4zmnhckcZAxDHXeJNInzr","workflowName":"My workflow 2","executionId":"15","nodeType":"n8n-nodes-base.httpRequest","nodeName":"HTTP Request","nodeId":"6ac3cb4e-df00-41cb-a068-399f0bae1456"}}
{"__type":"$$EventMessageConfirm","confirm":"34e1f05c-6569-43b7-84d3-0c4a9583a01f","ts":"2026-01-23T06:45:12.707-05:00","source":{"id":"0","name":"eventBus"}}
{"__type":"$$EventMessageNode","id":"c33743cd-9701-4db4-9885-9001c59dff06","ts":"2026-01-23T06:45:12.962-05:00","eventName":"n8n.node.finished","message":"n8n.node.finished","payload":{"workflowId":"4zmnhckcZAxDHXeJNInzr","workflowName":"My workflow 2","executionId":"15","nodeType":"n8n-nodes-base.httpRequest","nodeName":"HTTP Request","nodeId":"6ac3cb4e-df00-41cb-a068-399f0bae1456"}}
{"__type":"$$EventMessageConfirm","confirm":"c33743cd-9701-4db4-9885-9001c59dff06","ts":"2026-01-23T06:45:12.963-05:00","source":{"id":"0","name":"eventBus"}}
{"__type":"$$EventMessageNode","id":"02bac830-8a68-43ca-afe2-923f233d76de","ts":"2026-01-23T06:45:12.965-05:00","eventName":"n8n.node.started","message":"n8n.node.started","payload":{"workflowId":"4zmnhckcZAxDHXeJNInzr","workflowName":"My workflow 2","executionId":"15","nodeType":"n8n-nodes-base.set","nodeName":"Edit Fields","nodeId":"745a8552-ed90-4c29-8bc4-ae84795026b6"}}
{"__type":"$$EventMessageConfirm","confirm":"02bac830-8a68-43ca-afe2-923f233d76de","ts":"2026-01-23T06:45:12.965-05:00","source":{"id":"0","name":"eventBus"}}
{"__type":"$$EventMessageNode","id":"330e74df-3157-4bfe-8756-d24130c55f8b","ts":"2026-01-23T06:45:12.979-05:00","eventName":"n8n.node.finished","message":"n8n.node.finished","payload":{"workflowId":"4zmnhckcZAxDHXeJNInzr","workflowName":"My workflow 2","executionId":"15","nodeType":"n8n-nodes-base.set","nodeName":"Edit Fields","nodeId":"745a8552-ed90-4c29-8bc4-ae84795026b6"}}
{"__type":"$$EventMessageConfirm","confirm":"330e74df-3157-4bfe-8756-d24130c55f8b","ts":"2026-01-23T06:45:12.979-05:00","source":{"id":"0","name":"eventBus"}}
{"__type":"$$EventMessageNode","id":"e1063229-6d25-4353-adda-19559abcc494","ts":"2026-01-23T06:45:12.980-05:00","eventName":"n8n.node.started","message":"n8n.node.started","payload":{"workflowId":"4zmnhckcZAxDHXeJNInzr","workflowName":"My workflow 2","executionId":"15","nodeType":"n8n-nodes-base.gmail","nodeName":"Send a message","nodeId":"40e27162-3d1c-4eec-9345-8f02967b9398"}}
{"__type":"$$EventMessageConfirm","confirm":"e1063229-6d25-4353-adda-19559abcc494","ts":"2026-01-23T06:45:12.980-05:00","source":{"id":"0","name":"eventBus"}}
{"__type":"$$EventMessageNode","id":"6ca5cde5-6e69-417d-b007-a4da4dc621ff","ts":"2026-01-23T06:45:13.573-05:00","eventName":"n8n.node.finished","message":"n8n.node.finished","payload":{"workflowId":"4zmnhckcZAxDHXeJNInzr","workflowName":"My workflow 2","executionId":"15","nodeType":"n8n-nodes-base.gmail","nodeName":"Send a message","nodeId":"40e27162-3d1c-4eec-9345-8f02967b9398"}}
{"__type":"$$EventMessageConfirm","confirm":"6ca5cde5-6e69-417d-b007-a4da4dc621ff","ts":"2026-01-23T06:45:13.573-05:00","source":{"id":"0","name":"eventBus"}}
{"__type":"$$EventMessageWorkflow","id":"43be9e05-1e4a-4437-8548-163d4e9530f2","ts":"2026-01-23T06:45:13.582-05:00","eventName":"n8n.workflow.success","message":"n8n.workflow.success","payload":{"userId":"c35fb34b-a2a8-4a9d-b01e-85bc0b8b53c6","executionId":"15","success":true,"isManual":true,"workflowId":"4zmnhckcZAxDHXeJNInzr","workflowName":"My workflow 2"}}
{"__type":"$$EventMessageConfirm","confirm":"43be9e05-1e4a-4437-8548-163d4e9530f2","ts":"2026-01-23T06:45:13.582-05:00","source":{"id":"0","name":"eventBus"}}
{"__type":"$$EventMessageAudit","id":"8e3b1cdd-f267-40fb-9984-dea4b0e265e0","ts":"2026-01-23T06:47:29.354-05:00","eventName":"n8n.audit.workflow.updated","message":"n8n.audit.workflow.updated","payload":{"userId":"c35fb34b-a2a8-4a9d-b01e-85bc0b8b53c6","_email":"danchenko57@gmail.com","_firstName":"Danchenko","_lastName":"Vyacheslav","globalRole":"global:owner","workflowId":"4zmnhckcZAxDHXeJNInzr","workflowName":"My workflow 2"}}
{"__type":"$$EventMessageConfirm","confirm":"8e3b1cdd-f267-40fb-9984-dea4b0e265e0","ts":"2026-01-23T06:47:29.355-05:00","source":{"id":"0","name":"eventBus"}}
{"__type":"$$EventMessageWorkflow","id":"1c79683e-c86f-48c5-8e9f-711951341782","ts":"2026-01-23T07:47:59.180-05:00","eventName":"n8n.workflow.started","message":"n8n.workflow.started","payload":{"executionId":"16","workflowId":"4zmnhckcZAxDHXeJNInzr","isManual":false,"workflowName":"My workflow 2"}}
{"__type":"$$EventMessageConfirm","confirm":"1c79683e-c86f-48c5-8e9f-711951341782","ts":"2026-01-23T07:47:59.188-05:00","source":{"id":"0","name":"eventBus"}}
{"__type":"$$EventMessageNode","id":"5dbc9e8c-39b0-49dd-b644-13cabb42947a","ts":"2026-01-23T07:47:59.199-05:00","eventName":"n8n.node.started","message":"n8n.node.started","payload":{"workflowId":"4zmnhckcZAxDHXeJNInzr","workflowName":"My workflow 2","executionId":"16","nodeType":"n8n-nodes-base.httpRequest","nodeName":"HTTP Request","nodeId":"6ac3cb4e-df00-41cb-a068-399f0bae1456"}}
{"__type":"$$EventMessageConfirm","confirm":"5dbc9e8c-39b0-49dd-b644-13cabb42947a","ts":"2026-01-23T07:47:59.200-05:00","source":{"id":"0","name":"eventBus"}}
{"__type":"$$EventMessageNode","id":"115fe28c-1570-4aa1-a7e3-fb06b9a1dc68","ts":"2026-01-23T07:47:59.540-05:00","eventName":"n8n.node.finished","message":"n8n.node.finished","payload":{"workflowId":"4zmnhckcZAxDHXeJNInzr","workflowName":"My workflow 2","executionId":"16","nodeType":"n8n-nodes-base.httpRequest","nodeName":"HTTP Request","nodeId":"6ac3cb4e-df00-41cb-a068-399f0bae1456"}}
{"__type":"$$EventMessageConfirm","confirm":"115fe28c-1570-4aa1-a7e3-fb06b9a1dc68","ts":"2026-01-23T07:47:59.540-05:00","source":{"id":"0","name":"eventBus"}}
{"__type":"$$EventMessageWorkflow","id":"dda5d900-5621-45df-bfc9-3af642583844","ts":"2026-01-23T07:47:59.569-05:00","eventName":"n8n.workflow.success","message":"n8n.workflow.success","payload":{"userId":"c35fb34b-a2a8-4a9d-b01e-85bc0b8b53c6","executionId":"16","success":true,"isManual":true,"workflowId":"4zmnhckcZAxDHXeJNInzr","workflowName":"My workflow 2"}}
{"__type":"$$EventMessageConfirm","confirm":"dda5d900-5621-45df-bfc9-3af642583844","ts":"2026-01-23T07:47:59.569-05:00","source":{"id":"0","name":"eventBus"}}
{"__type":"$$EventMessageWorkflow","id":"586b6c4c-5380-4fa8-89a2-4a1a9f556fd1","ts":"2026-01-23T07:51:24.110-05:00","eventName":"n8n.workflow.started","message":"n8n.workflow.started","payload":{"executionId":"17","workflowId":"4zmnhckcZAxDHXeJNInzr","isManual":false,"workflowName":"My workflow 2"}}
{"__type":"$$EventMessageConfirm","confirm":"586b6c4c-5380-4fa8-89a2-4a1a9f556fd1","ts":"2026-01-23T07:51:24.112-05:00","source":{"id":"0","name":"eventBus"}}
{"__type":"$$EventMessageNode","id":"4dd175e2-4869-4c63-bd21-7d3b27f39644","ts":"2026-01-23T07:51:24.116-05:00","eventName":"n8n.node.started","message":"n8n.node.started","payload":{"workflowId":"4zmnhckcZAxDHXeJNInzr","workflowName":"My workflow 2","executionId":"17","nodeType":"n8n-nodes-base.if","nodeName":"If","nodeId":"1e166e1c-e29c-46cd-9118-a14a70903b79"}}
{"__type":"$$EventMessageConfirm","confirm":"4dd175e2-4869-4c63-bd21-7d3b27f39644","ts":"2026-01-23T07:51:24.117-05:00","source":{"id":"0","name":"eventBus"}}
{"__type":"$$EventMessageNode","id":"03d23bf7-e095-482c-bb4e-a439641007f9","ts":"2026-01-23T07:51:24.629-05:00","eventName":"n8n.node.finished","message":"n8n.node.finished","payload":{"workflowId":"4zmnhckcZAxDHXeJNInzr","workflowName":"My workflow 2","executionId":"17","nodeType":"n8n-nodes-base.if","nodeName":"If","nodeId":"1e166e1c-e29c-46cd-9118-a14a70903b79"}}
{"__type":"$$EventMessageConfirm","confirm":"03d23bf7-e095-482c-bb4e-a439641007f9","ts":"2026-01-23T07:51:24.629-05:00","source":{"id":"0","name":"eventBus"}}
{"__type":"$$EventMessageWorkflow","id":"c68c05e5-4ee8-4c69-83d2-a735bf9b1461","ts":"2026-01-23T07:51:24.684-05:00","eventName":"n8n.workflow.success","message":"n8n.workflow.success","payload":{"userId":"c35fb34b-a2a8-4a9d-b01e-85bc0b8b53c6","executionId":"17","success":true,"isManual":true,"workflowId":"4zmnhckcZAxDHXeJNInzr","workflowName":"My workflow 2"}}
{"__type":"$$EventMessageConfirm","confirm":"c68c05e5-4ee8-4c69-83d2-a735bf9b1461","ts":"2026-01-23T07:51:24.684-05:00","source":{"id":"0","name":"eventBus"}}
{"__type":"$$EventMessageWorkflow","id":"5a4dcb8d-d1ae-41a0-99ee-428ba72f877a","ts":"2026-01-23T07:51:58.467-05:00","eventName":"n8n.workflow.started","message":"n8n.workflow.started","payload":{"executionId":"18","workflowId":"4zmnhckcZAxDHXeJNInzr","isManual":false,"workflowName":"My workflow 2"}}
{"__type":"$$EventMessageConfirm","confirm":"5a4dcb8d-d1ae-41a0-99ee-428ba72f877a","ts":"2026-01-23T07:51:58.468-05:00","source":{"id":"0","name":"eventBus"}}
{"__type":"$$EventMessageNode","id":"8f7c0e13-6c04-48c3-a9a8-4aae5abfe209","ts":"2026-01-23T07:51:58.469-05:00","eventName":"n8n.node.started","message":"n8n.node.started","payload":{"workflowId":"4zmnhckcZAxDHXeJNInzr","workflowName":"My workflow 2","executionId":"18","nodeType":"n8n-nodes-base.manualTrigger","nodeName":"When clicking ‘Execute workflow’","nodeId":"5ca76d7a-9810-4c26-8648-fe6dbe7a109b"}}
{"__type":"$$EventMessageConfirm","confirm":"8f7c0e13-6c04-48c3-a9a8-4aae5abfe209","ts":"2026-01-23T07:51:58.469-05:00","source":{"id":"0","name":"eventBus"}}
{"__type":"$$EventMessageNode","id":"db14d5a4-3ec9-40b6-9cb4-c4583a9b44e2","ts":"2026-01-23T07:51:58.470-05:00","eventName":"n8n.node.finished","message":"n8n.node.finished","payload":{"workflowId":"4zmnhckcZAxDHXeJNInzr","workflowName":"My workflow 2","executionId":"18","nodeType":"n8n-nodes-base.manualTrigger","nodeName":"When clicking ‘Execute workflow’","nodeId":"5ca76d7a-9810-4c26-8648-fe6dbe7a109b"}}
{"__type":"$$EventMessageConfirm","confirm":"db14d5a4-3ec9-40b6-9cb4-c4583a9b44e2","ts":"2026-01-23T07:51:58.471-05:00","source":{"id":"0","name":"eventBus"}}
{"__type":"$$EventMessageNode","id":"24a2e1a8-251f-41ae-bb34-aac1983f384b","ts":"2026-01-23T07:51:58.472-05:00","eventName":"n8n.node.started","message":"n8n.node.started","payload":{"workflowId":"4zmnhckcZAxDHXeJNInzr","workflowName":"My workflow 2","executionId":"18","nodeType":"n8n-nodes-base.httpRequest","nodeName":"HTTP Request","nodeId":"6ac3cb4e-df00-41cb-a068-399f0bae1456"}}
{"__type":"$$EventMessageConfirm","confirm":"24a2e1a8-251f-41ae-bb34-aac1983f384b","ts":"2026-01-23T07:51:58.473-05:00","source":{"id":"0","name":"eventBus"}}
{"__type":"$$EventMessageNode","id":"f616815b-7df6-4209-b0bb-a819587de45e","ts":"2026-01-23T07:51:58.751-05:00","eventName":"n8n.node.finished","message":"n8n.node.finished","payload":{"workflowId":"4zmnhckcZAxDHXeJNInzr","workflowName":"My workflow 2","executionId":"18","nodeType":"n8n-nodes-base.httpRequest","nodeName":"HTTP Request","nodeId":"6ac3cb4e-df00-41cb-a068-399f0bae1456"}}
{"__type":"$$EventMessageConfirm","confirm":"f616815b-7df6-4209-b0bb-a819587de45e","ts":"2026-01-23T07:51:58.752-05:00","source":{"id":"0","name":"eventBus"}}
{"__type":"$$EventMessageNode","id":"e331a82f-4f8e-4358-a40b-f821e45616a6","ts":"2026-01-23T07:51:58.752-05:00","eventName":"n8n.node.started","message":"n8n.node.started","payload":{"workflowId":"4zmnhckcZAxDHXeJNInzr","workflowName":"My workflow 2","executionId":"18","nodeType":"n8n-nodes-base.if","nodeName":"If","nodeId":"1e166e1c-e29c-46cd-9118-a14a70903b79"}}
{"__type":"$$EventMessageConfirm","confirm":"e331a82f-4f8e-4358-a40b-f821e45616a6","ts":"2026-01-23T07:51:58.752-05:00","source":{"id":"0","name":"eventBus"}}
{"__type":"$$EventMessageNode","id":"4937ed38-f5d2-433e-b1f5-bda7dd7ebc59","ts":"2026-01-23T07:51:58.753-05:00","eventName":"n8n.node.finished","message":"n8n.node.finished","payload":{"workflowId":"4zmnhckcZAxDHXeJNInzr","workflowName":"My workflow 2","executionId":"18","nodeType":"n8n-nodes-base.if","nodeName":"If","nodeId":"1e166e1c-e29c-46cd-9118-a14a70903b79"}}
{"__type":"$$EventMessageConfirm","confirm":"4937ed38-f5d2-433e-b1f5-bda7dd7ebc59","ts":"2026-01-23T07:51:58.753-05:00","source":{"id":"0","name":"eventBus"}}
{"__type":"$$EventMessageNode","id":"bab5d899-a5b9-4086-ad1a-e058cf224de9","ts":"2026-01-23T07:51:58.756-05:00","eventName":"n8n.node.started","message":"n8n.node.started","payload":{"workflowId":"4zmnhckcZAxDHXeJNInzr","workflowName":"My workflow 2","executionId":"18","nodeType":"n8n-nodes-base.set","nodeName":"Edit Fields","nodeId":"745a8552-ed90-4c29-8bc4-ae84795026b6"}}
{"__type":"$$EventMessageConfirm","confirm":"bab5d899-a5b9-4086-ad1a-e058cf224de9","ts":"2026-01-23T07:51:58.756-05:00","source":{"id":"0","name":"eventBus"}}
{"__type":"$$EventMessageNode","id":"90c53035-5c02-4676-b955-7b8b5cce73da","ts":"2026-01-23T07:51:58.758-05:00","eventName":"n8n.node.finished","message":"n8n.node.finished","payload":{"workflowId":"4zmnhckcZAxDHXeJNInzr","workflowName":"My workflow 2","executionId":"18","nodeType":"n8n-nodes-base.set","nodeName":"Edit Fields","nodeId":"745a8552-ed90-4c29-8bc4-ae84795026b6"}}
{"__type":"$$EventMessageConfirm","confirm":"90c53035-5c02-4676-b955-7b8b5cce73da","ts":"2026-01-23T07:51:58.758-05:00","source":{"id":"0","name":"eventBus"}}
{"__type":"$$EventMessageNode","id":"866432ed-539f-41c3-99a1-69d1cbef9409","ts":"2026-01-23T07:51:58.758-05:00","eventName":"n8n.node.started","message":"n8n.node.started","payload":{"workflowId":"4zmnhckcZAxDHXeJNInzr","workflowName":"My workflow 2","executionId":"18","nodeType":"n8n-nodes-base.gmail","nodeName":"Send a message","nodeId":"40e27162-3d1c-4eec-9345-8f02967b9398"}}
{"__type":"$$EventMessageConfirm","confirm":"866432ed-539f-41c3-99a1-69d1cbef9409","ts":"2026-01-23T07:51:58.758-05:00","source":{"id":"0","name":"eventBus"}}
{"__type":"$$EventMessageNode","id":"e409ecf9-38c9-4500-afa5-5bedfdc92c57","ts":"2026-01-23T07:51:59.813-05:00","eventName":"n8n.node.finished","message":"n8n.node.finished","payload":{"workflowId":"4zmnhckcZAxDHXeJNInzr","workflowName":"My workflow 2","executionId":"18","nodeType":"n8n-nodes-base.gmail","nodeName":"Send a message","nodeId":"40e27162-3d1c-4eec-9345-8f02967b9398"}}
{"__type":"$$EventMessageConfirm","confirm":"e409ecf9-38c9-4500-afa5-5bedfdc92c57","ts":"2026-01-23T07:51:59.813-05:00","source":{"id":"0","name":"eventBus"}}
{"__type":"$$EventMessageWorkflow","id":"34c36183-4c32-4485-b515-604bdf1454e1","ts":"2026-01-23T07:51:59.816-05:00","eventName":"n8n.workflow.success","message":"n8n.workflow.success","payload":{"userId":"c35fb34b-a2a8-4a9d-b01e-85bc0b8b53c6","executionId":"18","success":true,"isManual":true,"workflowId":"4zmnhckcZAxDHXeJNInzr","workflowName":"My workflow 2"}}
{"__type":"$$EventMessageConfirm","confirm":"34c36183-4c32-4485-b515-604bdf1454e1","ts":"2026-01-23T07:51:59.816-05:00","source":{"id":"0","name":"eventBus"}}
{"__type":"$$EventMessageAudit","id":"eb313a00-50d9-4fb4-874a-a4855b72e501","ts":"2026-01-23T08:01:57.040-05:00","eventName":"n8n.audit.workflow.updated","message":"n8n.audit.workflow.updated","payload":{"userId":"c35fb34b-a2a8-4a9d-b01e-85bc0b8b53c6","_email":"danchenko57@gmail.com","_firstName":"Danchenko","_lastName":"Vyacheslav","globalRole":"global:owner","workflowId":"4zmnhckcZAxDHXeJNInzr","workflowName":"My workflow 2"}}
{"__type":"$$EventMessageConfirm","confirm":"eb313a00-50d9-4fb4-874a-a4855b72e501","ts":"2026-01-23T08:01:57.048-05:00","source":{"id":"0","name":"eventBus"}}
